#
# There is insufficient memory for the Java Runtime Environment to continue.
# Native memory allocation (malloc) failed to allocate 32744 bytes. Error detail: Chunk::new
# Possible reasons:
#   The system is out of physical RAM or swap space
#   This process is running with CompressedOops enabled, and the Java Heap may be blocking the growth of the native heap
# Possible solutions:
#   Reduce memory load on the system
#   Increase physical memory or swap space
#   Check if swap backing store is full
#   Decrease Java heap size (-Xmx/-Xms)
#   Decrease number of Java threads
#   Decrease Java thread stack sizes (-Xss)
#   Set larger code cache with -XX:ReservedCodeCacheSize=
#   JVM is running with Unscaled Compressed Oops mode in which the Java heap is
#     placed in the first 4GB address space. The Java Heap base address is the
#     maximum limit for the native heap growth. Please use -XX:HeapBaseMinAddress
#     to set the Java Heap base and to place the Java Heap above 4GB virtual address.
# This output file may be truncated or incomplete.
#
#  Out of Memory Error (arena.cpp:149), pid=16232, tid=23308
#
# JRE version: Java(TM) SE Runtime Environment (23.0.1+11) (build 23.0.1+11-39)
# Java VM: Java HotSpot(TM) 64-Bit Server VM (23.0.1+11-39, mixed mode, sharing, tiered, compressed oops, compressed class ptrs, g1 gc, windows-amd64)
# No core dump will be written. Minidumps are not enabled by default on client versions of Windows
#

---------------  S U M M A R Y ------------

Command Line: -Dfile.encoding=UTF-8 --module-path=D:\Bank Management System\build\classes bank.management.system.Login

Host: 11th Gen Intel(R) Core(TM) i5-1135G7 @ 2.40GHz, 8 cores, 7G,  Windows 11 , 64 bit Build 26100 (10.0.26100.2454)
Time: Sun Jan 12 16:00:17 2025 India Standard Time elapsed time: 11714.370651 seconds (0d 3h 15m 14s)

---------------  T H R E A D  ---------------

Current thread (0x000002bc6778ae80):  JavaThread "C2 CompilerThread0" daemon [_thread_in_native, id=23308, stack(0x000000e0ff500000,0x000000e0ff600000) (1024K)]


Current CompileTask:
C2:11714371 3844       4       java.util.concurrent.locks.AbstractQueuedSynchronizer$ConditionObject::enableWait (84 bytes)

Stack: [0x000000e0ff500000,0x000000e0ff600000]
Native frames: (J=compiled Java code, j=interpreted, Vv=VM code, C=native code)
V  [jvm.dll+0x6e08b9]  (no source info available)
V  [jvm.dll+0x87dc83]  (no source info available)
V  [jvm.dll+0x88010e]  (no source info available)
V  [jvm.dll+0x8807e3]  (no source info available)
V  [jvm.dll+0x27aee6]  (no source info available)
V  [jvm.dll+0xbc06f]  (no source info available)
V  [jvm.dll+0xbc2cb]  (no source info available)
V  [jvm.dll+0x70b42a]  (no source info available)
V  [jvm.dll+0x1dc46b]  (no source info available)
V  [jvm.dll+0x244be5]  (no source info available)
V  [jvm.dll+0x243dff]  (no source info available)
V  [jvm.dll+0x1c33a0]  (no source info available)
V  [jvm.dll+0x253cf1]  (no source info available)
V  [jvm.dll+0x251faa]  (no source info available)
V  [jvm.dll+0x3ee036]  (no source info available)
V  [jvm.dll+0x824f8b]  (no source info available)
V  [jvm.dll+0x6df065]  (no source info available)
C  [ucrtbase.dll+0x14ea0]  (no source info available)
C  [KERNEL32.DLL+0x2e8d7]  (no source info available)
C  [ntdll.dll+0xdfbcc]  (no source info available)

Lock stack of current Java thread (top to bottom):


---------------  P R O C E S S  ---------------

Threads class SMR info:
_java_thread_list=0x000002bc46c7bb40, length=17, elements={
0x000002bc67761380, 0x000002bc67761fd0, 0x000002bc6776d2c0, 0x000002bc6776f090,
0x000002bc6777a6f0, 0x000002bc6777baa0, 0x000002bc6778ae80, 0x000002bc6778c4a0,
0x000002bc6777a060, 0x000002bc6777c7c0, 0x000002bc6777c130, 0x000002bc6777ce50,
0x000002bc6777d4e0, 0x000002bc6777b410, 0x000002bc469ae450, 0x000002bc469af800,
0x000002bc469ad0a0
}

Java Threads: ( => current thread )
  0x000002bc67761380 JavaThread "Reference Handler"          daemon [_thread_blocked, id=35732, stack(0x000000e0fef00000,0x000000e0ff000000) (1024K)]
  0x000002bc67761fd0 JavaThread "Finalizer"                  daemon [_thread_blocked, id=24116, stack(0x000000e0ff000000,0x000000e0ff100000) (1024K)]
  0x000002bc6776d2c0 JavaThread "Signal Dispatcher"          daemon [_thread_blocked, id=8028, stack(0x000000e0ff100000,0x000000e0ff200000) (1024K)]
  0x000002bc6776f090 JavaThread "Attach Listener"            daemon [_thread_blocked, id=4900, stack(0x000000e0ff200000,0x000000e0ff300000) (1024K)]
  0x000002bc6777a6f0 JavaThread "Service Thread"             daemon [_thread_blocked, id=34220, stack(0x000000e0ff300000,0x000000e0ff400000) (1024K)]
  0x000002bc6777baa0 JavaThread "Monitor Deflation Thread"   daemon [_thread_blocked, id=32884, stack(0x000000e0ff400000,0x000000e0ff500000) (1024K)]
=>0x000002bc6778ae80 JavaThread "C2 CompilerThread0"         daemon [_thread_in_native, id=23308, stack(0x000000e0ff500000,0x000000e0ff600000) (1024K)]
  0x000002bc6778c4a0 JavaThread "C1 CompilerThread0"         daemon [_thread_blocked, id=34656, stack(0x000000e0ff600000,0x000000e0ff700000) (1024K)]
  0x000002bc6777a060 JavaThread "Common-Cleaner"             daemon [_thread_blocked, id=33876, stack(0x000000e0ff700000,0x000000e0ff800000) (1024K)]
  0x000002bc6777c7c0 JavaThread "Notification Thread"        daemon [_thread_blocked, id=32164, stack(0x000000e0ff800000,0x000000e0ff900000) (1024K)]
  0x000002bc6777c130 JavaThread "Java2D Disposer"            daemon [_thread_blocked, id=30056, stack(0x000000e0ff900000,0x000000e0ffa00000) (1024K)]
  0x000002bc6777ce50 JavaThread "AWT-Shutdown"                      [_thread_blocked, id=26044, stack(0x000000e0ffa00000,0x000000e0ffb00000) (1024K)]
  0x000002bc6777d4e0 JavaThread "AWT-Windows"                daemon [_thread_in_native, id=22356, stack(0x000000e0ffb00000,0x000000e0ffc00000) (1024K)]
  0x000002bc6777b410 JavaThread "AWT-EventQueue-0"                  [_thread_blocked, id=4496, stack(0x000000e0ffd00000,0x000000e0ffe00000) (1024K)]
  0x000002bc469ae450 JavaThread "DestroyJavaVM"                     [_thread_blocked, id=32540, stack(0x000000e0fe700000,0x000000e0fe800000) (1024K)]
  0x000002bc469af800 JavaThread "TimerQueue"                 daemon [_thread_blocked, id=30704, stack(0x000000e080100000,0x000000e080200000) (1024K)]
  0x000002bc469ad0a0 JavaThread "mysql-cj-abandoned-connection-cleanup" daemon [_thread_blocked, id=31476, stack(0x000000e080900000,0x000000e080a00000) (1024K)]
Total: 17

Other Threads:
  0x000002bc67749190 VMThread "VM Thread"                           [id=32888, stack(0x000000e0fee00000,0x000000e0fef00000) (1024K)]
  0x000002bc67730d50 WatcherThread "VM Periodic Task Thread"        [id=20272, stack(0x000000e0fed00000,0x000000e0fee00000) (1024K)]
  0x000002bc4ac0a130 WorkerThread "GC Thread#0"                     [id=26664, stack(0x000000e0fe800000,0x000000e0fe900000) (1024K)]
  0x000002bc46961a50 WorkerThread "GC Thread#1"                     [id=2332, stack(0x000000e080200000,0x000000e080300000) (1024K)]
  0x000002bc450ac330 WorkerThread "GC Thread#2"                     [id=5300, stack(0x000000e080300000,0x000000e080400000) (1024K)]
  0x000002bc450ac6e0 WorkerThread "GC Thread#3"                     [id=20040, stack(0x000000e080400000,0x000000e080500000) (1024K)]
  0x000002bc450aca90 WorkerThread "GC Thread#4"                     [id=32692, stack(0x000000e080500000,0x000000e080600000) (1024K)]
  0x000002bc450ace40 WorkerThread "GC Thread#5"                     [id=4744, stack(0x000000e080600000,0x000000e080700000) (1024K)]
  0x000002bc6794af80 WorkerThread "GC Thread#6"                     [id=10288, stack(0x000000e080700000,0x000000e080800000) (1024K)]
  0x000002bc67a444b0 WorkerThread "GC Thread#7"                     [id=27192, stack(0x000000e080800000,0x000000e080900000) (1024K)]
  0x000002bc4ac1e910 ConcurrentGCThread "G1 Main Marker"            [id=18056, stack(0x000000e0fe900000,0x000000e0fea00000) (1024K)]
  0x000002bc4ac21400 WorkerThread "G1 Conc#0"                       [id=28520, stack(0x000000e0fea00000,0x000000e0feb00000) (1024K)]
  0x000002bc67603c30 ConcurrentGCThread "G1 Refine#0"               [id=12632, stack(0x000000e0feb00000,0x000000e0fec00000) (1024K)]
  0x000002bc676047b0 ConcurrentGCThread "G1 Service"                [id=21940, stack(0x000000e0fec00000,0x000000e0fed00000) (1024K)]
Total: 14

Threads with active compile tasks:
C2 CompilerThread0  11714563 3844       4       java.util.concurrent.locks.AbstractQueuedSynchronizer$ConditionObject::enableWait (84 bytes)
Total: 1

VM state: not at safepoint (normal execution)

VM Mutex/Monitor currently owned by a thread: None

Heap address: 0x0000000083600000, size: 1994 MB, Compressed Oops mode: 32-bit

CDS archive(s) mapped at: [0x000002bc00000000-0x000002bc00d70000-0x000002bc00d70000), size 14090240, SharedBaseAddress: 0x000002bc00000000, ArchiveRelocationMode: 1.
Compressed class space mapped at: 0x000002bc01000000-0x000002bc41000000, reserved size: 1073741824
Narrow klass base: 0x000002bc00000000, Narrow klass shift: 0, Narrow klass range: 0x41000000

GC Precious Log:
 CardTable entry size: 512
 Card Set container configuration: InlinePtr #cards 5 size 8 Array Of Cards #cards 10 size 36 Howl #buckets 4 coarsen threshold 1843 Howl Bitmap #cards 512 size 80 coarsen threshold 460 Card regions per heap region 1 cards per card region 2048
 CPUs: 8 total, 8 available
 Memory: 7971M
 Large Page Support: Disabled
 NUMA Support: Disabled
 Compressed Oops: Enabled (32-bit)
 Heap Region Size: 1M
 Heap Min Capacity: 8M
 Heap Initial Capacity: 126M
 Heap Max Capacity: 1994M
 Pre-touch: Disabled
 Parallel Workers: 8
 Concurrent Workers: 2
 Concurrent Refinement Workers: 8
 Periodic GC: Disabled

Heap:
 garbage-first heap   total reserved 2041856K, committed 129024K, used 33993K [0x0000000083600000, 0x0000000100000000)
  region size 1024K, 13 young (13312K), 3 survivors (3072K)
 Metaspace       used 21086K, committed 21312K, reserved 1114112K
  class space    used 2396K, committed 2496K, reserved 1048576K

Heap Regions: E=young(eden), S=young(survivor), O=old, HS=humongous(starts), HC=humongous(continues), CS=collection set, F=free, TAMS=top-at-mark-start, PB=parsable bottom
|   0|0x0000000083600000, 0x0000000083600000, 0x0000000083700000|  0%| F|  |TAMS 0x0000000083600000| PB 0x0000000083600000| Untracked |  0
|   1|0x0000000083700000, 0x0000000083700000, 0x0000000083800000|  0%| F|  |TAMS 0x0000000083700000| PB 0x0000000083700000| Untracked |  0
|   2|0x0000000083800000, 0x0000000083900000, 0x0000000083900000|100%|HS|  |TAMS 0x0000000083800000| PB 0x0000000083800000| Complete |  0
|   3|0x0000000083900000, 0x0000000083a00000, 0x0000000083a00000|100%|HC|  |TAMS 0x0000000083900000| PB 0x0000000083900000| Complete |  0
|   4|0x0000000083a00000, 0x0000000083b00000, 0x0000000083b00000|100%|HC|  |TAMS 0x0000000083a00000| PB 0x0000000083a00000| Complete |  0
|   5|0x0000000083b00000, 0x0000000083c00000, 0x0000000083c00000|100%|HC|  |TAMS 0x0000000083b00000| PB 0x0000000083b00000| Complete |  0
|   6|0x0000000083c00000, 0x0000000083d00000, 0x0000000083d00000|100%| O|  |TAMS 0x0000000083c00000| PB 0x0000000083c00000| Untracked |  0
|   7|0x0000000083d00000, 0x0000000083e00000, 0x0000000083e00000|100%| O|  |TAMS 0x0000000083d00000| PB 0x0000000083d00000| Untracked |  0
|   8|0x0000000083e00000, 0x0000000083f00000, 0x0000000083f00000|100%| O|  |TAMS 0x0000000083e00000| PB 0x0000000083e00000| Untracked |  0
|   9|0x0000000083f00000, 0x0000000084000000, 0x0000000084000000|100%|HS|  |TAMS 0x0000000083f00000| PB 0x0000000083f00000| Complete |  0
|  10|0x0000000084000000, 0x0000000084100000, 0x0000000084100000|100%|HC|  |TAMS 0x0000000084000000| PB 0x0000000084000000| Complete |  0
|  11|0x0000000084100000, 0x0000000084200000, 0x0000000084200000|100%|HC|  |TAMS 0x0000000084100000| PB 0x0000000084100000| Complete |  0
|  12|0x0000000084200000, 0x0000000084300000, 0x0000000084300000|100%|HC|  |TAMS 0x0000000084200000| PB 0x0000000084200000| Complete |  0
|  13|0x0000000084300000, 0x0000000084400000, 0x0000000084400000|100%|HS|  |TAMS 0x0000000084300000| PB 0x0000000084300000| Complete |  0
|  14|0x0000000084400000, 0x0000000084500000, 0x0000000084500000|100%|HC|  |TAMS 0x0000000084400000| PB 0x0000000084400000| Complete |  0
|  15|0x0000000084500000, 0x0000000084600000, 0x0000000084600000|100%|HC|  |TAMS 0x0000000084500000| PB 0x0000000084500000| Complete |  0
|  16|0x0000000084600000, 0x0000000084700000, 0x0000000084700000|100%|HC|  |TAMS 0x0000000084600000| PB 0x0000000084600000| Complete |  0
|  17|0x0000000084700000, 0x0000000084800000, 0x0000000084800000|100%| O|  |TAMS 0x0000000084700000| PB 0x0000000084700000| Untracked |  0
|  18|0x0000000084800000, 0x0000000084900000, 0x0000000084900000|100%| O|  |TAMS 0x0000000084800000| PB 0x0000000084800000| Untracked |  0
|  19|0x0000000084900000, 0x0000000084a00000, 0x0000000084a00000|100%| O|  |TAMS 0x0000000084900000| PB 0x0000000084900000| Untracked |  0
|  20|0x0000000084a00000, 0x0000000084a32508, 0x0000000084b00000| 19%| O|  |TAMS 0x0000000084a00000| PB 0x0000000084a00000| Untracked |  0
|  21|0x0000000084b00000, 0x0000000084c00000, 0x0000000084c00000|100%|HS|  |TAMS 0x0000000084b00000| PB 0x0000000084b00000| Complete |  0
|  22|0x0000000084c00000, 0x0000000084d00000, 0x0000000084d00000|100%|HC|  |TAMS 0x0000000084c00000| PB 0x0000000084c00000| Complete |  0
|  23|0x0000000084d00000, 0x0000000084e00000, 0x0000000084e00000|100%|HC|  |TAMS 0x0000000084d00000| PB 0x0000000084d00000| Complete |  0
|  24|0x0000000084e00000, 0x0000000084f00000, 0x0000000084f00000|100%|HC|  |TAMS 0x0000000084e00000| PB 0x0000000084e00000| Complete |  0
|  25|0x0000000084f00000, 0x0000000084f00000, 0x0000000085000000|  0%| F|  |TAMS 0x0000000084f00000| PB 0x0000000084f00000| Untracked |  0
|  26|0x0000000085000000, 0x0000000085000000, 0x0000000085100000|  0%| F|  |TAMS 0x0000000085000000| PB 0x0000000085000000| Untracked |  0
|  27|0x0000000085100000, 0x0000000085100000, 0x0000000085200000|  0%| F|  |TAMS 0x0000000085100000| PB 0x0000000085100000| Untracked |  0
|  28|0x0000000085200000, 0x0000000085200000, 0x0000000085300000|  0%| F|  |TAMS 0x0000000085200000| PB 0x0000000085200000| Untracked |  0
|  29|0x0000000085300000, 0x0000000085300000, 0x0000000085400000|  0%| F|  |TAMS 0x0000000085300000| PB 0x0000000085300000| Untracked |  0
|  30|0x0000000085400000, 0x0000000085400000, 0x0000000085500000|  0%| F|  |TAMS 0x0000000085400000| PB 0x0000000085400000| Untracked |  0
|  31|0x0000000085500000, 0x0000000085500000, 0x0000000085600000|  0%| F|  |TAMS 0x0000000085500000| PB 0x0000000085500000| Untracked |  0
|  32|0x0000000085600000, 0x0000000085600000, 0x0000000085700000|  0%| F|  |TAMS 0x0000000085600000| PB 0x0000000085600000| Untracked |  0
|  33|0x0000000085700000, 0x0000000085700000, 0x0000000085800000|  0%| F|  |TAMS 0x0000000085700000| PB 0x0000000085700000| Untracked |  0
|  34|0x0000000085800000, 0x0000000085800000, 0x0000000085900000|  0%| F|  |TAMS 0x0000000085800000| PB 0x0000000085800000| Untracked |  0
|  35|0x0000000085900000, 0x0000000085900000, 0x0000000085a00000|  0%| F|  |TAMS 0x0000000085900000| PB 0x0000000085900000| Untracked |  0
|  36|0x0000000085a00000, 0x0000000085a00000, 0x0000000085b00000|  0%| F|  |TAMS 0x0000000085a00000| PB 0x0000000085a00000| Untracked |  0
|  37|0x0000000085b00000, 0x0000000085b00000, 0x0000000085c00000|  0%| F|  |TAMS 0x0000000085b00000| PB 0x0000000085b00000| Untracked |  0
|  38|0x0000000085c00000, 0x0000000085c00000, 0x0000000085d00000|  0%| F|  |TAMS 0x0000000085c00000| PB 0x0000000085c00000| Untracked |  0
|  39|0x0000000085d00000, 0x0000000085d00000, 0x0000000085e00000|  0%| F|  |TAMS 0x0000000085d00000| PB 0x0000000085d00000| Untracked |  0
|  40|0x0000000085e00000, 0x0000000085e00000, 0x0000000085f00000|  0%| F|  |TAMS 0x0000000085e00000| PB 0x0000000085e00000| Untracked |  0
|  41|0x0000000085f00000, 0x0000000085f00000, 0x0000000086000000|  0%| F|  |TAMS 0x0000000085f00000| PB 0x0000000085f00000| Untracked |  0
|  42|0x0000000086000000, 0x0000000086000000, 0x0000000086100000|  0%| F|  |TAMS 0x0000000086000000| PB 0x0000000086000000| Untracked |  0
|  43|0x0000000086100000, 0x0000000086100000, 0x0000000086200000|  0%| F|  |TAMS 0x0000000086100000| PB 0x0000000086100000| Untracked |  0
|  44|0x0000000086200000, 0x0000000086200000, 0x0000000086300000|  0%| F|  |TAMS 0x0000000086200000| PB 0x0000000086200000| Untracked |  0
|  45|0x0000000086300000, 0x0000000086300000, 0x0000000086400000|  0%| F|  |TAMS 0x0000000086300000| PB 0x0000000086300000| Untracked |  0
|  46|0x0000000086400000, 0x0000000086400000, 0x0000000086500000|  0%| F|  |TAMS 0x0000000086400000| PB 0x0000000086400000| Untracked |  0
|  47|0x0000000086500000, 0x0000000086500000, 0x0000000086600000|  0%| F|  |TAMS 0x0000000086500000| PB 0x0000000086500000| Untracked |  0
|  48|0x0000000086600000, 0x0000000086600000, 0x0000000086700000|  0%| F|  |TAMS 0x0000000086600000| PB 0x0000000086600000| Untracked |  0
|  49|0x0000000086700000, 0x0000000086700000, 0x0000000086800000|  0%| F|  |TAMS 0x0000000086700000| PB 0x0000000086700000| Untracked |  0
|  50|0x0000000086800000, 0x0000000086800000, 0x0000000086900000|  0%| F|  |TAMS 0x0000000086800000| PB 0x0000000086800000| Untracked |  0
|  51|0x0000000086900000, 0x0000000086900000, 0x0000000086a00000|  0%| F|  |TAMS 0x0000000086900000| PB 0x0000000086900000| Untracked |  0
|  52|0x0000000086a00000, 0x0000000086a00000, 0x0000000086b00000|  0%| F|  |TAMS 0x0000000086a00000| PB 0x0000000086a00000| Untracked |  0
|  53|0x0000000086b00000, 0x0000000086b00000, 0x0000000086c00000|  0%| F|  |TAMS 0x0000000086b00000| PB 0x0000000086b00000| Untracked |  0
|  54|0x0000000086c00000, 0x0000000086c00000, 0x0000000086d00000|  0%| F|  |TAMS 0x0000000086c00000| PB 0x0000000086c00000| Untracked |  0
|  55|0x0000000086d00000, 0x0000000086d00000, 0x0000000086e00000|  0%| F|  |TAMS 0x0000000086d00000| PB 0x0000000086d00000| Untracked |  0
|  56|0x0000000086e00000, 0x0000000086e00000, 0x0000000086f00000|  0%| F|  |TAMS 0x0000000086e00000| PB 0x0000000086e00000| Untracked |  0
|  57|0x0000000086f00000, 0x0000000086f00000, 0x0000000087000000|  0%| F|  |TAMS 0x0000000086f00000| PB 0x0000000086f00000| Untracked |  0
|  58|0x0000000087000000, 0x0000000087000000, 0x0000000087100000|  0%| F|  |TAMS 0x0000000087000000| PB 0x0000000087000000| Untracked |  0
|  59|0x0000000087100000, 0x0000000087100000, 0x0000000087200000|  0%| F|  |TAMS 0x0000000087100000| PB 0x0000000087100000| Untracked |  0
|  60|0x0000000087200000, 0x0000000087200000, 0x0000000087300000|  0%| F|  |TAMS 0x0000000087200000| PB 0x0000000087200000| Untracked |  0
|  61|0x0000000087300000, 0x0000000087300000, 0x0000000087400000|  0%| F|  |TAMS 0x0000000087300000| PB 0x0000000087300000| Untracked |  0
|  62|0x0000000087400000, 0x0000000087400000, 0x0000000087500000|  0%| F|  |TAMS 0x0000000087400000| PB 0x0000000087400000| Untracked |  0
|  63|0x0000000087500000, 0x0000000087500000, 0x0000000087600000|  0%| F|  |TAMS 0x0000000087500000| PB 0x0000000087500000| Untracked |  0
|  64|0x0000000087600000, 0x0000000087600000, 0x0000000087700000|  0%| F|  |TAMS 0x0000000087600000| PB 0x0000000087600000| Untracked |  0
|  65|0x0000000087700000, 0x0000000087700000, 0x0000000087800000|  0%| F|  |TAMS 0x0000000087700000| PB 0x0000000087700000| Untracked |  0
|  66|0x0000000087800000, 0x0000000087800000, 0x0000000087900000|  0%| F|  |TAMS 0x0000000087800000| PB 0x0000000087800000| Untracked |  0
|  67|0x0000000087900000, 0x0000000087900000, 0x0000000087a00000|  0%| F|  |TAMS 0x0000000087900000| PB 0x0000000087900000| Untracked |  0
|  68|0x0000000087a00000, 0x0000000087a00000, 0x0000000087b00000|  0%| F|  |TAMS 0x0000000087a00000| PB 0x0000000087a00000| Untracked |  0
|  69|0x0000000087b00000, 0x0000000087b00000, 0x0000000087c00000|  0%| F|  |TAMS 0x0000000087b00000| PB 0x0000000087b00000| Untracked |  0
|  70|0x0000000087c00000, 0x0000000087c00000, 0x0000000087d00000|  0%| F|  |TAMS 0x0000000087c00000| PB 0x0000000087c00000| Untracked |  0
|  71|0x0000000087d00000, 0x0000000087d00000, 0x0000000087e00000|  0%| F|  |TAMS 0x0000000087d00000| PB 0x0000000087d00000| Untracked |  0
|  72|0x0000000087e00000, 0x0000000087e00000, 0x0000000087f00000|  0%| F|  |TAMS 0x0000000087e00000| PB 0x0000000087e00000| Untracked |  0
|  73|0x0000000087f00000, 0x0000000087f00000, 0x0000000088000000|  0%| F|  |TAMS 0x0000000087f00000| PB 0x0000000087f00000| Untracked |  0
|  74|0x0000000088000000, 0x0000000088000000, 0x0000000088100000|  0%| F|  |TAMS 0x0000000088000000| PB 0x0000000088000000| Untracked |  0
|  75|0x0000000088100000, 0x0000000088100000, 0x0000000088200000|  0%| F|  |TAMS 0x0000000088100000| PB 0x0000000088100000| Untracked |  0
|  76|0x0000000088200000, 0x0000000088200000, 0x0000000088300000|  0%| F|  |TAMS 0x0000000088200000| PB 0x0000000088200000| Untracked |  0
|  77|0x0000000088300000, 0x0000000088300000, 0x0000000088400000|  0%| F|  |TAMS 0x0000000088300000| PB 0x0000000088300000| Untracked |  0
|  78|0x0000000088400000, 0x0000000088400000, 0x0000000088500000|  0%| F|  |TAMS 0x0000000088400000| PB 0x0000000088400000| Untracked |  0
|  79|0x0000000088500000, 0x0000000088500000, 0x0000000088600000|  0%| F|  |TAMS 0x0000000088500000| PB 0x0000000088500000| Untracked |  0
|  80|0x0000000088600000, 0x0000000088600000, 0x0000000088700000|  0%| F|  |TAMS 0x0000000088600000| PB 0x0000000088600000| Untracked |  0
|  81|0x0000000088700000, 0x0000000088700000, 0x0000000088800000|  0%| F|  |TAMS 0x0000000088700000| PB 0x0000000088700000| Untracked |  0
|  82|0x0000000088800000, 0x0000000088800000, 0x0000000088900000|  0%| F|  |TAMS 0x0000000088800000| PB 0x0000000088800000| Untracked |  0
|  83|0x0000000088900000, 0x0000000088900000, 0x0000000088a00000|  0%| F|  |TAMS 0x0000000088900000| PB 0x0000000088900000| Untracked |  0
|  84|0x0000000088a00000, 0x0000000088a00000, 0x0000000088b00000|  0%| F|  |TAMS 0x0000000088a00000| PB 0x0000000088a00000| Untracked |  0
|  85|0x0000000088b00000, 0x0000000088b00000, 0x0000000088c00000|  0%| F|  |TAMS 0x0000000088b00000| PB 0x0000000088b00000| Untracked |  0
|  86|0x0000000088c00000, 0x0000000088c00000, 0x0000000088d00000|  0%| F|  |TAMS 0x0000000088c00000| PB 0x0000000088c00000| Untracked |  0
|  87|0x0000000088d00000, 0x0000000088d00000, 0x0000000088e00000|  0%| F|  |TAMS 0x0000000088d00000| PB 0x0000000088d00000| Untracked |  0
|  88|0x0000000088e00000, 0x0000000088e00000, 0x0000000088f00000|  0%| F|  |TAMS 0x0000000088e00000| PB 0x0000000088e00000| Untracked |  0
|  89|0x0000000088f00000, 0x0000000088f00000, 0x0000000089000000|  0%| F|  |TAMS 0x0000000088f00000| PB 0x0000000088f00000| Untracked |  0
|  90|0x0000000089000000, 0x0000000089000000, 0x0000000089100000|  0%| F|  |TAMS 0x0000000089000000| PB 0x0000000089000000| Untracked |  0
|  91|0x0000000089100000, 0x0000000089100000, 0x0000000089200000|  0%| F|  |TAMS 0x0000000089100000| PB 0x0000000089100000| Untracked |  0
|  92|0x0000000089200000, 0x0000000089200000, 0x0000000089300000|  0%| F|  |TAMS 0x0000000089200000| PB 0x0000000089200000| Untracked |  0
|  93|0x0000000089300000, 0x0000000089300000, 0x0000000089400000|  0%| F|  |TAMS 0x0000000089300000| PB 0x0000000089300000| Untracked |  0
|  94|0x0000000089400000, 0x0000000089400000, 0x0000000089500000|  0%| F|  |TAMS 0x0000000089400000| PB 0x0000000089400000| Untracked |  0
|  95|0x0000000089500000, 0x0000000089500000, 0x0000000089600000|  0%| F|  |TAMS 0x0000000089500000| PB 0x0000000089500000| Untracked |  0
|  96|0x0000000089600000, 0x0000000089600000, 0x0000000089700000|  0%| F|  |TAMS 0x0000000089600000| PB 0x0000000089600000| Untracked |  0
|  97|0x0000000089700000, 0x0000000089700000, 0x0000000089800000|  0%| F|  |TAMS 0x0000000089700000| PB 0x0000000089700000| Untracked |  0
|  98|0x0000000089800000, 0x0000000089900000, 0x0000000089900000|100%| S|CS|TAMS 0x0000000089800000| PB 0x0000000089800000| Complete |  0
|  99|0x0000000089900000, 0x0000000089900000, 0x0000000089a00000|  0%| F|  |TAMS 0x0000000089900000| PB 0x0000000089900000| Untracked |  0
| 100|0x0000000089a00000, 0x0000000089a00000, 0x0000000089b00000|  0%| F|  |TAMS 0x0000000089a00000| PB 0x0000000089a00000| Untracked |  0
| 101|0x0000000089b00000, 0x0000000089b00000, 0x0000000089c00000|  0%| F|  |TAMS 0x0000000089b00000| PB 0x0000000089b00000| Untracked |  0
| 102|0x0000000089c00000, 0x0000000089d00000, 0x0000000089d00000|100%| S|CS|TAMS 0x0000000089c00000| PB 0x0000000089c00000| Complete |  0
| 103|0x0000000089d00000, 0x0000000089e00000, 0x0000000089e00000|100%| S|CS|TAMS 0x0000000089d00000| PB 0x0000000089d00000| Complete |  0
| 104|0x0000000089e00000, 0x0000000089e00000, 0x0000000089f00000|  0%| F|  |TAMS 0x0000000089e00000| PB 0x0000000089e00000| Untracked |  0
| 105|0x0000000089f00000, 0x0000000089f00000, 0x000000008a000000|  0%| F|  |TAMS 0x0000000089f00000| PB 0x0000000089f00000| Untracked |  0
| 106|0x000000008a000000, 0x000000008a000000, 0x000000008a100000|  0%| F|  |TAMS 0x000000008a000000| PB 0x000000008a000000| Untracked |  0
| 107|0x000000008a100000, 0x000000008a100000, 0x000000008a200000|  0%| F|  |TAMS 0x000000008a100000| PB 0x000000008a100000| Untracked |  0
| 108|0x000000008a200000, 0x000000008a200000, 0x000000008a300000|  0%| F|  |TAMS 0x000000008a200000| PB 0x000000008a200000| Untracked |  0
| 109|0x000000008a300000, 0x000000008a300000, 0x000000008a400000|  0%| F|  |TAMS 0x000000008a300000| PB 0x000000008a300000| Untracked |  0
| 110|0x000000008a400000, 0x000000008a400000, 0x000000008a500000|  0%| F|  |TAMS 0x000000008a400000| PB 0x000000008a400000| Untracked |  0
| 111|0x000000008a500000, 0x000000008a500000, 0x000000008a600000|  0%| F|  |TAMS 0x000000008a500000| PB 0x000000008a500000| Untracked |  0
| 112|0x000000008a600000, 0x000000008a600000, 0x000000008a700000|  0%| F|  |TAMS 0x000000008a600000| PB 0x000000008a600000| Untracked |  0
| 113|0x000000008a700000, 0x000000008a700000, 0x000000008a800000|  0%| F|  |TAMS 0x000000008a700000| PB 0x000000008a700000| Untracked |  0
| 114|0x000000008a800000, 0x000000008a800000, 0x000000008a900000|  0%| F|  |TAMS 0x000000008a800000| PB 0x000000008a800000| Untracked |  0
| 115|0x000000008a900000, 0x000000008a900000, 0x000000008aa00000|  0%| F|  |TAMS 0x000000008a900000| PB 0x000000008a900000| Untracked |  0
| 116|0x000000008aa00000, 0x000000008aa21d68, 0x000000008ab00000| 13%| E|  |TAMS 0x000000008aa00000| PB 0x000000008aa00000| Complete |  0
| 117|0x000000008ab00000, 0x000000008ac00000, 0x000000008ac00000|100%| E|CS|TAMS 0x000000008ab00000| PB 0x000000008ab00000| Complete |  0
| 118|0x000000008ac00000, 0x000000008ad00000, 0x000000008ad00000|100%| E|CS|TAMS 0x000000008ac00000| PB 0x000000008ac00000| Complete |  0
| 119|0x000000008ad00000, 0x000000008ae00000, 0x000000008ae00000|100%| E|CS|TAMS 0x000000008ad00000| PB 0x000000008ad00000| Complete |  0
| 120|0x000000008ae00000, 0x000000008af00000, 0x000000008af00000|100%| E|CS|TAMS 0x000000008ae00000| PB 0x000000008ae00000| Complete |  0
| 121|0x000000008af00000, 0x000000008b000000, 0x000000008b000000|100%| E|CS|TAMS 0x000000008af00000| PB 0x000000008af00000| Complete |  0
| 122|0x000000008b000000, 0x000000008b100000, 0x000000008b100000|100%| E|CS|TAMS 0x000000008b000000| PB 0x000000008b000000| Complete |  0
| 123|0x000000008b100000, 0x000000008b200000, 0x000000008b200000|100%| E|  |TAMS 0x000000008b100000| PB 0x000000008b100000| Complete |  0
| 124|0x000000008b200000, 0x000000008b300000, 0x000000008b300000|100%| E|CS|TAMS 0x000000008b200000| PB 0x000000008b200000| Complete |  0
| 125|0x000000008b300000, 0x000000008b400000, 0x000000008b400000|100%| E|CS|TAMS 0x000000008b300000| PB 0x000000008b300000| Complete |  0

Card table byte_map: [0x000002bc629e0000,0x000002bc62dd0000] _byte_map_base: 0x000002bc625c5000

Marking Bits: (CMBitMap*) 0x000002bc4ac0a840
 Bits: [0x000002bc62dd0000, 0x000002bc64cf8000)

Polling page: 0x000002bc4a200000

Metaspace:

Usage:
  Non-class:     18.25 MB used.
      Class:      2.34 MB used.
       Both:     20.59 MB used.

Virtual space:
  Non-class space:       64.00 MB reserved,      18.38 MB ( 29%) committed,  1 nodes.
      Class space:        1.00 GB reserved,       2.44 MB ( <1%) committed,  1 nodes.
             Both:        1.06 GB reserved,      20.81 MB (  2%) committed. 

Chunk freelists:
   Non-Class:  12.94 MB
       Class:  13.52 MB
        Both:  26.46 MB

MaxMetaspaceSize: unlimited
CompressedClassSpaceSize: 1.00 GB
Initial GC threshold: 21.00 MB
Current GC threshold: 21.00 MB
CDS: on
 - commit_granule_bytes: 65536.
 - commit_granule_words: 8192.
 - virtual_space_node_default_size: 8388608.
 - enlarge_chunks_in_place: 1.
 - use_allocation_guard: 0.


Internal statistics:

num_allocs_failed_limit: 0.
num_arena_births: 272.
num_arena_deaths: 0.
num_vsnodes_births: 2.
num_vsnodes_deaths: 0.
num_space_committed: 333.
num_space_uncommitted: 0.
num_chunks_returned_to_freelist: 0.
num_chunks_taken_from_freelist: 509.
num_chunk_merges: 0.
num_chunk_splits: 295.
num_chunks_enlarged: 141.
num_inconsistent_stats: 0.

CodeHeap 'non-profiled nmethods': size=120064Kb used=1391Kb max_used=1391Kb free=118672Kb
 bounds [0x000002bc5ad80000, 0x000002bc5aff0000, 0x000002bc622c0000]
CodeHeap 'profiled nmethods': size=120000Kb used=5879Kb max_used=5879Kb free=114120Kb
 bounds [0x000002bc532c0000, 0x000002bc53880000, 0x000002bc5a7f0000]
CodeHeap 'non-nmethods': size=5696Kb used=1951Kb max_used=1989Kb free=3744Kb
 bounds [0x000002bc5a7f0000, 0x000002bc5aa60000, 0x000002bc5ad80000]
CodeCache: size=245760Kb, used=9221Kb, max_used=9259Kb, free=236536Kb
 total_blobs=4645, nmethods=3841, adapters=707, full_count=0
Compilation: enabled, stopped_count=0, restarted_count=0

Compilation events (20 events):
Event: 8953.093 Thread 0x000002bc6778ae80 nmethod 3834 0x000002bc5aed2a88 code [0x000002bc5aed2bc0, 0x000002bc5aed3348]
Event: 9388.667 Thread 0x000002bc6778ae80 3835       4       jdk.internal.module.Resources::toPackageName (39 bytes)
Event: 9388.710 Thread 0x000002bc6778ae80 nmethod 3835 0x000002bc5aed3408 code [0x000002bc5aed3520, 0x000002bc5aed3728]
Event: 9413.725 Thread 0x000002bc6778ae80 3836   !   4       jdk.internal.loader.BuiltinClassLoader::findMiscResource (122 bytes)
Event: 9413.811 Thread 0x000002bc6778ae80 nmethod 3836 0x000002bc5aed3788 code [0x000002bc5aed3920, 0x000002bc5aed4078]
Event: 9433.747 Thread 0x000002bc6778ae80 3837   !   4       jdk.internal.loader.BuiltinClassLoader::findResource (154 bytes)
Event: 9434.081 Thread 0x000002bc6778ae80 nmethod 3837 0x000002bc5aed4108 code [0x000002bc5aed46c0, 0x000002bc5aed95e0]
Event: 9924.522 Thread 0x000002bc6778ae80 3838       4       java.lang.ref.ReferenceQueue::poll0 (65 bytes)
Event: 9924.561 Thread 0x000002bc6778ae80 nmethod 3838 0x000002bc5aed9a08 code [0x000002bc5aed9b20, 0x000002bc5aed9e60]
Event: 9985.296 Thread 0x000002bc6778ae80 3839       4       java.util.concurrent.locks.ReentrantLock$NonfairSync::tryAcquire (27 bytes)
Event: 9985.314 Thread 0x000002bc6778ae80 nmethod 3839 0x000002bc5aed9e88 code [0x000002bc5aed9f80, 0x000002bc5aeda0f0]
Event: 10069.717 Thread 0x000002bc6778ae80 3840       4       java.util.concurrent.locks.LockSupport::setBlocker (12 bytes)
Event: 10069.721 Thread 0x000002bc6778ae80 nmethod 3840 0x000002bc5aeda188 code [0x000002bc5aeda280, 0x000002bc5aeda3b8]
Event: 10209.955 Thread 0x000002bc6778ae80 3841   !   4       java.util.concurrent.locks.AbstractQueuedSynchronizer::acquire (424 bytes)
Event: 10210.016 Thread 0x000002bc6778ae80 nmethod 3841 0x000002bc5aeda488 code [0x000002bc5aeda660, 0x000002bc5aedb690]
Event: 11341.707 Thread 0x000002bc6778ae80 3842       4       java.util.concurrent.locks.AbstractQueuedSynchronizer$Node::clearStatus (12 bytes)
Event: 11341.733 Thread 0x000002bc6778ae80 nmethod 3842 0x000002bc5aedb708 code [0x000002bc5aedb800, 0x000002bc5aedb880]
Event: 11341.733 Thread 0x000002bc6778ae80 3843   !   4       java.util.concurrent.locks.AbstractQueuedSynchronizer$ConditionObject::newConditionNode (78 bytes)
Event: 11341.767 Thread 0x000002bc6778ae80 nmethod 3843 0x000002bc5aedba08 code [0x000002bc5aedbb40, 0x000002bc5aedbf00]
Event: 11712.302 Thread 0x000002bc6778ae80 3844       4       java.util.concurrent.locks.AbstractQueuedSynchronizer$ConditionObject::enableWait (84 bytes)

GC Heap History (4 events):
Event: 21.194 GC heap before
{Heap before GC invocations=0 (full 0):
 garbage-first heap   total reserved 2041856K, committed 129024K, used 30720K [0x0000000083600000, 0x0000000100000000)
  region size 1024K, 24 young (24576K), 0 survivors (0K)
 Metaspace       used 11592K, committed 11776K, reserved 1114112K
  class space    used 1365K, committed 1472K, reserved 1048576K
}
Event: 21.201 GC heap after
{Heap after GC invocations=1 (full 0):
 garbage-first heap   total reserved 2041856K, committed 129024K, used 11775K [0x0000000083600000, 0x0000000100000000)
  region size 1024K, 3 young (3072K), 3 survivors (3072K)
 Metaspace       used 11592K, committed 11776K, reserved 1114112K
  class space    used 1365K, committed 1472K, reserved 1048576K
}
Event: 105.113 GC heap before
{Heap before GC invocations=1 (full 0):
 garbage-first heap   total reserved 2041856K, committed 129024K, used 41471K [0x0000000083600000, 0x0000000100000000)
  region size 1024K, 25 young (25600K), 3 survivors (3072K)
 Metaspace       used 21008K, committed 21248K, reserved 1114112K
  class space    used 2393K, committed 2496K, reserved 1048576K
}
Event: 105.119 GC heap after
{Heap after GC invocations=2 (full 0):
 garbage-first heap   total reserved 2041856K, committed 129024K, used 21705K [0x0000000083600000, 0x0000000100000000)
  region size 1024K, 3 young (3072K), 3 survivors (3072K)
 Metaspace       used 21008K, committed 21248K, reserved 1114112K
  class space    used 2393K, committed 2496K, reserved 1048576K
}

Dll operation events (13 events):
Event: 0.014 Loaded shared library C:\Program Files\Java\jdk-23\bin\java.dll
Event: 0.042 Loaded shared library C:\Program Files\Java\jdk-23\bin\jsvml.dll
Event: 0.065 Loaded shared library C:\Program Files\Java\jdk-23\bin\net.dll
Event: 0.067 Loaded shared library C:\Program Files\Java\jdk-23\bin\nio.dll
Event: 0.082 Loaded shared library C:\Program Files\Java\jdk-23\bin\zip.dll
Event: 0.094 Loaded shared library C:\Program Files\Java\jdk-23\bin\jimage.dll
Event: 0.107 Loaded shared library C:\Program Files\Java\jdk-23\bin\awt.dll
Event: 0.259 Loaded shared library C:\Program Files\Java\jdk-23\bin\javajpeg.dll
Event: 0.318 Loaded shared library C:\Program Files\Java\jdk-23\bin\freetype.dll
Event: 0.319 Loaded shared library C:\Program Files\Java\jdk-23\bin\fontmanager.dll
Event: 2.680 Loaded shared library C:\Program Files\Java\jdk-23\bin\verify.dll
Event: 52.378 Loaded shared library C:\Program Files\Java\jdk-23\bin\extnet.dll
Event: 52.634 Loaded shared library C:\Program Files\Java\jdk-23\bin\sunmscapi.dll

Deoptimization events (20 events):
Event: 105.148 Thread 0x000002bc469b0520 DEOPT PACKING pc=0x000002bc53399518 sp=0x000000e080afe680
Event: 105.148 Thread 0x000002bc469b0520 DEOPT UNPACKING pc=0x000002bc5a8484c2 sp=0x000000e080afdb10 mode 0
Event: 105.148 Thread 0x000002bc469b0520 DEOPT PACKING pc=0x000002bc53399518 sp=0x000000e080afe680
Event: 105.148 Thread 0x000002bc469b0520 DEOPT UNPACKING pc=0x000002bc5a8484c2 sp=0x000000e080afdb10 mode 0
Event: 105.148 Thread 0x000002bc469b0520 DEOPT PACKING pc=0x000002bc53399518 sp=0x000000e080afe680
Event: 105.148 Thread 0x000002bc469b0520 DEOPT UNPACKING pc=0x000002bc5a8484c2 sp=0x000000e080afdb10 mode 0
Event: 105.148 Thread 0x000002bc469b0520 DEOPT PACKING pc=0x000002bc53399518 sp=0x000000e080afe680
Event: 105.148 Thread 0x000002bc469b0520 DEOPT UNPACKING pc=0x000002bc5a8484c2 sp=0x000000e080afdb10 mode 0
Event: 105.148 Thread 0x000002bc469b0520 DEOPT PACKING pc=0x000002bc53399518 sp=0x000000e080afe680
Event: 105.148 Thread 0x000002bc469b0520 DEOPT UNPACKING pc=0x000002bc5a8484c2 sp=0x000000e080afdb10 mode 0
Event: 105.148 Thread 0x000002bc469b0520 DEOPT PACKING pc=0x000002bc53399518 sp=0x000000e080afe680
Event: 105.148 Thread 0x000002bc469b0520 DEOPT UNPACKING pc=0x000002bc5a8484c2 sp=0x000000e080afdb10 mode 0
Event: 105.148 Thread 0x000002bc469b0520 DEOPT PACKING pc=0x000002bc53399518 sp=0x000000e080afe680
Event: 105.148 Thread 0x000002bc469b0520 DEOPT UNPACKING pc=0x000002bc5a8484c2 sp=0x000000e080afdb10 mode 0
Event: 105.149 Thread 0x000002bc469b0520 DEOPT PACKING pc=0x000002bc53399518 sp=0x000000e080afe680
Event: 105.149 Thread 0x000002bc469b0520 DEOPT UNPACKING pc=0x000002bc5a8484c2 sp=0x000000e080afdb10 mode 0
Event: 105.149 Thread 0x000002bc469b0520 DEOPT PACKING pc=0x000002bc53399518 sp=0x000000e080afe680
Event: 105.149 Thread 0x000002bc469b0520 DEOPT UNPACKING pc=0x000002bc5a8484c2 sp=0x000000e080afdb10 mode 0
Event: 105.149 Thread 0x000002bc469b0520 DEOPT PACKING pc=0x000002bc53399518 sp=0x000000e080afe680
Event: 105.149 Thread 0x000002bc469b0520 DEOPT UNPACKING pc=0x000002bc5a8484c2 sp=0x000000e080afdb10 mode 0

Classes loaded (20 events):
Event: 56.697 Loading class java/awt/geom/RectIterator
Event: 56.698 Loading class java/awt/geom/RectIterator done
Event: 72.992 Loading class java/security/DomainCombiner
Event: 72.992 Loading class java/security/DomainCombiner done
Event: 85.558 Loading class java/awt/Canvas
Event: 85.559 Loading class java/awt/Canvas done
Event: 85.559 Loading class java/awt/Scrollbar
Event: 85.559 Loading class java/awt/Scrollbar done
Event: 90.618 Loading class javax/swing/JCheckBox
Event: 90.618 Loading class javax/swing/JCheckBox done
Event: 90.670 Loading class javax/swing/plaf/metal/MetalCheckBoxUI
Event: 90.670 Loading class javax/swing/plaf/metal/MetalCheckBoxUI done
Event: 90.671 Loading class javax/swing/plaf/metal/MetalIconFactory$CheckBoxIcon
Event: 90.672 Loading class javax/swing/plaf/metal/MetalIconFactory$CheckBoxIcon done
Event: 105.120 Loading class sun/security/ssl/Alert
Event: 105.120 Loading class sun/security/ssl/Alert done
Event: 105.121 Loading class sun/security/ssl/Alert$AlertConsumer
Event: 105.121 Loading class sun/security/ssl/Alert$AlertConsumer done
Event: 105.121 Loading class sun/security/ssl/Alert$Level
Event: 105.121 Loading class sun/security/ssl/Alert$Level done

Classes unloaded (0 events):
No events

Classes redefined (0 events):
No events

Internal exceptions (20 events):
Event: 0.205 Thread 0x000002bc48771f10 Exception <a 'java/lang/ClassNotFoundException'{0x000000008ae2e2d0}: com/sun/swing/internal/plaf/metal/resources/spi/metalProvider> (0x000000008ae2e2d0) 
thrown [s\open\src\hotspot\share\classfile\systemDictionary.cpp, line 313]
Event: 0.206 Thread 0x000002bc48771f10 Exception <a 'java/lang/ClassNotFoundException'{0x000000008ae322e0}: com/sun/swing/internal/plaf/basic/resources/spi/basicProvider> (0x000000008ae322e0) 
thrown [s\open\src\hotspot\share\classfile\systemDictionary.cpp, line 313]
Event: 0.213 Thread 0x000002bc48771f10 Exception <a 'java/lang/NoSuchMethodError'{0x000000008ae51c48}: 'int java.lang.invoke.Invokers$Holder.invokeExact_MT(java.lang.Object, java.lang.Object)'> (0x000000008ae51c48) 
thrown [s\open\src\hotspot\share\interpreter\linkResolver.cpp, line 796]
Event: 0.260 Thread 0x000002bc6777ad80 Exception <a 'java/lang/NoSuchMethodError'{0x000000008ac214c8}: 'java.lang.Object java.lang.invoke.DirectMethodHandle$Holder.newInvokeSpecial(java.lang.Object, java.lang.Object, java.lang.Object, int, int, int, int, int)'> (0x000000008ac214c8) 
thrown [s\open\src\hotspot\share\interpreter\linkResolver.cpp, line 796]
Event: 0.302 Thread 0x000002bc6777d4e0 Exception <a 'java/lang/NoSuchMethodError'{0x000000008af0ef80}: 'void java.lang.invoke.DirectMethodHandle$Holder.invokeVirtual(java.lang.Object, java.lang.Object)'> (0x000000008af0ef80) 
thrown [s\open\src\hotspot\share\interpreter\linkResolver.cpp, line 796]
Event: 0.315 Thread 0x000002bc48771f10 Exception <a 'java/lang/NoSuchMethodError'{0x000000008aba6cb0}: 'void java.lang.invoke.DirectMethodHandle$Holder.invokeStaticInit(java.lang.Object)'> (0x000000008aba6cb0) 
thrown [s\open\src\hotspot\share\interpreter\linkResolver.cpp, line 796]
Event: 0.418 Thread 0x000002bc6777b410 Exception <a 'java/io/FileNotFoundException'{0x000000008a977b10}> (0x000000008a977b10) 
thrown [s\open\src\hotspot\share\prims\jni.cpp, line 520]
Event: 0.424 Thread 0x000002bc6777b410 Exception <a 'java/io/FileNotFoundException'{0x000000008a993328}> (0x000000008a993328) 
thrown [s\open\src\hotspot\share\prims\jni.cpp, line 520]
Event: 2.796 Thread 0x000002bc6777ad80 Implicit null exception at 0x000002bc5adcf36a to 0x000002bc5adcf41c
Event: 21.182 Thread 0x000002bc6777b410 Exception <a 'java/lang/NoSuchMethodError'{0x0000000089cd4f20}: 'void java.lang.invoke.DirectMethodHandle$Holder.invokeStatic(java.lang.Object, java.lang.Object)'> (0x0000000089cd4f20) 
thrown [s\open\src\hotspot\share\interpreter\linkResolver.cpp, line 796]
Event: 52.265 Thread 0x000002bc6777b410 Implicit null exception at 0x000002bc5ae2a9fc to 0x000002bc5ae2afbf
Event: 52.285 Thread 0x000002bc6777b410 Exception <a 'java/lang/NoSuchMethodError'{0x000000008affa0b8}: 'java.lang.Object java.lang.invoke.DirectMethodHandle$Holder.invokeInterface(java.lang.Object, java.lang.Object)'> (0x000000008affa0b8) 
thrown [s\open\src\hotspot\share\interpreter\linkResolver.cpp, line 796]
Event: 52.304 Thread 0x000002bc6777b410 Exception <a 'java/lang/NoSuchMethodError'{0x000000008ae76f70}: 'java.lang.Object java.lang.invoke.DirectMethodHandle$Holder.invokeVirtual(java.lang.Object, java.lang.Object, java.lang.Object)'> (0x000000008ae76f70) 
thrown [s\open\src\hotspot\share\interpreter\linkResolver.cpp, line 796]
Event: 52.436 Thread 0x000002bc6777b410 Exception <a 'java/lang/NoSuchMethodError'{0x000000008a9294d8}: 'void java.lang.invoke.DirectMethodHandle$Holder.invokeStaticInit(java.lang.Object, java.lang.Object)'> (0x000000008a9294d8) 
thrown [s\open\src\hotspot\share\interpreter\linkResolver.cpp, line 796]
Event: 52.494 Thread 0x000002bc6777b410 Exception <a 'sun/nio/fs/WindowsException'{0x000000008a854850}> (0x000000008a854850) 
thrown [s\open\src\hotspot\share\prims\jni.cpp, line 520]
Event: 52.538 Thread 0x000002bc6777b410 Exception <a 'java/lang/NoSuchMethodError'{0x000000008a8fc2a0}: 'java.lang.Object java.lang.invoke.DirectMethodHandle$Holder.invokeStaticInit(java.lang.Object, int, int, int, int)'> (0x000000008a8fc2a0) 
thrown [s\open\src\hotspot\share\interpreter\linkResolver.cpp, line 796]
Event: 52.605 Thread 0x000002bc6777b410 Exception <a 'java/lang/NoSuchMethodError'{0x000000008a7bcae8}: 'java.lang.Object java.lang.invoke.DirectMethodHandle$Holder.invokeStaticInit(java.lang.Object, java.lang.Object, int, int, int, int)'> (0x000000008a7bcae8) 
thrown [s\open\src\hotspot\share\interpreter\linkResolver.cpp, line 796]
Event: 52.848 Thread 0x000002bc6777b410 Exception <a 'java/lang/NoSuchMethodError'{0x000000008a402dd8}: 'java.lang.Object java.lang.invoke.Invokers$Holder.linkToTargetMethod(java.lang.Object, java.lang.Object, java.lang.Object, java.lang.Object, java.lang.Object, java.lang.Object, java.lang.Object, java.lang.Object, java.lang.Object, java.lang.Object, java.lang.Object, java.lang.Object)'> (0x000000008a402dd8) 
thrown [s\open\src\hotspot\share\interpreter\linkResolver.cpp, line 796]
Event: 52.917 Thread 0x000002bc6777b410 Exception <a 'java/lang/NoSuchMethodError'{0x000000008a44a168}: 'int java.lang.invoke.DirectMethodHandle$Holder.invokeStatic(java.lang.Object)'> (0x000000008a44a168) 
thrown [s\open\src\hotspot\share\interpreter\linkResolver.cpp, line 796]
Event: 54.776 Thread 0x000002bc6777b410 Implicit null exception at 0x000002bc5ae7fb2c to 0x000002bc5ae8150c

VM Operations (20 events):
Event: 60.081 Executing VM operation: RendezvousGCThreads
Event: 60.081 Executing VM operation: RendezvousGCThreads done
Event: 105.113 Executing VM operation: G1CollectForAllocation (G1 Evacuation Pause)
Event: 105.119 Executing VM operation: G1CollectForAllocation (G1 Evacuation Pause) done
Event: 120.238 Executing VM operation: HandshakeAllThreads (HandshakeForDeflation)
Event: 120.238 Executing VM operation: HandshakeAllThreads (HandshakeForDeflation) done
Event: 120.238 Executing VM operation: RendezvousGCThreads
Event: 120.238 Executing VM operation: RendezvousGCThreads done
Event: 1923.340 Executing VM operation: HandshakeAllThreads (HandshakeForDeflation)
Event: 1923.341 Executing VM operation: HandshakeAllThreads (HandshakeForDeflation) done
Event: 1923.341 Executing VM operation: RendezvousGCThreads
Event: 1923.341 Executing VM operation: RendezvousGCThreads done
Event: 3186.548 Executing VM operation: HandshakeAllThreads (HandshakeForDeflation)
Event: 3186.549 Executing VM operation: HandshakeAllThreads (HandshakeForDeflation) done
Event: 3186.549 Executing VM operation: RendezvousGCThreads
Event: 3186.549 Executing VM operation: RendezvousGCThreads done
Event: 5531.325 Executing VM operation: HandshakeAllThreads (HandshakeForDeflation)
Event: 5531.328 Executing VM operation: HandshakeAllThreads (HandshakeForDeflation) done
Event: 5531.328 Executing VM operation: RendezvousGCThreads
Event: 5531.328 Executing VM operation: RendezvousGCThreads done

Memory protections (0 events):
No events

Nmethod flushes (0 events):
No events

Events (20 events):
Event: 0.301 Thread 0x000002bc6777d4e0 Thread added: 0x000002bc6777b410
Event: 0.374 Thread 0x000002bc48771f10 Thread exited: 0x000002bc48771f10
Event: 0.375 Thread 0x000002bc469ae450 Thread added: 0x000002bc469ae450
Event: 0.830 Thread 0x000002bc6777b410 Thread added: 0x000002bc469af800
Event: 2.723 Thread 0x000002bc6778c4a0 Thread added: 0x000002bc67ae9400
Event: 3.415 Thread 0x000002bc67ae9400 Thread exited: 0x000002bc67ae9400
Event: 7.801 Thread 0x000002bc6777ad80 Thread exited: 0x000002bc6777ad80
Event: 52.265 Thread 0x000002bc6777b410 Thread added: 0x000002bc469ad0a0
Event: 52.321 Thread 0x000002bc6778c4a0 Thread added: 0x000002bc67b11a50
Event: 52.875 Thread 0x000002bc6777b410 Thread added: 0x000002bc469af170
Event: 53.910 Thread 0x000002bc67b11a50 Thread exited: 0x000002bc67b11a50
Event: 57.891 Thread 0x000002bc469af170 Thread exited: 0x000002bc469af170
Event: 88.886 Thread 0x000002bc6778c4a0 Thread added: 0x000002bc67d840b0
Event: 89.882 Thread 0x000002bc67d840b0 Thread exited: 0x000002bc67d840b0
Event: 98.919 Thread 0x000002bc6778c4a0 Thread added: 0x000002bc68942e90
Event: 100.059 Thread 0x000002bc68942e90 Thread exited: 0x000002bc68942e90
Event: 105.108 Thread 0x000002bc6777b410 Thread added: 0x000002bc469b0520
Event: 105.133 Thread 0x000002bc6777b410 Thread added: 0x000002bc469b0bb0
Event: 110.137 Thread 0x000002bc469b0bb0 Thread exited: 0x000002bc469b0bb0
Event: 110.153 Thread 0x000002bc469b0520 Thread exited: 0x000002bc469b0520


Dynamic libraries:
0x00007ff65a2b0000 - 0x00007ff65a2c0000 	C:\Program Files\Java\jdk-23\bin\java.exe
0x00007fff64560000 - 0x00007fff647c3000 	C:\WINDOWS\SYSTEM32\ntdll.dll
0x00007fff62f30000 - 0x00007fff62ff8000 	C:\WINDOWS\System32\KERNEL32.DLL
0x00007fff619f0000 - 0x00007fff61da2000 	C:\WINDOWS\System32\KERNELBASE.dll
0x000000006e600000 - 0x000000006e932000 	C:\Program Files\Norton Security\NortonData\22.23.5.106\Definitions\IPSDefs\20231013.001\IPSEng64.dll
0x00007fff62e70000 - 0x00007fff62f24000 	C:\WINDOWS\System32\ADVAPI32.dll
0x00007fff63ed0000 - 0x00007fff63f79000 	C:\WINDOWS\System32\msvcrt.dll
0x00007fff63e20000 - 0x00007fff63ec6000 	C:\WINDOWS\System32\sechost.dll
0x00007fff639f0000 - 0x00007fff63b06000 	C:\WINDOWS\System32\RPCRT4.dll
0x00007fff62830000 - 0x00007fff62838000 	C:\WINDOWS\System32\PSAPI.DLL
0x00007fff62010000 - 0x00007fff6215b000 	C:\WINDOWS\System32\ucrtbase.dll
0x00007fff451d0000 - 0x00007fff451e7000 	C:\Program Files\Java\jdk-23\bin\jli.dll
0x00007fff451b0000 - 0x00007fff451cb000 	C:\Program Files\Java\jdk-23\bin\VCRUNTIME140.dll
0x00007fff637a0000 - 0x00007fff63968000 	C:\WINDOWS\System32\USER32.dll
0x00007fff4b440000 - 0x00007fff4b6d0000 	C:\WINDOWS\WinSxS\amd64_microsoft.windows.common-controls_6595b64144ccf1df_6.0.26100.2454_none_3e0b68a2e331ad60\COMCTL32.dll
0x00007fff61db0000 - 0x00007fff61dd7000 	C:\WINDOWS\System32\win32u.dll
0x00007fff63770000 - 0x00007fff6379a000 	C:\WINDOWS\System32\GDI32.dll
0x00007fff62160000 - 0x00007fff6228b000 	C:\WINDOWS\System32\gdi32full.dll
0x00007fff61de0000 - 0x00007fff61e83000 	C:\WINDOWS\System32\msvcp_win.dll
0x00007fff629a0000 - 0x00007fff629cf000 	C:\WINDOWS\System32\IMM32.DLL
0x00007fff57dd0000 - 0x00007fff57ddc000 	C:\Program Files\Java\jdk-23\bin\vcruntime140_1.dll
0x00007fff3d6c0000 - 0x00007fff3d74e000 	C:\Program Files\Java\jdk-23\bin\msvcp140.dll
0x00007ffea2f10000 - 0x00007ffea3c5f000 	C:\Program Files\Java\jdk-23\bin\server\jvm.dll
0x00007fff63970000 - 0x00007fff639e4000 	C:\WINDOWS\System32\WS2_32.dll
0x00007fff567e0000 - 0x00007fff567eb000 	C:\WINDOWS\SYSTEM32\VERSION.dll
0x00007fff61030000 - 0x00007fff6107e000 	C:\WINDOWS\SYSTEM32\POWRPROF.dll
0x00007fff4d290000 - 0x00007fff4d2c6000 	C:\WINDOWS\SYSTEM32\WINMM.dll
0x00007fff60fa0000 - 0x00007fff60fb4000 	C:\WINDOWS\SYSTEM32\UMPDC.dll
0x00007fff60770000 - 0x00007fff6078a000 	C:\WINDOWS\SYSTEM32\kernel.appcore.dll
0x00007fff451a0000 - 0x00007fff451aa000 	C:\Program Files\Java\jdk-23\bin\jimage.dll
0x00007fff5f160000 - 0x00007fff5f3a1000 	C:\WINDOWS\SYSTEM32\DBGHELP.DLL
0x00007fff623c0000 - 0x00007fff6273e000 	C:\WINDOWS\System32\combase.dll
0x00007fff63d40000 - 0x00007fff63e16000 	C:\WINDOWS\System32\OLEAUT32.dll
0x00007fff4ab80000 - 0x00007fff4abb9000 	C:\WINDOWS\SYSTEM32\dbgcore.DLL
0x00007fff62320000 - 0x00007fff623b9000 	C:\WINDOWS\System32\bcryptPrimitives.dll
0x00007fff424c0000 - 0x00007fff424de000 	C:\Program Files\Java\jdk-23\bin\java.dll
0x00007fff62cd0000 - 0x00007fff62e69000 	C:\WINDOWS\System32\ole32.dll
0x00007fff63000000 - 0x00007fff63700000 	C:\WINDOWS\System32\SHELL32.dll
0x00007fff5f610000 - 0x00007fff5fe41000 	C:\WINDOWS\SYSTEM32\windows.storage.dll
0x00007fff62750000 - 0x00007fff6282a000 	C:\WINDOWS\System32\SHCORE.dll
0x00007fff63b10000 - 0x00007fff63b6d000 	C:\WINDOWS\System32\shlwapi.dll
0x00007fff61840000 - 0x00007fff6186e000 	C:\WINDOWS\SYSTEM32\profapi.dll
0x00007fff3d5e0000 - 0x00007fff3d6b7000 	C:\Program Files\Java\jdk-23\bin\jsvml.dll
0x00007fff42420000 - 0x00007fff42430000 	C:\Program Files\Java\jdk-23\bin\net.dll
0x00007fff60cd0000 - 0x00007fff60d38000 	C:\WINDOWS\system32\mswsock.dll
0x00007fff42400000 - 0x00007fff42416000 	C:\Program Files\Java\jdk-23\bin\nio.dll
0x00007fff424a0000 - 0x00007fff424b7000 	C:\Program Files\Java\jdk-23\bin\zip.dll
0x00007fff303f0000 - 0x00007fff3057e000 	C:\Program Files\Java\jdk-23\bin\awt.dll
0x00007fff59a80000 - 0x00007fff59b1c000 	C:\WINDOWS\SYSTEM32\apphelp.dll
0x00007fff5e930000 - 0x00007fff5e95e000 	C:\WINDOWS\system32\DWMAPI.DLL
0x00007fff5e620000 - 0x00007fff5e6cd000 	C:\WINDOWS\system32\uxtheme.dll
0x00007fff34960000 - 0x00007fff34a6c000 	C:\WINDOWS\system32\opengl32.dll
0x00007fff35020000 - 0x00007fff3504d000 	C:\WINDOWS\SYSTEM32\GLU32.dll
0x00007fff5e790000 - 0x00007fff5e7d7000 	C:\WINDOWS\SYSTEM32\dxcore.dll
0x00007fff62840000 - 0x00007fff6299c000 	C:\WINDOWS\System32\MSCTF.dll
0x00007fff41d00000 - 0x00007fff41d2e000 	C:\Program Files\Java\jdk-23\bin\javajpeg.dll
0x00007fff2e210000 - 0x00007fff2e297000 	C:\Program Files\Java\jdk-23\bin\freetype.dll
0x00007fff2c6e0000 - 0x00007fff2c7b7000 	C:\Program Files\Java\jdk-23\bin\fontmanager.dll
0x00007fff62a20000 - 0x00007fff62ac8000 	C:\WINDOWS\System32\clbcatq.dll
0x00007fff5e2f0000 - 0x00007fff5e51e000 	C:\WINDOWS\SYSTEM32\WindowsCodecs.dll
0x00007fff32520000 - 0x00007fff3257a000 	C:\WINDOWS\system32\dataexchange.dll
0x00007fff5b780000 - 0x00007fff5b9b7000 	C:\WINDOWS\system32\twinapi.appcore.dll
0x00007fff425a0000 - 0x00007fff426e6000 	C:\WINDOWS\SYSTEM32\textinputframework.dll
0x00007fff596a0000 - 0x00007fff597c5000 	C:\WINDOWS\SYSTEM32\CoreMessaging.dll
0x00007fff567f0000 - 0x00007fff56ad3000 	C:\WINDOWS\SYSTEM32\CoreUIComponents.dll
0x00007fff5a920000 - 0x00007fff5aa88000 	C:\WINDOWS\SYSTEM32\wintypes.dll
0x00007fff60fe0000 - 0x00007fff60fec000 	C:\WINDOWS\SYSTEM32\CRYPTBASE.DLL
0x00007fff423f0000 - 0x00007fff42400000 	C:\Program Files\Java\jdk-23\bin\verify.dll
0x00007fff60250000 - 0x00007fff60375000 	C:\WINDOWS\SYSTEM32\DNSAPI.dll
0x00007fff601b0000 - 0x00007fff601e2000 	C:\WINDOWS\SYSTEM32\IPHLPAPI.DLL
0x00007fff62b80000 - 0x00007fff62b8a000 	C:\WINDOWS\System32\NSI.dll
0x00007fff5a530000 - 0x00007fff5a53b000 	C:\Windows\System32\rasadhlp.dll
0x00007fff5e110000 - 0x00007fff5e195000 	C:\WINDOWS\System32\fwpuclnt.dll
0x00007fff41c20000 - 0x00007fff41c29000 	C:\Program Files\Java\jdk-23\bin\extnet.dll
0x00007fff60fc0000 - 0x00007fff60fdc000 	C:\WINDOWS\SYSTEM32\CRYPTSP.dll
0x00007fff606d0000 - 0x00007fff60708000 	C:\WINDOWS\system32\rsaenh.dll
0x00007fff60d70000 - 0x00007fff60d9b000 	C:\WINDOWS\SYSTEM32\USERENV.dll
0x00007fff61260000 - 0x00007fff61286000 	C:\WINDOWS\SYSTEM32\bcrypt.dll
0x00007fff41f30000 - 0x00007fff41f3e000 	C:\Program Files\Java\jdk-23\bin\sunmscapi.dll
0x00007fff61e90000 - 0x00007fff62006000 	C:\WINDOWS\System32\CRYPT32.dll
0x00007fff61220000 - 0x00007fff61250000 	C:\WINDOWS\SYSTEM32\ncrypt.dll
0x00007fff611d0000 - 0x00007fff6120f000 	C:\WINDOWS\SYSTEM32\NTASN1.dll

dbghelp: loaded successfully - version: 4.0.5 - missing functions: none
symbol engine: initialized successfully - sym options: 0x614 - pdb path: .;C:\Program Files\Java\jdk-23\bin;C:\WINDOWS\SYSTEM32;C:\Program Files\Norton Security\NortonData\22.23.5.106\Definitions\IPSDefs\20231013.001;C:\WINDOWS\WinSxS\amd64_microsoft.windows.common-controls_6595b64144ccf1df_6.0.26100.2454_none_3e0b68a2e331ad60;C:\Program Files\Java\jdk-23\bin\server

VM Arguments:
jvm_args: -Dfile.encoding=UTF-8 --module-path=D:\Bank Management System\build\classes 
java_command: bank.management.system.Login
java_class_path (initial): C:\Users\ACER\Downloads\jcalendar.jar;C:\Users\ACER\Downloads\mysql-connector-java-8.0.28.jar;D:\Bank Management System\build\classes
Launcher Type: SUN_STANDARD

[Global flags]
     intx CICompilerCount                          = 4                                         {product} {ergonomic}
     uint ConcGCThreads                            = 2                                         {product} {ergonomic}
     uint G1ConcRefinementThreads                  = 8                                         {product} {ergonomic}
   size_t G1HeapRegionSize                         = 1048576                                   {product} {ergonomic}
   size_t InitialHeapSize                          = 132120576                                 {product} {ergonomic}
   size_t MarkStackSize                            = 4194304                                   {product} {ergonomic}
   size_t MarkStackSizeMax                         = 536870912                                 {product} {ergonomic}
   size_t MaxHeapSize                              = 2090860544                                {product} {ergonomic}
   size_t MaxNewSize                               = 1254096896                                {product} {ergonomic}
   size_t MinHeapDeltaBytes                        = 1048576                                   {product} {ergonomic}
   size_t MinHeapSize                              = 8388608                                   {product} {ergonomic}
    uintx NonNMethodCodeHeapSize                   = 5832704                                {pd product} {ergonomic}
    uintx NonProfiledCodeHeapSize                  = 122945536                              {pd product} {ergonomic}
    uintx ProfiledCodeHeapSize                     = 122880000                              {pd product} {ergonomic}
    uintx ReservedCodeCacheSize                    = 251658240                              {pd product} {ergonomic}
     bool SegmentedCodeCache                       = true                                      {product} {ergonomic}
   size_t SoftMaxHeapSize                          = 2090860544                             {manageable} {ergonomic}
     bool UseCompressedOops                        = true                           {product lp64_product} {ergonomic}
     bool UseG1GC                                  = true                                      {product} {ergonomic}
     bool UseLargePagesIndividualAllocation        = false                                  {pd product} {ergonomic}

Logging:
Log output configuration:
 #0: stdout all=warning uptime,level,tags foldmultilines=false
 #1: stderr all=off uptime,level,tags foldmultilines=false

Environment Variables:
JAVA_HOME=C:\Program Files\Java\jdk-21
PATH=C:\Program Files\Common Files\Oracle\Java\javapath;C:\Python312\Scripts\;C:\Python312\;C:\oraclexe\app\oracle\product\11.2.0\server\bin;C:\WINDOWS\system32;C:\WINDOWS;C:\WINDOWS\System32\Wbem;C:\WINDOWS\System32\WindowsPowerShell\v1.0\;C:\WINDOWS\System32\OpenSSH\;C:\MinGW\bin;C:\Program Files\Java\jdk-21\bin;C:\Program Files\nodejs\;C:\ProgramData\chocolatey\bin;C:\Program Files\Git\cmd;C:\Program Files\MySQL\MySQL Server 8.0\bin;C:\Program Files\dotnet\;C:\Program Files (x86)\Windows Kits\10\Windows Performance Toolkit\;C:\Program Files\MySQL\MySQL Shell 8.0\bin\;C:\Users\ACER\AppData\Local\Microsoft\WindowsApps;C:\Program Files\JetBrains\IntelliJ IDEA Community Edition 2023.3.2\bin;;C:\Program Files\Java\jdk-21\bin;C:\Users\ACER\AppData\Roaming\npm;C:\Program Files\nodejs\;C:\Program Files\Java\jdk-23\bin;C:\Users\ACER\AppData\Local\Programs\Microsoft VS Code\bin;
USERNAME=ACER
OS=Windows_NT
PROCESSOR_IDENTIFIER=Intel64 Family 6 Model 140 Stepping 1, GenuineIntel
TMP=C:\Users\ACER\AppData\Local\Temp
TEMP=C:\Users\ACER\AppData\Local\Temp




Periodic native trim disabled

---------------  S Y S T E M  ---------------

OS:
 Windows 11 , 64 bit Build 26100 (10.0.26100.2454)
OS uptime: 2 days 2:19 hours
Hyper-V role detected

CPU: total 8 (initial active 8) (4 cores per cpu, 2 threads per core) family 6 model 140 stepping 1 microcode 0x8a, cx8, cmov, fxsr, ht, mmx, 3dnowpref, sse, sse2, sse3, ssse3, sse4.1, sse4.2, popcnt, lzcnt, tsc, tscinvbit, avx, avx2, aes, erms, clmul, bmi1, bmi2, adx, avx512f, avx512dq, avx512cd, avx512bw, avx512vl, sha, fma, vzeroupper, avx512_vpopcntdq, avx512_vpclmulqdq, avx512_vaes, avx512_vnni, clflush, clflushopt, clwb, avx512_vbmi2, avx512_vbmi, hv, rdtscp, rdpid, fsrm, gfni, avx512_bitalg, f16c, cet_ibt, cet_ss, avx512_ifma
Processor Information for the first 8 processors :
  Max Mhz: 2419, Current Mhz: 1007, Mhz Limit: 2419

Memory: 4k page, system-wide physical 7971M (520M free)
TotalPageFile size 32547M (AvailPageFile size 6M)
current process WorkingSet (physical memory assigned to process): 13M, peak: 160M
current process commit charge ("private bytes"): 263M, peak: 277M

vm_info: Java HotSpot(TM) 64-Bit Server VM (23.0.1+11-39) for windows-amd64 JRE (23.0.1+11-39), built on 2024-09-30T07:20:43Z with MS VC++ 17.6 (VS2022)

END.
