#
# There is insufficient memory for the Java Runtime Environment to continue.
# Native memory allocation (malloc) failed to allocate 1250672 bytes. Error detail: Chunk::new
# Possible reasons:
#   The system is out of physical RAM or swap space
#   This process is running with CompressedOops enabled, and the Java Heap may be blocking the growth of the native heap
# Possible solutions:
#   Reduce memory load on the system
#   Increase physical memory or swap space
#   Check if swap backing store is full
#   Decrease Java heap size (-Xmx/-Xms)
#   Decrease number of Java threads
#   Decrease Java thread stack sizes (-Xss)
#   Set larger code cache with -XX:ReservedCodeCacheSize=
#   JVM is running with Unscaled Compressed Oops mode in which the Java heap is
#     placed in the first 4GB address space. The Java Heap base address is the
#     maximum limit for the native heap growth. Please use -XX:HeapBaseMinAddress
#     to set the Java Heap base and to place the Java Heap above 4GB virtual address.
# This output file may be truncated or incomplete.
#
#  Out of Memory Error (arena.cpp:149), pid=26636, tid=32900
#
# JRE version: Java(TM) SE Runtime Environment (23.0.1+11) (build 23.0.1+11-39)
# Java VM: Java HotSpot(TM) 64-Bit Server VM (23.0.1+11-39, mixed mode, sharing, tiered, compressed oops, compressed class ptrs, g1 gc, windows-amd64)
# No core dump will be written. Minidumps are not enabled by default on client versions of Windows
#

---------------  S U M M A R Y ------------

Command Line: -Dfile.encoding=UTF-8 --module-path=D:\Bank Management System\build\classes bank.management.system.BalanceEnquiry

Host: 11th Gen Intel(R) Core(TM) i5-1135G7 @ 2.40GHz, 8 cores, 7G,  Windows 11 , 64 bit Build 26100 (10.0.26100.2454)
Time: Sun Jan 12 15:56:05 2025 India Standard Time elapsed time: 1.035420 seconds (0d 0h 0m 1s)

---------------  T H R E A D  ---------------

Current thread (0x000002634cb06f90):  JavaThread "C2 CompilerThread2" daemon [_thread_in_native, id=32900, stack(0x000000c9b6f00000,0x000000c9b7000000) (1024K)]


Current CompileTask:
C2:1035 1385       4       sun.security.ec.ECOperations::setDouble (463 bytes)

Stack: [0x000000c9b6f00000,0x000000c9b7000000]
Native frames: (J=compiled Java code, j=interpreted, Vv=VM code, C=native code)
V  [jvm.dll+0x6e08b9]  (no source info available)
V  [jvm.dll+0x87dc83]  (no source info available)
V  [jvm.dll+0x88010e]  (no source info available)
V  [jvm.dll+0x8807e3]  (no source info available)
V  [jvm.dll+0x27aee6]  (no source info available)
V  [jvm.dll+0xbc06f]  (no source info available)
V  [jvm.dll+0xbc2cb]  (no source info available)
V  [jvm.dll+0x3b3a9c]  (no source info available)
V  [jvm.dll+0x1dc19c]  (no source info available)
V  [jvm.dll+0x244be5]  (no source info available)
V  [jvm.dll+0x243dff]  (no source info available)
V  [jvm.dll+0x1c33a0]  (no source info available)
V  [jvm.dll+0x253cf1]  (no source info available)
V  [jvm.dll+0x251faa]  (no source info available)
V  [jvm.dll+0x3ee036]  (no source info available)
V  [jvm.dll+0x824f8b]  (no source info available)
V  [jvm.dll+0x6df065]  (no source info available)
C  [ucrtbase.dll+0x14ea0]  (no source info available)
C  [KERNEL32.DLL+0x2e8d7]  (no source info available)
C  [ntdll.dll+0xdfbcc]  (no source info available)

Lock stack of current Java thread (top to bottom):


---------------  P R O C E S S  ---------------

Threads class SMR info:
_java_thread_list=0x0000026393959b70, length=19, elements={
0x000002632f5db6c0, 0x000002634c1ac2c0, 0x000002634c1ad010, 0x000002634c1b4370,
0x000002634c1b4ec0, 0x000002634c1b6c90, 0x000002634c1bb190, 0x000002634c1c58f0,
0x000002634c1c65c0, 0x000002634c2c3ae0, 0x000002634c314e90, 0x000002634c2c4800,
0x000002634c2c5bb0, 0x000002634c2c6240, 0x000002634c2c4170, 0x000002634c2c3450,
0x000002634c2c4e90, 0x000002634cb06f90, 0x000002634c2c5520
}

Java Threads: ( => current thread )
  0x000002632f5db6c0 JavaThread "main"                              [_thread_in_native, id=33068, stack(0x000000c9b5700000,0x000000c9b5800000) (1024K)]
  0x000002634c1ac2c0 JavaThread "Reference Handler"          daemon [_thread_blocked, id=27068, stack(0x000000c9b5f00000,0x000000c9b6000000) (1024K)]
  0x000002634c1ad010 JavaThread "Finalizer"                  daemon [_thread_blocked, id=32416, stack(0x000000c9b6000000,0x000000c9b6100000) (1024K)]
  0x000002634c1b4370 JavaThread "Signal Dispatcher"          daemon [_thread_blocked, id=34392, stack(0x000000c9b6100000,0x000000c9b6200000) (1024K)]
  0x000002634c1b4ec0 JavaThread "Attach Listener"            daemon [_thread_blocked, id=31612, stack(0x000000c9b6200000,0x000000c9b6300000) (1024K)]
  0x000002634c1b6c90 JavaThread "Service Thread"             daemon [_thread_blocked, id=34900, stack(0x000000c9b6300000,0x000000c9b6400000) (1024K)]
  0x000002634c1bb190 JavaThread "Monitor Deflation Thread"   daemon [_thread_blocked, id=32172, stack(0x000000c9b6400000,0x000000c9b6500000) (1024K)]
  0x000002634c1c58f0 JavaThread "C2 CompilerThread0"         daemon [_thread_blocked, id=22608, stack(0x000000c9b6500000,0x000000c9b6600000) (1024K)]
  0x000002634c1c65c0 JavaThread "C1 CompilerThread0"         daemon [_thread_blocked, id=31692, stack(0x000000c9b6600000,0x000000c9b6700000) (1024K)]
  0x000002634c2c3ae0 JavaThread "Common-Cleaner"             daemon [_thread_blocked, id=34612, stack(0x000000c9b6700000,0x000000c9b6800000) (1024K)]
  0x000002634c314e90 JavaThread "C2 CompilerThread1"         daemon [_thread_blocked, id=25320, stack(0x000000c9b6800000,0x000000c9b6900000) (1024K)]
  0x000002634c2c4800 JavaThread "Notification Thread"        daemon [_thread_blocked, id=27256, stack(0x000000c9b6900000,0x000000c9b6a00000) (1024K)]
  0x000002634c2c5bb0 JavaThread "Java2D Disposer"            daemon [_thread_blocked, id=26852, stack(0x000000c9b6a00000,0x000000c9b6b00000) (1024K)]
  0x000002634c2c6240 JavaThread "AWT-Shutdown"                      [_thread_blocked, id=27744, stack(0x000000c9b6b00000,0x000000c9b6c00000) (1024K)]
  0x000002634c2c4170 JavaThread "AWT-Windows"                daemon [_thread_in_native, id=27776, stack(0x000000c9b6c00000,0x000000c9b6d00000) (1024K)]
  0x000002634c2c3450 JavaThread "Image Fetcher 0"            daemon [_thread_blocked, id=33672, stack(0x000000c9b6d00000,0x000000c9b6e00000) (1024K)]
  0x000002634c2c4e90 JavaThread "mysql-cj-abandoned-connection-cleanup" daemon [_thread_blocked, id=15276, stack(0x000000c9b6e00000,0x000000c9b6f00000) (1024K)]
=>0x000002634cb06f90 JavaThread "C2 CompilerThread2"         daemon [_thread_in_native, id=32900, stack(0x000000c9b6f00000,0x000000c9b7000000) (1024K)]
  0x000002634c2c5520 JavaThread "AWT-EventQueue-0"                  [_thread_blocked, id=28112, stack(0x000000c9b7700000,0x000000c9b7800000) (1024K)]
Total: 19

Other Threads:
  0x000002634be5ebb0 VMThread "VM Thread"                           [id=28604, stack(0x000000c9b5e00000,0x000000c9b5f00000) (1024K)]
  0x000002634be4df70 WatcherThread "VM Periodic Task Thread"        [id=24588, stack(0x000000c9b5d00000,0x000000c9b5e00000) (1024K)]
  0x000002632f62cb50 WorkerThread "GC Thread#0"                     [id=34920, stack(0x000000c9b5800000,0x000000c9b5900000) (1024K)]
  0x000002634ce15110 WorkerThread "GC Thread#1"                     [id=4692, stack(0x000000c9b7000000,0x000000c9b7100000) (1024K)]
  0x000002634ce154c0 WorkerThread "GC Thread#2"                     [id=28612, stack(0x000000c9b7100000,0x000000c9b7200000) (1024K)]
  0x000002634ce15870 WorkerThread "GC Thread#3"                     [id=30880, stack(0x000000c9b7200000,0x000000c9b7300000) (1024K)]
  0x000002634cd84c70 WorkerThread "GC Thread#4"                     [id=25972, stack(0x000000c9b7300000,0x000000c9b7400000) (1024K)]
  0x000002634c9bb7f0 WorkerThread "GC Thread#5"                     [id=9896, stack(0x000000c9b7400000,0x000000c9b7500000) (1024K)]
  0x000002634cc0e790 WorkerThread "GC Thread#6"                     [id=8068, stack(0x000000c9b7500000,0x000000c9b7600000) (1024K)]
  0x000002634cc0eb40 WorkerThread "GC Thread#7"                     [id=33112, stack(0x000000c9b7600000,0x000000c9b7700000) (1024K)]
  0x000002632f641330 ConcurrentGCThread "G1 Main Marker"            [id=25128, stack(0x000000c9b5900000,0x000000c9b5a00000) (1024K)]
  0x000002632f641e40 WorkerThread "G1 Conc#0"                       [id=6040, stack(0x000000c9b5a00000,0x000000c9b5b00000) (1024K)]
  0x000002634bd1ec50 ConcurrentGCThread "G1 Refine#0"               [id=4688, stack(0x000000c9b5b00000,0x000000c9b5c00000) (1024K)]
  0x000002634bd1f7d0 ConcurrentGCThread "G1 Service"                [id=31708, stack(0x000000c9b5c00000,0x000000c9b5d00000) (1024K)]
Total: 14

Threads with active compile tasks:
C2 CompilerThread2  1136 1385       4       sun.security.ec.ECOperations::setDouble (463 bytes)
Total: 1

VM state: not at safepoint (normal execution)

VM Mutex/Monitor currently owned by a thread: None

Heap address: 0x0000000083600000, size: 1994 MB, Compressed Oops mode: 32-bit

CDS archive(s) mapped at: [0x000002634d000000-0x000002634dd70000-0x000002634dd70000), size 14090240, SharedBaseAddress: 0x000002634d000000, ArchiveRelocationMode: 1.
Compressed class space mapped at: 0x000002634e000000-0x000002638e000000, reserved size: 1073741824
Narrow klass base: 0x000002634d000000, Narrow klass shift: 0, Narrow klass range: 0x41000000

GC Precious Log:
 CardTable entry size: 512
 Card Set container configuration: InlinePtr #cards 5 size 8 Array Of Cards #cards 10 size 36 Howl #buckets 4 coarsen threshold 1843 Howl Bitmap #cards 512 size 80 coarsen threshold 460 Card regions per heap region 1 cards per card region 2048
 CPUs: 8 total, 8 available
 Memory: 7971M
 Large Page Support: Disabled
 NUMA Support: Disabled
 Compressed Oops: Enabled (32-bit)
 Heap Region Size: 1M
 Heap Min Capacity: 8M
 Heap Initial Capacity: 126M
 Heap Max Capacity: 1994M
 Pre-touch: Disabled
 Parallel Workers: 8
 Concurrent Workers: 2
 Concurrent Refinement Workers: 8
 Periodic GC: Disabled

Heap:
 garbage-first heap   total reserved 2041856K, committed 129024K, used 15040K [0x0000000083600000, 0x0000000100000000)
  region size 1024K, 6 young (6144K), 3 survivors (3072K)
 Metaspace       used 14934K, committed 15168K, reserved 1114112K
  class space    used 1676K, committed 1792K, reserved 1048576K

Heap Regions: E=young(eden), S=young(survivor), O=old, HS=humongous(starts), HC=humongous(continues), CS=collection set, F=free, TAMS=top-at-mark-start, PB=parsable bottom
|   0|0x0000000083600000, 0x0000000083700000, 0x0000000083700000|100%|HS|  |TAMS 0x0000000083600000| PB 0x0000000083600000| Complete |  0
|   1|0x0000000083700000, 0x0000000083800000, 0x0000000083800000|100%|HC|  |TAMS 0x0000000083700000| PB 0x0000000083700000| Complete |  0
|   2|0x0000000083800000, 0x0000000083900000, 0x0000000083900000|100%|HC|  |TAMS 0x0000000083800000| PB 0x0000000083800000| Complete |  0
|   3|0x0000000083900000, 0x0000000083a00000, 0x0000000083a00000|100%|HC|  |TAMS 0x0000000083900000| PB 0x0000000083900000| Complete |  0
|   4|0x0000000083a00000, 0x0000000083b00000, 0x0000000083b00000|100%|HS|  |TAMS 0x0000000083a00000| PB 0x0000000083a00000| Complete |  0
|   5|0x0000000083b00000, 0x0000000083c00000, 0x0000000083c00000|100%|HC|  |TAMS 0x0000000083b00000| PB 0x0000000083b00000| Complete |  0
|   6|0x0000000083c00000, 0x0000000083d00000, 0x0000000083d00000|100%|HC|  |TAMS 0x0000000083c00000| PB 0x0000000083c00000| Complete |  0
|   7|0x0000000083d00000, 0x0000000083e00000, 0x0000000083e00000|100%|HC|  |TAMS 0x0000000083d00000| PB 0x0000000083d00000| Complete |  0
|   8|0x0000000083e00000, 0x0000000083f00000, 0x0000000083f00000|100%| O|  |TAMS 0x0000000083e00000| PB 0x0000000083e00000| Untracked |  0
|   9|0x0000000083f00000, 0x0000000083fb0000, 0x0000000084000000| 68%| O|  |TAMS 0x0000000083f00000| PB 0x0000000083f00000| Untracked |  0
|  10|0x0000000084000000, 0x0000000084000000, 0x0000000084100000|  0%| F|  |TAMS 0x0000000084000000| PB 0x0000000084000000| Untracked |  0
|  11|0x0000000084100000, 0x0000000084100000, 0x0000000084200000|  0%| F|  |TAMS 0x0000000084100000| PB 0x0000000084100000| Untracked |  0
|  12|0x0000000084200000, 0x0000000084200000, 0x0000000084300000|  0%| F|  |TAMS 0x0000000084200000| PB 0x0000000084200000| Untracked |  0
|  13|0x0000000084300000, 0x0000000084300000, 0x0000000084400000|  0%| F|  |TAMS 0x0000000084300000| PB 0x0000000084300000| Untracked |  0
|  14|0x0000000084400000, 0x0000000084400000, 0x0000000084500000|  0%| F|  |TAMS 0x0000000084400000| PB 0x0000000084400000| Untracked |  0
|  15|0x0000000084500000, 0x0000000084500000, 0x0000000084600000|  0%| F|  |TAMS 0x0000000084500000| PB 0x0000000084500000| Untracked |  0
|  16|0x0000000084600000, 0x0000000084600000, 0x0000000084700000|  0%| F|  |TAMS 0x0000000084600000| PB 0x0000000084600000| Untracked |  0
|  17|0x0000000084700000, 0x0000000084700000, 0x0000000084800000|  0%| F|  |TAMS 0x0000000084700000| PB 0x0000000084700000| Untracked |  0
|  18|0x0000000084800000, 0x0000000084800000, 0x0000000084900000|  0%| F|  |TAMS 0x0000000084800000| PB 0x0000000084800000| Untracked |  0
|  19|0x0000000084900000, 0x0000000084900000, 0x0000000084a00000|  0%| F|  |TAMS 0x0000000084900000| PB 0x0000000084900000| Untracked |  0
|  20|0x0000000084a00000, 0x0000000084a00000, 0x0000000084b00000|  0%| F|  |TAMS 0x0000000084a00000| PB 0x0000000084a00000| Untracked |  0
|  21|0x0000000084b00000, 0x0000000084b00000, 0x0000000084c00000|  0%| F|  |TAMS 0x0000000084b00000| PB 0x0000000084b00000| Untracked |  0
|  22|0x0000000084c00000, 0x0000000084c00000, 0x0000000084d00000|  0%| F|  |TAMS 0x0000000084c00000| PB 0x0000000084c00000| Untracked |  0
|  23|0x0000000084d00000, 0x0000000084d00000, 0x0000000084e00000|  0%| F|  |TAMS 0x0000000084d00000| PB 0x0000000084d00000| Untracked |  0
|  24|0x0000000084e00000, 0x0000000084e00000, 0x0000000084f00000|  0%| F|  |TAMS 0x0000000084e00000| PB 0x0000000084e00000| Untracked |  0
|  25|0x0000000084f00000, 0x0000000084f00000, 0x0000000085000000|  0%| F|  |TAMS 0x0000000084f00000| PB 0x0000000084f00000| Untracked |  0
|  26|0x0000000085000000, 0x0000000085000000, 0x0000000085100000|  0%| F|  |TAMS 0x0000000085000000| PB 0x0000000085000000| Untracked |  0
|  27|0x0000000085100000, 0x0000000085100000, 0x0000000085200000|  0%| F|  |TAMS 0x0000000085100000| PB 0x0000000085100000| Untracked |  0
|  28|0x0000000085200000, 0x0000000085200000, 0x0000000085300000|  0%| F|  |TAMS 0x0000000085200000| PB 0x0000000085200000| Untracked |  0
|  29|0x0000000085300000, 0x0000000085300000, 0x0000000085400000|  0%| F|  |TAMS 0x0000000085300000| PB 0x0000000085300000| Untracked |  0
|  30|0x0000000085400000, 0x0000000085400000, 0x0000000085500000|  0%| F|  |TAMS 0x0000000085400000| PB 0x0000000085400000| Untracked |  0
|  31|0x0000000085500000, 0x0000000085500000, 0x0000000085600000|  0%| F|  |TAMS 0x0000000085500000| PB 0x0000000085500000| Untracked |  0
|  32|0x0000000085600000, 0x0000000085600000, 0x0000000085700000|  0%| F|  |TAMS 0x0000000085600000| PB 0x0000000085600000| Untracked |  0
|  33|0x0000000085700000, 0x0000000085700000, 0x0000000085800000|  0%| F|  |TAMS 0x0000000085700000| PB 0x0000000085700000| Untracked |  0
|  34|0x0000000085800000, 0x0000000085800000, 0x0000000085900000|  0%| F|  |TAMS 0x0000000085800000| PB 0x0000000085800000| Untracked |  0
|  35|0x0000000085900000, 0x0000000085900000, 0x0000000085a00000|  0%| F|  |TAMS 0x0000000085900000| PB 0x0000000085900000| Untracked |  0
|  36|0x0000000085a00000, 0x0000000085a00000, 0x0000000085b00000|  0%| F|  |TAMS 0x0000000085a00000| PB 0x0000000085a00000| Untracked |  0
|  37|0x0000000085b00000, 0x0000000085b00000, 0x0000000085c00000|  0%| F|  |TAMS 0x0000000085b00000| PB 0x0000000085b00000| Untracked |  0
|  38|0x0000000085c00000, 0x0000000085c00000, 0x0000000085d00000|  0%| F|  |TAMS 0x0000000085c00000| PB 0x0000000085c00000| Untracked |  0
|  39|0x0000000085d00000, 0x0000000085d00000, 0x0000000085e00000|  0%| F|  |TAMS 0x0000000085d00000| PB 0x0000000085d00000| Untracked |  0
|  40|0x0000000085e00000, 0x0000000085e00000, 0x0000000085f00000|  0%| F|  |TAMS 0x0000000085e00000| PB 0x0000000085e00000| Untracked |  0
|  41|0x0000000085f00000, 0x0000000085f00000, 0x0000000086000000|  0%| F|  |TAMS 0x0000000085f00000| PB 0x0000000085f00000| Untracked |  0
|  42|0x0000000086000000, 0x0000000086000000, 0x0000000086100000|  0%| F|  |TAMS 0x0000000086000000| PB 0x0000000086000000| Untracked |  0
|  43|0x0000000086100000, 0x0000000086100000, 0x0000000086200000|  0%| F|  |TAMS 0x0000000086100000| PB 0x0000000086100000| Untracked |  0
|  44|0x0000000086200000, 0x0000000086200000, 0x0000000086300000|  0%| F|  |TAMS 0x0000000086200000| PB 0x0000000086200000| Untracked |  0
|  45|0x0000000086300000, 0x0000000086300000, 0x0000000086400000|  0%| F|  |TAMS 0x0000000086300000| PB 0x0000000086300000| Untracked |  0
|  46|0x0000000086400000, 0x0000000086400000, 0x0000000086500000|  0%| F|  |TAMS 0x0000000086400000| PB 0x0000000086400000| Untracked |  0
|  47|0x0000000086500000, 0x0000000086500000, 0x0000000086600000|  0%| F|  |TAMS 0x0000000086500000| PB 0x0000000086500000| Untracked |  0
|  48|0x0000000086600000, 0x0000000086600000, 0x0000000086700000|  0%| F|  |TAMS 0x0000000086600000| PB 0x0000000086600000| Untracked |  0
|  49|0x0000000086700000, 0x0000000086700000, 0x0000000086800000|  0%| F|  |TAMS 0x0000000086700000| PB 0x0000000086700000| Untracked |  0
|  50|0x0000000086800000, 0x0000000086800000, 0x0000000086900000|  0%| F|  |TAMS 0x0000000086800000| PB 0x0000000086800000| Untracked |  0
|  51|0x0000000086900000, 0x0000000086900000, 0x0000000086a00000|  0%| F|  |TAMS 0x0000000086900000| PB 0x0000000086900000| Untracked |  0
|  52|0x0000000086a00000, 0x0000000086a00000, 0x0000000086b00000|  0%| F|  |TAMS 0x0000000086a00000| PB 0x0000000086a00000| Untracked |  0
|  53|0x0000000086b00000, 0x0000000086b00000, 0x0000000086c00000|  0%| F|  |TAMS 0x0000000086b00000| PB 0x0000000086b00000| Untracked |  0
|  54|0x0000000086c00000, 0x0000000086c00000, 0x0000000086d00000|  0%| F|  |TAMS 0x0000000086c00000| PB 0x0000000086c00000| Untracked |  0
|  55|0x0000000086d00000, 0x0000000086d00000, 0x0000000086e00000|  0%| F|  |TAMS 0x0000000086d00000| PB 0x0000000086d00000| Untracked |  0
|  56|0x0000000086e00000, 0x0000000086e00000, 0x0000000086f00000|  0%| F|  |TAMS 0x0000000086e00000| PB 0x0000000086e00000| Untracked |  0
|  57|0x0000000086f00000, 0x0000000086f00000, 0x0000000087000000|  0%| F|  |TAMS 0x0000000086f00000| PB 0x0000000086f00000| Untracked |  0
|  58|0x0000000087000000, 0x0000000087000000, 0x0000000087100000|  0%| F|  |TAMS 0x0000000087000000| PB 0x0000000087000000| Untracked |  0
|  59|0x0000000087100000, 0x0000000087100000, 0x0000000087200000|  0%| F|  |TAMS 0x0000000087100000| PB 0x0000000087100000| Untracked |  0
|  60|0x0000000087200000, 0x0000000087200000, 0x0000000087300000|  0%| F|  |TAMS 0x0000000087200000| PB 0x0000000087200000| Untracked |  0
|  61|0x0000000087300000, 0x0000000087300000, 0x0000000087400000|  0%| F|  |TAMS 0x0000000087300000| PB 0x0000000087300000| Untracked |  0
|  62|0x0000000087400000, 0x0000000087400000, 0x0000000087500000|  0%| F|  |TAMS 0x0000000087400000| PB 0x0000000087400000| Untracked |  0
|  63|0x0000000087500000, 0x0000000087500000, 0x0000000087600000|  0%| F|  |TAMS 0x0000000087500000| PB 0x0000000087500000| Untracked |  0
|  64|0x0000000087600000, 0x0000000087600000, 0x0000000087700000|  0%| F|  |TAMS 0x0000000087600000| PB 0x0000000087600000| Untracked |  0
|  65|0x0000000087700000, 0x0000000087700000, 0x0000000087800000|  0%| F|  |TAMS 0x0000000087700000| PB 0x0000000087700000| Untracked |  0
|  66|0x0000000087800000, 0x0000000087800000, 0x0000000087900000|  0%| F|  |TAMS 0x0000000087800000| PB 0x0000000087800000| Untracked |  0
|  67|0x0000000087900000, 0x0000000087900000, 0x0000000087a00000|  0%| F|  |TAMS 0x0000000087900000| PB 0x0000000087900000| Untracked |  0
|  68|0x0000000087a00000, 0x0000000087a00000, 0x0000000087b00000|  0%| F|  |TAMS 0x0000000087a00000| PB 0x0000000087a00000| Untracked |  0
|  69|0x0000000087b00000, 0x0000000087b00000, 0x0000000087c00000|  0%| F|  |TAMS 0x0000000087b00000| PB 0x0000000087b00000| Untracked |  0
|  70|0x0000000087c00000, 0x0000000087c00000, 0x0000000087d00000|  0%| F|  |TAMS 0x0000000087c00000| PB 0x0000000087c00000| Untracked |  0
|  71|0x0000000087d00000, 0x0000000087d00000, 0x0000000087e00000|  0%| F|  |TAMS 0x0000000087d00000| PB 0x0000000087d00000| Untracked |  0
|  72|0x0000000087e00000, 0x0000000087e00000, 0x0000000087f00000|  0%| F|  |TAMS 0x0000000087e00000| PB 0x0000000087e00000| Untracked |  0
|  73|0x0000000087f00000, 0x0000000087f00000, 0x0000000088000000|  0%| F|  |TAMS 0x0000000087f00000| PB 0x0000000087f00000| Untracked |  0
|  74|0x0000000088000000, 0x0000000088000000, 0x0000000088100000|  0%| F|  |TAMS 0x0000000088000000| PB 0x0000000088000000| Untracked |  0
|  75|0x0000000088100000, 0x0000000088100000, 0x0000000088200000|  0%| F|  |TAMS 0x0000000088100000| PB 0x0000000088100000| Untracked |  0
|  76|0x0000000088200000, 0x0000000088200000, 0x0000000088300000|  0%| F|  |TAMS 0x0000000088200000| PB 0x0000000088200000| Untracked |  0
|  77|0x0000000088300000, 0x0000000088300000, 0x0000000088400000|  0%| F|  |TAMS 0x0000000088300000| PB 0x0000000088300000| Untracked |  0
|  78|0x0000000088400000, 0x0000000088400000, 0x0000000088500000|  0%| F|  |TAMS 0x0000000088400000| PB 0x0000000088400000| Untracked |  0
|  79|0x0000000088500000, 0x0000000088500000, 0x0000000088600000|  0%| F|  |TAMS 0x0000000088500000| PB 0x0000000088500000| Untracked |  0
|  80|0x0000000088600000, 0x0000000088600000, 0x0000000088700000|  0%| F|  |TAMS 0x0000000088600000| PB 0x0000000088600000| Untracked |  0
|  81|0x0000000088700000, 0x0000000088700000, 0x0000000088800000|  0%| F|  |TAMS 0x0000000088700000| PB 0x0000000088700000| Untracked |  0
|  82|0x0000000088800000, 0x0000000088800000, 0x0000000088900000|  0%| F|  |TAMS 0x0000000088800000| PB 0x0000000088800000| Untracked |  0
|  83|0x0000000088900000, 0x0000000088900000, 0x0000000088a00000|  0%| F|  |TAMS 0x0000000088900000| PB 0x0000000088900000| Untracked |  0
|  84|0x0000000088a00000, 0x0000000088a00000, 0x0000000088b00000|  0%| F|  |TAMS 0x0000000088a00000| PB 0x0000000088a00000| Untracked |  0
|  85|0x0000000088b00000, 0x0000000088b00000, 0x0000000088c00000|  0%| F|  |TAMS 0x0000000088b00000| PB 0x0000000088b00000| Untracked |  0
|  86|0x0000000088c00000, 0x0000000088c00000, 0x0000000088d00000|  0%| F|  |TAMS 0x0000000088c00000| PB 0x0000000088c00000| Untracked |  0
|  87|0x0000000088d00000, 0x0000000088d00000, 0x0000000088e00000|  0%| F|  |TAMS 0x0000000088d00000| PB 0x0000000088d00000| Untracked |  0
|  88|0x0000000088e00000, 0x0000000088e00000, 0x0000000088f00000|  0%| F|  |TAMS 0x0000000088e00000| PB 0x0000000088e00000| Untracked |  0
|  89|0x0000000088f00000, 0x0000000088f00000, 0x0000000089000000|  0%| F|  |TAMS 0x0000000088f00000| PB 0x0000000088f00000| Untracked |  0
|  90|0x0000000089000000, 0x0000000089000000, 0x0000000089100000|  0%| F|  |TAMS 0x0000000089000000| PB 0x0000000089000000| Untracked |  0
|  91|0x0000000089100000, 0x0000000089100000, 0x0000000089200000|  0%| F|  |TAMS 0x0000000089100000| PB 0x0000000089100000| Untracked |  0
|  92|0x0000000089200000, 0x0000000089200000, 0x0000000089300000|  0%| F|  |TAMS 0x0000000089200000| PB 0x0000000089200000| Untracked |  0
|  93|0x0000000089300000, 0x0000000089300000, 0x0000000089400000|  0%| F|  |TAMS 0x0000000089300000| PB 0x0000000089300000| Untracked |  0
|  94|0x0000000089400000, 0x0000000089400000, 0x0000000089500000|  0%| F|  |TAMS 0x0000000089400000| PB 0x0000000089400000| Untracked |  0
|  95|0x0000000089500000, 0x0000000089500000, 0x0000000089600000|  0%| F|  |TAMS 0x0000000089500000| PB 0x0000000089500000| Untracked |  0
|  96|0x0000000089600000, 0x0000000089600000, 0x0000000089700000|  0%| F|  |TAMS 0x0000000089600000| PB 0x0000000089600000| Untracked |  0
|  97|0x0000000089700000, 0x0000000089700000, 0x0000000089800000|  0%| F|  |TAMS 0x0000000089700000| PB 0x0000000089700000| Untracked |  0
|  98|0x0000000089800000, 0x0000000089800000, 0x0000000089900000|  0%| F|  |TAMS 0x0000000089800000| PB 0x0000000089800000| Untracked |  0
|  99|0x0000000089900000, 0x0000000089a00000, 0x0000000089a00000|100%| S|CS|TAMS 0x0000000089900000| PB 0x0000000089900000| Complete |  0
| 100|0x0000000089a00000, 0x0000000089b00000, 0x0000000089b00000|100%| S|CS|TAMS 0x0000000089a00000| PB 0x0000000089a00000| Complete |  0
| 101|0x0000000089b00000, 0x0000000089c00000, 0x0000000089c00000|100%| S|CS|TAMS 0x0000000089b00000| PB 0x0000000089b00000| Complete |  0
| 102|0x0000000089c00000, 0x0000000089c00000, 0x0000000089d00000|  0%| F|  |TAMS 0x0000000089c00000| PB 0x0000000089c00000| Untracked |  0
| 103|0x0000000089d00000, 0x0000000089d00000, 0x0000000089e00000|  0%| F|  |TAMS 0x0000000089d00000| PB 0x0000000089d00000| Untracked |  0
| 104|0x0000000089e00000, 0x0000000089e00000, 0x0000000089f00000|  0%| F|  |TAMS 0x0000000089e00000| PB 0x0000000089e00000| Untracked |  0
| 105|0x0000000089f00000, 0x0000000089f00000, 0x000000008a000000|  0%| F|  |TAMS 0x0000000089f00000| PB 0x0000000089f00000| Untracked |  0
| 106|0x000000008a000000, 0x000000008a000000, 0x000000008a100000|  0%| F|  |TAMS 0x000000008a000000| PB 0x000000008a000000| Untracked |  0
| 107|0x000000008a100000, 0x000000008a100000, 0x000000008a200000|  0%| F|  |TAMS 0x000000008a100000| PB 0x000000008a100000| Untracked |  0
| 108|0x000000008a200000, 0x000000008a200000, 0x000000008a300000|  0%| F|  |TAMS 0x000000008a200000| PB 0x000000008a200000| Untracked |  0
| 109|0x000000008a300000, 0x000000008a300000, 0x000000008a400000|  0%| F|  |TAMS 0x000000008a300000| PB 0x000000008a300000| Untracked |  0
| 110|0x000000008a400000, 0x000000008a400000, 0x000000008a500000|  0%| F|  |TAMS 0x000000008a400000| PB 0x000000008a400000| Untracked |  0
| 111|0x000000008a500000, 0x000000008a500000, 0x000000008a600000|  0%| F|  |TAMS 0x000000008a500000| PB 0x000000008a500000| Untracked |  0
| 112|0x000000008a600000, 0x000000008a600000, 0x000000008a700000|  0%| F|  |TAMS 0x000000008a600000| PB 0x000000008a600000| Untracked |  0
| 113|0x000000008a700000, 0x000000008a700000, 0x000000008a800000|  0%| F|  |TAMS 0x000000008a700000| PB 0x000000008a700000| Untracked |  0
| 114|0x000000008a800000, 0x000000008a800000, 0x000000008a900000|  0%| F|  |TAMS 0x000000008a800000| PB 0x000000008a800000| Untracked |  0
| 115|0x000000008a900000, 0x000000008a900000, 0x000000008aa00000|  0%| F|  |TAMS 0x000000008a900000| PB 0x000000008a900000| Untracked |  0
| 116|0x000000008aa00000, 0x000000008aa00000, 0x000000008ab00000|  0%| F|  |TAMS 0x000000008aa00000| PB 0x000000008aa00000| Untracked |  0
| 117|0x000000008ab00000, 0x000000008ab00000, 0x000000008ac00000|  0%| F|  |TAMS 0x000000008ab00000| PB 0x000000008ab00000| Untracked |  0
| 118|0x000000008ac00000, 0x000000008ac00000, 0x000000008ad00000|  0%| F|  |TAMS 0x000000008ac00000| PB 0x000000008ac00000| Untracked |  0
| 119|0x000000008ad00000, 0x000000008ad00000, 0x000000008ae00000|  0%| F|  |TAMS 0x000000008ad00000| PB 0x000000008ad00000| Untracked |  0
| 120|0x000000008ae00000, 0x000000008ae00000, 0x000000008af00000|  0%| F|  |TAMS 0x000000008ae00000| PB 0x000000008ae00000| Untracked |  0
| 121|0x000000008af00000, 0x000000008af00000, 0x000000008b000000|  0%| F|  |TAMS 0x000000008af00000| PB 0x000000008af00000| Untracked |  0
| 122|0x000000008b000000, 0x000000008b000000, 0x000000008b100000|  0%| F|  |TAMS 0x000000008b000000| PB 0x000000008b000000| Untracked |  0
| 123|0x000000008b100000, 0x000000008b1f5510, 0x000000008b200000| 95%| E|  |TAMS 0x000000008b100000| PB 0x000000008b100000| Complete |  0
| 124|0x000000008b200000, 0x000000008b300000, 0x000000008b300000|100%| E|CS|TAMS 0x000000008b200000| PB 0x000000008b200000| Complete |  0
| 125|0x000000008b300000, 0x000000008b400000, 0x000000008b400000|100%| E|CS|TAMS 0x000000008b300000| PB 0x000000008b300000| Complete |  0

Card table byte_map: [0x00000263473f0000,0x00000263477e0000] _byte_map_base: 0x0000026346fd5000

Marking Bits: (CMBitMap*) 0x000002632f62d260
 Bits: [0x00000263477e0000, 0x0000026349708000)

Polling page: 0x000002632ecf0000

Metaspace:

Usage:
  Non-class:     12.95 MB used.
      Class:      1.64 MB used.
       Both:     14.58 MB used.

Virtual space:
  Non-class space:       64.00 MB reserved,      13.06 MB ( 20%) committed,  1 nodes.
      Class space:        1.00 GB reserved,       1.75 MB ( <1%) committed,  1 nodes.
             Both:        1.06 GB reserved,      14.81 MB (  1%) committed. 

Chunk freelists:
   Non-Class:  2.96 MB
       Class:  14.18 MB
        Both:  17.14 MB

MaxMetaspaceSize: unlimited
CompressedClassSpaceSize: 1.00 GB
Initial GC threshold: 21.00 MB
Current GC threshold: 21.00 MB
CDS: on
 - commit_granule_bytes: 65536.
 - commit_granule_words: 8192.
 - virtual_space_node_default_size: 8388608.
 - enlarge_chunks_in_place: 1.
 - use_allocation_guard: 0.


Internal statistics:

num_allocs_failed_limit: 0.
num_arena_births: 184.
num_arena_deaths: 0.
num_vsnodes_births: 2.
num_vsnodes_deaths: 0.
num_space_committed: 237.
num_space_uncommitted: 0.
num_chunks_returned_to_freelist: 0.
num_chunks_taken_from_freelist: 357.
num_chunk_merges: 0.
num_chunk_splits: 217.
num_chunks_enlarged: 126.
num_inconsistent_stats: 0.

CodeHeap 'non-profiled nmethods': size=120064Kb used=515Kb max_used=515Kb free=119548Kb
 bounds [0x000002633f790000, 0x000002633fa00000, 0x0000026346cd0000]
CodeHeap 'profiled nmethods': size=120000Kb used=2086Kb max_used=2086Kb free=117913Kb
 bounds [0x0000026337cd0000, 0x0000026337f40000, 0x000002633f200000]
CodeHeap 'non-nmethods': size=5696Kb used=1808Kb max_used=1820Kb free=3887Kb
 bounds [0x000002633f200000, 0x000002633f470000, 0x000002633f790000]
CodeCache: size=245760Kb, used=4409Kb, max_used=4421Kb, free=241348Kb
 total_blobs=2320, nmethods=1614, adapters=612, full_count=0
Compilation: enabled, stopped_count=0, restarted_count=0

Compilation events (20 events):
Event: 0.987 Thread 0x000002634c1c65c0 nmethod 1575 0x0000026337ec8b08 code [0x0000026337ec8c20, 0x0000026337ec8de8]
Event: 0.987 Thread 0x000002634c1c65c0 1576       3       sun.awt.FontConfiguration::contains (24 bytes)
Event: 0.987 Thread 0x000002634c314e90 1577       4       java.util.HashSet::add (20 bytes)
Event: 0.987 Thread 0x000002634c1c65c0 nmethod 1576 0x0000026337ec8e08 code [0x0000026337ec8f40, 0x0000026337ec9158]
Event: 0.987 Thread 0x000002634c1c65c0 1578       3       sun.awt.FontConfiguration::getComponentFontID (25 bytes)
Event: 0.987 Thread 0x000002634c1c65c0 nmethod 1578 0x0000026337ec9188 code [0x0000026337ec92a0, 0x0000026337ec9458]
Event: 0.987 Thread 0x000002634c1c65c0 1580       3       java.lang.Short::hashCode (8 bytes)
Event: 0.987 Thread 0x000002634c1c65c0 nmethod 1580 0x0000026337ec9488 code [0x0000026337ec95a0, 0x0000026337ec9708]
Event: 0.987 Thread 0x000002634c1c65c0 1579       3       java.lang.Short::valueOf (37 bytes)
Event: 0.987 Thread 0x000002634c1c65c0 nmethod 1579 0x0000026337ec9788 code [0x0000026337ec98c0, 0x0000026337ec9bb8]
Event: 0.987 Thread 0x000002634c1c65c0 1581       3       java.lang.Short::hashCode (2 bytes)
Event: 0.988 Thread 0x000002634c1c65c0 nmethod 1581 0x0000026337ec9c08 code [0x0000026337ec9d20, 0x0000026337ec9e10]
Event: 0.988 Thread 0x000002634c1c65c0 1582       3       java.lang.Class::getComponentType (14 bytes)
Event: 0.988 Thread 0x000002634c1c65c0 nmethod 1582 0x0000026337ec9f08 code [0x0000026337eca040, 0x0000026337eca1f0]
Event: 0.988 Thread 0x000002634c1c65c0 1583       3       java.lang.StringUTF16::compress (47 bytes)
Event: 0.988 Thread 0x000002634c1c65c0 nmethod 1583 0x0000026337eca208 code [0x0000026337eca340, 0x0000026337eca588]
Event: 0.988 Thread 0x000002634c1c65c0 1584       3       java.lang.invoke.LambdaFormEditor$TransformKey::ival (25 bytes)
Event: 0.988 Thread 0x000002634c1c65c0 nmethod 1584 0x0000026337eca608 code [0x0000026337eca720, 0x0000026337eca820]
Event: 0.988 Thread 0x000002634c1c65c0 1586       3       java.util.StringTokenizer::setMaxDelimCodePoint (156 bytes)
Event: 0.989 Thread 0x000002634c1c58f0 1588       4       java.lang.String::checkBoundsBeginEnd (11 bytes)

GC Heap History (2 events):
Event: 0.866 GC heap before
{Heap before GC invocations=0 (full 0):
 garbage-first heap   total reserved 2041856K, committed 129024K, used 32768K [0x0000000083600000, 0x0000000100000000)
  region size 1024K, 24 young (24576K), 0 survivors (0K)
 Metaspace       used 12888K, committed 13184K, reserved 1114112K
  class space    used 1431K, committed 1536K, reserved 1048576K
}
Event: 0.874 GC heap after
{Heap after GC invocations=1 (full 0):
 garbage-first heap   total reserved 2041856K, committed 129024K, used 12992K [0x0000000083600000, 0x0000000100000000)
  region size 1024K, 3 young (3072K), 3 survivors (3072K)
 Metaspace       used 12888K, committed 13184K, reserved 1114112K
  class space    used 1431K, committed 1536K, reserved 1048576K
}

Dll operation events (12 events):
Event: 0.012 Loaded shared library C:\Program Files\Java\jdk-23\bin\java.dll
Event: 0.049 Loaded shared library C:\Program Files\Java\jdk-23\bin\jsvml.dll
Event: 0.074 Loaded shared library C:\Program Files\Java\jdk-23\bin\net.dll
Event: 0.076 Loaded shared library C:\Program Files\Java\jdk-23\bin\nio.dll
Event: 0.093 Loaded shared library C:\Program Files\Java\jdk-23\bin\zip.dll
Event: 0.107 Loaded shared library C:\Program Files\Java\jdk-23\bin\jimage.dll
Event: 0.124 Loaded shared library C:\Program Files\Java\jdk-23\bin\awt.dll
Event: 0.325 Loaded shared library C:\Program Files\Java\jdk-23\bin\javajpeg.dll
Event: 0.526 Loaded shared library C:\Program Files\Java\jdk-23\bin\extnet.dll
Event: 0.754 Loaded shared library C:\Program Files\Java\jdk-23\bin\sunmscapi.dll
Event: 0.978 Loaded shared library C:\Program Files\Java\jdk-23\bin\freetype.dll
Event: 0.979 Loaded shared library C:\Program Files\Java\jdk-23\bin\fontmanager.dll

Deoptimization events (20 events):
Event: 0.759 Thread 0x000002632f5db6c0 Uncommon trap: trap_request=0xffffff45 fr.pc=0x000002633f7c6000 relative=0x0000000000000260
Event: 0.759 Thread 0x000002632f5db6c0 Uncommon trap: reason=unstable_if action=reinterpret pc=0x000002633f7c6000 method=java.util.HashMap.putVal(ILjava/lang/Object;Ljava/lang/Object;ZZ)Ljava/lang/Object; @ 162 c2
Event: 0.759 Thread 0x000002632f5db6c0 DEOPT PACKING pc=0x000002633f7c6000 sp=0x000000c9b57fc7c0
Event: 0.759 Thread 0x000002632f5db6c0 DEOPT UNPACKING pc=0x000002633f257982 sp=0x000000c9b57fc6f8 mode 2
Event: 0.848 Thread 0x000002632f5db6c0 Uncommon trap: trap_request=0xffffff66 fr.pc=0x000002633f801e2c relative=0x00000000000001ec
Event: 0.848 Thread 0x000002632f5db6c0 Uncommon trap: reason=speculate_class_check action=maybe_recompile pc=0x000002633f801e2c method=sun.security.util.math.intpoly.IntegerPolynomial.multByInt([JJ)V @ 26 c2
Event: 0.848 Thread 0x000002632f5db6c0 DEOPT PACKING pc=0x000002633f801e2c sp=0x000000c9b57fe380
Event: 0.848 Thread 0x000002632f5db6c0 DEOPT UNPACKING pc=0x000002633f257982 sp=0x000000c9b57fe290 mode 2
Event: 0.884 Thread 0x000002632f5db6c0 Uncommon trap: trap_request=0xffffff45 fr.pc=0x000002633f7c5a88 relative=0x0000000000000068
Event: 0.884 Thread 0x000002632f5db6c0 Uncommon trap: reason=unstable_if action=reinterpret pc=0x000002633f7c5a88 method=java.lang.ref.ReferenceQueue.headIsNull()Z @ 4 c2
Event: 0.884 Thread 0x000002632f5db6c0 DEOPT PACKING pc=0x000002633f7c5a88 sp=0x000000c9b57fd920
Event: 0.884 Thread 0x000002632f5db6c0 DEOPT UNPACKING pc=0x000002633f257982 sp=0x000000c9b57fd7e0 mode 2
Event: 0.931 Thread 0x000002632f5db6c0 Uncommon trap: trap_request=0xffffff6e fr.pc=0x000002633f809514 relative=0x0000000000000474
Event: 0.931 Thread 0x000002632f5db6c0 Uncommon trap: reason=loop_limit_check action=maybe_recompile pc=0x000002633f809514 method=java.lang.StringLatin1.indexOf([BI[BII)I @ 37 c2
Event: 0.931 Thread 0x000002632f5db6c0 DEOPT PACKING pc=0x000002633f809514 sp=0x000000c9b57ff350
Event: 0.931 Thread 0x000002632f5db6c0 DEOPT UNPACKING pc=0x000002633f257982 sp=0x000000c9b57ff2b0 mode 2
Event: 0.987 Thread 0x000002632f5db6c0 Uncommon trap: trap_request=0xffffff45 fr.pc=0x000002633f7c3f68 relative=0x00000000000001e8
Event: 0.987 Thread 0x000002632f5db6c0 Uncommon trap: reason=unstable_if action=reinterpret pc=0x000002633f7c3f68 method=java.lang.StringUTF16.compress([CI[BII)I @ 20 c2
Event: 0.987 Thread 0x000002632f5db6c0 DEOPT PACKING pc=0x000002633f7c3f68 sp=0x000000c9b57fde70
Event: 0.987 Thread 0x000002632f5db6c0 DEOPT UNPACKING pc=0x000002633f257982 sp=0x000000c9b57fdde0 mode 2

Classes loaded (20 events):
Event: 0.982 Loading class sun/font/PlatformFontInfo
Event: 0.982 Loading class sun/font/PlatformFontInfo done
Event: 0.982 Loading class sun/awt/Win32FontManager
Event: 0.982 Loading class sun/awt/Win32FontManager done
Event: 0.982 Loading class sun/awt/Win32FontManager$1
Event: 0.982 Loading class sun/awt/Win32FontManager$1 done
Event: 0.982 Loading class sun/font/CompositeFont
Event: 0.982 Loading class sun/font/CompositeFont done
Event: 0.982 Loading class sun/font/SunFontManager$2
Event: 0.982 Loading class sun/font/SunFontManager$2 done
Event: 0.983 Loading class sun/awt/windows/WFontConfiguration
Event: 0.983 Loading class sun/awt/FontConfiguration
Event: 0.983 Loading class sun/awt/FontConfiguration done
Event: 0.984 Loading class sun/awt/windows/WFontConfiguration done
Event: 0.984 Loading class sun/awt/FontDescriptor
Event: 0.984 Loading class sun/awt/FontDescriptor done
Event: 0.987 Loading class java/lang/Short$ShortCache
Event: 0.987 Loading class java/lang/Short$ShortCache done
Event: 0.988 Loading class sun/font/SunFontManager$FontRegistrationInfo
Event: 0.988 Loading class sun/font/SunFontManager$FontRegistrationInfo done

Classes unloaded (0 events):
No events

Classes redefined (0 events):
No events

Internal exceptions (20 events):
Event: 0.078 Thread 0x000002632f5db6c0 Exception <a 'sun/nio/fs/WindowsException'{0x000000008b24dac0}> (0x000000008b24dac0) 
thrown [s\open\src\hotspot\share\prims\jni.cpp, line 520]
Event: 0.079 Thread 0x000002632f5db6c0 Exception <a 'sun/nio/fs/WindowsException'{0x000000008b24e3f8}> (0x000000008b24e3f8) 
thrown [s\open\src\hotspot\share\prims\jni.cpp, line 520]
Event: 0.113 Thread 0x000002632f5db6c0 Exception <a 'java/lang/ClassNotFoundException'{0x000000008b195728}: sun/awt/resources/spi/awtProvider> (0x000000008b195728) 
thrown [s\open\src\hotspot\share\classfile\systemDictionary.cpp, line 313]
Event: 0.135 Thread 0x000002632f5db6c0 Exception <a 'java/io/FileNotFoundException'{0x000000008b1e9308}> (0x000000008b1e9308) 
thrown [s\open\src\hotspot\share\prims\jni.cpp, line 520]
Event: 0.144 Thread 0x000002632f5db6c0 Exception <a 'java/io/FileNotFoundException'{0x000000008b017b28}> (0x000000008b017b28) 
thrown [s\open\src\hotspot\share\prims\jni.cpp, line 520]
Event: 0.219 Thread 0x000002632f5db6c0 Exception <a 'java/lang/NoSuchMethodError'{0x000000008b0b1f90}: 'void java.lang.invoke.DirectMethodHandle$Holder.invokeSpecial(java.lang.Object, java.lang.Object, java.lang.Object)'> (0x000000008b0b1f90) 
thrown [s\open\src\hotspot\share\interpreter\linkResolver.cpp, line 796]
Event: 0.230 Thread 0x000002632f5db6c0 Exception <a 'java/lang/NoSuchMethodError'{0x000000008af86b20}: 'java.lang.Object java.lang.invoke.DirectMethodHandle$Holder.invokeStatic(java.lang.Object, int, java.lang.Object)'> (0x000000008af86b20) 
thrown [s\open\src\hotspot\share\interpreter\linkResolver.cpp, line 796]
Event: 0.250 Thread 0x000002632f5db6c0 Exception <a 'java/lang/ClassNotFoundException'{0x000000008ae2db40}: com/sun/swing/internal/plaf/metal/resources/spi/metalProvider> (0x000000008ae2db40) 
thrown [s\open\src\hotspot\share\classfile\systemDictionary.cpp, line 313]
Event: 0.251 Thread 0x000002632f5db6c0 Exception <a 'java/lang/ClassNotFoundException'{0x000000008ae31b50}: com/sun/swing/internal/plaf/basic/resources/spi/basicProvider> (0x000000008ae31b50) 
thrown [s\open\src\hotspot\share\classfile\systemDictionary.cpp, line 313]
Event: 0.261 Thread 0x000002632f5db6c0 Exception <a 'java/lang/NoSuchMethodError'{0x000000008ae51588}: 'int java.lang.invoke.Invokers$Holder.invokeExact_MT(java.lang.Object, java.lang.Object)'> (0x000000008ae51588) 
thrown [s\open\src\hotspot\share\interpreter\linkResolver.cpp, line 796]
Event: 0.327 Thread 0x000002634c2c3450 Exception <a 'java/lang/NoSuchMethodError'{0x000000008ac21008}: 'java.lang.Object java.lang.invoke.DirectMethodHandle$Holder.newInvokeSpecial(java.lang.Object, java.lang.Object, java.lang.Object, int, int, int, int, int)'> (0x000000008ac21008) 
thrown [s\open\src\hotspot\share\interpreter\linkResolver.cpp, line 796]
Event: 0.395 Thread 0x000002632f5db6c0 Exception <a 'java/lang/NoSuchMethodError'{0x000000008a5a1618}: 'void java.lang.invoke.DirectMethodHandle$Holder.invokeStatic(java.lang.Object, java.lang.Object)'> (0x000000008a5a1618) 
thrown [s\open\src\hotspot\share\interpreter\linkResolver.cpp, line 796]
Event: 0.420 Thread 0x000002632f5db6c0 Exception <a 'java/lang/NoSuchMethodError'{0x000000008a435250}: 'java.lang.Object java.lang.invoke.DirectMethodHandle$Holder.invokeInterface(java.lang.Object, java.lang.Object)'> (0x000000008a435250) 
thrown [s\open\src\hotspot\share\interpreter\linkResolver.cpp, line 796]
Event: 0.441 Thread 0x000002632f5db6c0 Exception <a 'java/lang/NoSuchMethodError'{0x000000008a4b4540}: 'java.lang.Object java.lang.invoke.DirectMethodHandle$Holder.invokeVirtual(java.lang.Object, java.lang.Object, java.lang.Object)'> (0x000000008a4b4540) 
thrown [s\open\src\hotspot\share\interpreter\linkResolver.cpp, line 796]
Event: 0.578 Thread 0x000002632f5db6c0 Exception <a 'java/lang/NoSuchMethodError'{0x0000000089f66f40}: 'void java.lang.invoke.DirectMethodHandle$Holder.invokeStaticInit(java.lang.Object, java.lang.Object)'> (0x0000000089f66f40) 
thrown [s\open\src\hotspot\share\interpreter\linkResolver.cpp, line 796]
Event: 0.644 Thread 0x000002632f5db6c0 Exception <a 'sun/nio/fs/WindowsException'{0x0000000089e92070}> (0x0000000089e92070) 
thrown [s\open\src\hotspot\share\prims\jni.cpp, line 520]
Event: 0.682 Thread 0x000002632f5db6c0 Exception <a 'java/lang/NoSuchMethodError'{0x0000000089d39458}: 'java.lang.Object java.lang.invoke.DirectMethodHandle$Holder.invokeStaticInit(java.lang.Object, int, int, int, int)'> (0x0000000089d39458) 
thrown [s\open\src\hotspot\share\interpreter\linkResolver.cpp, line 796]
Event: 0.733 Thread 0x000002632f5db6c0 Exception <a 'java/lang/NoSuchMethodError'{0x0000000089df8510}: 'java.lang.Object java.lang.invoke.DirectMethodHandle$Holder.invokeStaticInit(java.lang.Object, java.lang.Object, int, int, int, int)'> (0x0000000089df8510) 
thrown [s\open\src\hotspot\share\interpreter\linkResolver.cpp, line 796]
Event: 0.847 Thread 0x000002632f5db6c0 Exception <a 'java/lang/NoSuchMethodError'{0x0000000089cd0aa8}: 'void java.lang.invoke.DirectMethodHandle$Holder.invokeVirtual(java.lang.Object, java.lang.Object)'> (0x0000000089cd0aa8) 
thrown [s\open\src\hotspot\share\interpreter\linkResolver.cpp, line 796]
Event: 0.972 Thread 0x000002632f5db6c0 Exception <a 'java/lang/NoSuchMethodError'{0x000000008b131400}: 'void java.lang.invoke.DirectMethodHandle$Holder.invokeStaticInit(java.lang.Object)'> (0x000000008b131400) 
thrown [s\open\src\hotspot\share\interpreter\linkResolver.cpp, line 796]

VM Operations (16 events):
Event: 0.080 Executing VM operation: HandshakeAllThreads (Deoptimize)
Event: 0.080 Executing VM operation: HandshakeAllThreads (Deoptimize) done
Event: 0.154 Executing VM operation: HandshakeAllThreads (Deoptimize)
Event: 0.154 Executing VM operation: HandshakeAllThreads (Deoptimize) done
Event: 0.312 Executing VM operation: HandshakeAllThreads (Deoptimize)
Event: 0.312 Executing VM operation: HandshakeAllThreads (Deoptimize) done
Event: 0.351 Executing VM operation: HandshakeAllThreads (Deoptimize)
Event: 0.351 Executing VM operation: HandshakeAllThreads (Deoptimize) done
Event: 0.375 Executing VM operation: HandshakeAllThreads (Deoptimize)
Event: 0.375 Executing VM operation: HandshakeAllThreads (Deoptimize) done
Event: 0.401 Executing VM operation: HandshakeAllThreads (Deoptimize)
Event: 0.401 Executing VM operation: HandshakeAllThreads (Deoptimize) done
Event: 0.628 Executing VM operation: HandshakeAllThreads (Deoptimize)
Event: 0.628 Executing VM operation: HandshakeAllThreads (Deoptimize) done
Event: 0.866 Executing VM operation: G1CollectForAllocation (G1 Evacuation Pause)
Event: 0.874 Executing VM operation: G1CollectForAllocation (G1 Evacuation Pause) done

Memory protections (0 events):
No events

Nmethod flushes (0 events):
No events

Events (19 events):
Event: 0.033 Thread 0x000002632f5db6c0 Thread added: 0x000002632f5db6c0
Event: 0.045 Thread 0x000002632f5db6c0 Thread added: 0x000002634c1ac2c0
Event: 0.045 Thread 0x000002632f5db6c0 Thread added: 0x000002634c1ad010
Event: 0.045 Thread 0x000002632f5db6c0 Thread added: 0x000002634c1b4370
Event: 0.045 Thread 0x000002632f5db6c0 Thread added: 0x000002634c1b4ec0
Event: 0.045 Thread 0x000002632f5db6c0 Thread added: 0x000002634c1b6c90
Event: 0.045 Thread 0x000002632f5db6c0 Thread added: 0x000002634c1bb190
Event: 0.046 Thread 0x000002632f5db6c0 Thread added: 0x000002634c1c58f0
Event: 0.046 Thread 0x000002632f5db6c0 Thread added: 0x000002634c1c65c0
Event: 0.063 Thread 0x000002632f5db6c0 Thread added: 0x000002634c2c3ae0
Event: 0.086 Thread 0x000002634c1c58f0 Thread added: 0x000002634c314e90
Event: 0.090 Thread 0x000002632f5db6c0 Thread added: 0x000002634c2c4800
Event: 0.190 Thread 0x000002632f5db6c0 Thread added: 0x000002634c2c5bb0
Event: 0.192 Thread 0x000002632f5db6c0 Thread added: 0x000002634c2c6240
Event: 0.193 Thread 0x000002632f5db6c0 Thread added: 0x000002634c2c4170
Event: 0.266 Thread 0x000002632f5db6c0 Thread added: 0x000002634c2c3450
Event: 0.396 Thread 0x000002632f5db6c0 Thread added: 0x000002634c2c4e90
Event: 0.469 Thread 0x000002634c1c58f0 Thread added: 0x000002634cb06f90
Event: 0.956 Thread 0x000002634c2c4170 Thread added: 0x000002634c2c5520


Dynamic libraries:
0x00007ff65a2b0000 - 0x00007ff65a2c0000 	C:\Program Files\Java\jdk-23\bin\java.exe
0x00007fff64560000 - 0x00007fff647c3000 	C:\WINDOWS\SYSTEM32\ntdll.dll
0x00007fff62f30000 - 0x00007fff62ff8000 	C:\WINDOWS\System32\KERNEL32.DLL
0x00007fff619f0000 - 0x00007fff61da2000 	C:\WINDOWS\System32\KERNELBASE.dll
0x000000006e600000 - 0x000000006e932000 	C:\Program Files\Norton Security\NortonData\22.23.5.106\Definitions\IPSDefs\20231013.001\IPSEng64.dll
0x00007fff62e70000 - 0x00007fff62f24000 	C:\WINDOWS\System32\ADVAPI32.dll
0x00007fff63ed0000 - 0x00007fff63f79000 	C:\WINDOWS\System32\msvcrt.dll
0x00007fff63e20000 - 0x00007fff63ec6000 	C:\WINDOWS\System32\sechost.dll
0x00007fff639f0000 - 0x00007fff63b06000 	C:\WINDOWS\System32\RPCRT4.dll
0x00007fff62830000 - 0x00007fff62838000 	C:\WINDOWS\System32\PSAPI.DLL
0x00007fff62010000 - 0x00007fff6215b000 	C:\WINDOWS\System32\ucrtbase.dll
0x00007fff451d0000 - 0x00007fff451e7000 	C:\Program Files\Java\jdk-23\bin\jli.dll
0x00007fff451b0000 - 0x00007fff451cb000 	C:\Program Files\Java\jdk-23\bin\VCRUNTIME140.dll
0x00007fff637a0000 - 0x00007fff63968000 	C:\WINDOWS\System32\USER32.dll
0x00007fff4b440000 - 0x00007fff4b6d0000 	C:\WINDOWS\WinSxS\amd64_microsoft.windows.common-controls_6595b64144ccf1df_6.0.26100.2454_none_3e0b68a2e331ad60\COMCTL32.dll
0x00007fff61db0000 - 0x00007fff61dd7000 	C:\WINDOWS\System32\win32u.dll
0x00007fff63770000 - 0x00007fff6379a000 	C:\WINDOWS\System32\GDI32.dll
0x00007fff62160000 - 0x00007fff6228b000 	C:\WINDOWS\System32\gdi32full.dll
0x00007fff61de0000 - 0x00007fff61e83000 	C:\WINDOWS\System32\msvcp_win.dll
0x00007fff629a0000 - 0x00007fff629cf000 	C:\WINDOWS\System32\IMM32.DLL
0x00007fff57dd0000 - 0x00007fff57ddc000 	C:\Program Files\Java\jdk-23\bin\vcruntime140_1.dll
0x00007fff3d6c0000 - 0x00007fff3d74e000 	C:\Program Files\Java\jdk-23\bin\msvcp140.dll
0x00007ffea2f10000 - 0x00007ffea3c5f000 	C:\Program Files\Java\jdk-23\bin\server\jvm.dll
0x00007fff63970000 - 0x00007fff639e4000 	C:\WINDOWS\System32\WS2_32.dll
0x00007fff61030000 - 0x00007fff6107e000 	C:\WINDOWS\SYSTEM32\POWRPROF.dll
0x00007fff567e0000 - 0x00007fff567eb000 	C:\WINDOWS\SYSTEM32\VERSION.dll
0x00007fff4d290000 - 0x00007fff4d2c6000 	C:\WINDOWS\SYSTEM32\WINMM.dll
0x00007fff60fa0000 - 0x00007fff60fb4000 	C:\WINDOWS\SYSTEM32\UMPDC.dll
0x00007fff60770000 - 0x00007fff6078a000 	C:\WINDOWS\SYSTEM32\kernel.appcore.dll
0x00007fff451a0000 - 0x00007fff451aa000 	C:\Program Files\Java\jdk-23\bin\jimage.dll
0x00007fff5f160000 - 0x00007fff5f3a1000 	C:\WINDOWS\SYSTEM32\DBGHELP.DLL
0x00007fff623c0000 - 0x00007fff6273e000 	C:\WINDOWS\System32\combase.dll
0x00007fff63d40000 - 0x00007fff63e16000 	C:\WINDOWS\System32\OLEAUT32.dll
0x00007fff4ab80000 - 0x00007fff4abb9000 	C:\WINDOWS\SYSTEM32\dbgcore.DLL
0x00007fff62320000 - 0x00007fff623b9000 	C:\WINDOWS\System32\bcryptPrimitives.dll
0x00007fff424c0000 - 0x00007fff424de000 	C:\Program Files\Java\jdk-23\bin\java.dll
0x00007fff62cd0000 - 0x00007fff62e69000 	C:\WINDOWS\System32\ole32.dll
0x00007fff63000000 - 0x00007fff63700000 	C:\WINDOWS\System32\SHELL32.dll
0x00007fff5f610000 - 0x00007fff5fe41000 	C:\WINDOWS\SYSTEM32\windows.storage.dll
0x00007fff62750000 - 0x00007fff6282a000 	C:\WINDOWS\System32\SHCORE.dll
0x00007fff63b10000 - 0x00007fff63b6d000 	C:\WINDOWS\System32\shlwapi.dll
0x00007fff61840000 - 0x00007fff6186e000 	C:\WINDOWS\SYSTEM32\profapi.dll
0x00007fff3d5e0000 - 0x00007fff3d6b7000 	C:\Program Files\Java\jdk-23\bin\jsvml.dll
0x00007fff42420000 - 0x00007fff42430000 	C:\Program Files\Java\jdk-23\bin\net.dll
0x00007fff60cd0000 - 0x00007fff60d38000 	C:\WINDOWS\system32\mswsock.dll
0x00007fff42400000 - 0x00007fff42416000 	C:\Program Files\Java\jdk-23\bin\nio.dll
0x00007fff424a0000 - 0x00007fff424b7000 	C:\Program Files\Java\jdk-23\bin\zip.dll
0x00007fff303f0000 - 0x00007fff3057e000 	C:\Program Files\Java\jdk-23\bin\awt.dll
0x00007fff59a80000 - 0x00007fff59b1c000 	C:\WINDOWS\SYSTEM32\apphelp.dll
0x00007fff5e930000 - 0x00007fff5e95e000 	C:\WINDOWS\system32\DWMAPI.DLL
0x00007fff5e620000 - 0x00007fff5e6cd000 	C:\WINDOWS\system32\uxtheme.dll
0x00007fff34960000 - 0x00007fff34a6c000 	C:\WINDOWS\system32\opengl32.dll
0x00007fff35020000 - 0x00007fff3504d000 	C:\WINDOWS\SYSTEM32\GLU32.dll
0x00007fff5e790000 - 0x00007fff5e7d7000 	C:\WINDOWS\SYSTEM32\dxcore.dll
0x00007fff62840000 - 0x00007fff6299c000 	C:\WINDOWS\System32\MSCTF.dll
0x00007fff41d00000 - 0x00007fff41d2e000 	C:\Program Files\Java\jdk-23\bin\javajpeg.dll
0x00007fff60250000 - 0x00007fff60375000 	C:\WINDOWS\SYSTEM32\DNSAPI.dll
0x00007fff601b0000 - 0x00007fff601e2000 	C:\WINDOWS\SYSTEM32\IPHLPAPI.DLL
0x00007fff62b80000 - 0x00007fff62b8a000 	C:\WINDOWS\System32\NSI.dll
0x00007fff5a530000 - 0x00007fff5a53b000 	C:\Windows\System32\rasadhlp.dll
0x00007fff5e110000 - 0x00007fff5e195000 	C:\WINDOWS\System32\fwpuclnt.dll
0x00007fff41c20000 - 0x00007fff41c29000 	C:\Program Files\Java\jdk-23\bin\extnet.dll
0x00007fff60fc0000 - 0x00007fff60fdc000 	C:\WINDOWS\SYSTEM32\CRYPTSP.dll
0x00007fff606d0000 - 0x00007fff60708000 	C:\WINDOWS\system32\rsaenh.dll
0x00007fff60d70000 - 0x00007fff60d9b000 	C:\WINDOWS\SYSTEM32\USERENV.dll
0x00007fff61260000 - 0x00007fff61286000 	C:\WINDOWS\SYSTEM32\bcrypt.dll
0x00007fff60fe0000 - 0x00007fff60fec000 	C:\WINDOWS\SYSTEM32\CRYPTBASE.dll
0x00007fff41f30000 - 0x00007fff41f3e000 	C:\Program Files\Java\jdk-23\bin\sunmscapi.dll
0x00007fff61e90000 - 0x00007fff62006000 	C:\WINDOWS\System32\CRYPT32.dll
0x00007fff61220000 - 0x00007fff61250000 	C:\WINDOWS\SYSTEM32\ncrypt.dll
0x00007fff611d0000 - 0x00007fff6120f000 	C:\WINDOWS\SYSTEM32\NTASN1.dll
0x00007fff2e210000 - 0x00007fff2e297000 	C:\Program Files\Java\jdk-23\bin\freetype.dll
0x00007fff2c6e0000 - 0x00007fff2c7b7000 	C:\Program Files\Java\jdk-23\bin\fontmanager.dll
0x00007fff425a0000 - 0x00007fff426e6000 	C:\WINDOWS\SYSTEM32\textinputframework.dll

dbghelp: loaded successfully - version: 4.0.5 - missing functions: none
symbol engine: initialized successfully - sym options: 0x614 - pdb path: .;C:\Program Files\Java\jdk-23\bin;C:\WINDOWS\SYSTEM32;C:\Program Files\Norton Security\NortonData\22.23.5.106\Definitions\IPSDefs\20231013.001;C:\WINDOWS\WinSxS\amd64_microsoft.windows.common-controls_6595b64144ccf1df_6.0.26100.2454_none_3e0b68a2e331ad60;C:\Program Files\Java\jdk-23\bin\server

VM Arguments:
jvm_args: -Dfile.encoding=UTF-8 --module-path=D:\Bank Management System\build\classes 
java_command: bank.management.system.BalanceEnquiry
java_class_path (initial): C:\Users\ACER\Downloads\jcalendar.jar;C:\Users\ACER\Downloads\mysql-connector-java-8.0.28.jar;D:\Bank Management System\build\classes
Launcher Type: SUN_STANDARD

[Global flags]
     intx CICompilerCount                          = 4                                         {product} {ergonomic}
     uint ConcGCThreads                            = 2                                         {product} {ergonomic}
     uint G1ConcRefinementThreads                  = 8                                         {product} {ergonomic}
   size_t G1HeapRegionSize                         = 1048576                                   {product} {ergonomic}
   size_t InitialHeapSize                          = 132120576                                 {product} {ergonomic}
   size_t MarkStackSize                            = 4194304                                   {product} {ergonomic}
   size_t MarkStackSizeMax                         = 536870912                                 {product} {ergonomic}
   size_t MaxHeapSize                              = 2090860544                                {product} {ergonomic}
   size_t MaxNewSize                               = 1254096896                                {product} {ergonomic}
   size_t MinHeapDeltaBytes                        = 1048576                                   {product} {ergonomic}
   size_t MinHeapSize                              = 8388608                                   {product} {ergonomic}
    uintx NonNMethodCodeHeapSize                   = 5832704                                {pd product} {ergonomic}
    uintx NonProfiledCodeHeapSize                  = 122945536                              {pd product} {ergonomic}
    uintx ProfiledCodeHeapSize                     = 122880000                              {pd product} {ergonomic}
    uintx ReservedCodeCacheSize                    = 251658240                              {pd product} {ergonomic}
     bool SegmentedCodeCache                       = true                                      {product} {ergonomic}
   size_t SoftMaxHeapSize                          = 2090860544                             {manageable} {ergonomic}
     bool UseCompressedOops                        = true                           {product lp64_product} {ergonomic}
     bool UseG1GC                                  = true                                      {product} {ergonomic}
     bool UseLargePagesIndividualAllocation        = false                                  {pd product} {ergonomic}

Logging:
Log output configuration:
 #0: stdout all=warning uptime,level,tags foldmultilines=false
 #1: stderr all=off uptime,level,tags foldmultilines=false

Environment Variables:
JAVA_HOME=C:\Program Files\Java\jdk-21
PATH=C:\Program Files\Common Files\Oracle\Java\javapath;C:\Python312\Scripts\;C:\Python312\;C:\oraclexe\app\oracle\product\11.2.0\server\bin;C:\WINDOWS\system32;C:\WINDOWS;C:\WINDOWS\System32\Wbem;C:\WINDOWS\System32\WindowsPowerShell\v1.0\;C:\WINDOWS\System32\OpenSSH\;C:\MinGW\bin;C:\Program Files\Java\jdk-21\bin;C:\Program Files\nodejs\;C:\ProgramData\chocolatey\bin;C:\Program Files\Git\cmd;C:\Program Files\MySQL\MySQL Server 8.0\bin;C:\Program Files\dotnet\;C:\Program Files (x86)\Windows Kits\10\Windows Performance Toolkit\;C:\Program Files\MySQL\MySQL Shell 8.0\bin\;C:\Users\ACER\AppData\Local\Microsoft\WindowsApps;C:\Program Files\JetBrains\IntelliJ IDEA Community Edition 2023.3.2\bin;;C:\Program Files\Java\jdk-21\bin;C:\Users\ACER\AppData\Roaming\npm;C:\Program Files\nodejs\;C:\Program Files\Java\jdk-23\bin;C:\Users\ACER\AppData\Local\Programs\Microsoft VS Code\bin;
USERNAME=ACER
OS=Windows_NT
PROCESSOR_IDENTIFIER=Intel64 Family 6 Model 140 Stepping 1, GenuineIntel
TMP=C:\Users\ACER\AppData\Local\Temp
TEMP=C:\Users\ACER\AppData\Local\Temp




Periodic native trim disabled

---------------  S Y S T E M  ---------------

OS:
 Windows 11 , 64 bit Build 26100 (10.0.26100.2454)
OS uptime: 2 days 2:15 hours
Hyper-V role detected

CPU: total 8 (initial active 8) (4 cores per cpu, 2 threads per core) family 6 model 140 stepping 1 microcode 0x8a, cx8, cmov, fxsr, ht, mmx, 3dnowpref, sse, sse2, sse3, ssse3, sse4.1, sse4.2, popcnt, lzcnt, tsc, tscinvbit, avx, avx2, aes, erms, clmul, bmi1, bmi2, adx, avx512f, avx512dq, avx512cd, avx512bw, avx512vl, sha, fma, vzeroupper, avx512_vpopcntdq, avx512_vpclmulqdq, avx512_vaes, avx512_vnni, clflush, clflushopt, clwb, avx512_vbmi2, avx512_vbmi, hv, rdtscp, rdpid, fsrm, gfni, avx512_bitalg, f16c, cet_ibt, cet_ss, avx512_ifma
Processor Information for processor 0
  Max Mhz: 2419, Current Mhz: 1007, Mhz Limit: 2419
Processor Information for processor 1
  Max Mhz: 2419, Current Mhz: 2419, Mhz Limit: 2419
Processor Information for processor 2
  Max Mhz: 2419, Current Mhz: 2419, Mhz Limit: 2419
Processor Information for processor 3
  Max Mhz: 2419, Current Mhz: 2419, Mhz Limit: 2419
Processor Information for processor 4
  Max Mhz: 2419, Current Mhz: 2419, Mhz Limit: 2419
Processor Information for processor 5
  Max Mhz: 2419, Current Mhz: 2419, Mhz Limit: 2419
Processor Information for processor 6
  Max Mhz: 2419, Current Mhz: 2419, Mhz Limit: 2419
Processor Information for processor 7
  Max Mhz: 2419, Current Mhz: 2419, Mhz Limit: 2419

Memory: 4k page, system-wide physical 7971M (568M free)
TotalPageFile size 32547M (AvailPageFile size 4M)
current process WorkingSet (physical memory assigned to process): 123M, peak: 123M
current process commit charge ("private bytes"): 249M, peak: 250M

vm_info: Java HotSpot(TM) 64-Bit Server VM (23.0.1+11-39) for windows-amd64 JRE (23.0.1+11-39), built on 2024-09-30T07:20:43Z with MS VC++ 17.6 (VS2022)

END.
