#
# There is insufficient memory for the Java Runtime Environment to continue.
# Native memory allocation (mmap) failed to map 132120576 bytes. Error detail: G1 virtual space
# Possible reasons:
#   The system is out of physical RAM or swap space
#   This process is running with CompressedOops enabled, and the Java Heap may be blocking the growth of the native heap
# Possible solutions:
#   Reduce memory load on the system
#   Increase physical memory or swap space
#   Check if swap backing store is full
#   Decrease Java heap size (-Xmx/-Xms)
#   Decrease number of Java threads
#   Decrease Java thread stack sizes (-Xss)
#   Set larger code cache with -XX:ReservedCodeCacheSize=
#   JVM is running with Unscaled Compressed Oops mode in which the Java heap is
#     placed in the first 4GB address space. The Java Heap base address is the
#     maximum limit for the native heap growth. Please use -XX:HeapBaseMinAddress
#     to set the Java Heap base and to place the Java Heap above 4GB virtual address.
# This output file may be truncated or incomplete.
#
#  Out of Memory Error (os_windows.cpp:3703), pid=34740, tid=9948
#
# JRE version:  (23.0.1+11) (build )
# Java VM: Java HotSpot(TM) 64-Bit Server VM (23.0.1+11-39, mixed mode, sharing, tiered, compressed oops, compressed class ptrs, g1 gc, windows-amd64)
# No core dump will be written. Minidumps are not enabled by default on client versions of Windows
#

---------------  S U M M A R Y ------------

Command Line: -Dfile.encoding=UTF-8 --module-path=D:\Bank Management System\build\classes bank.management.system.Login

Host: 11th Gen Intel(R) Core(TM) i5-1135G7 @ 2.40GHz, 8 cores, 7G,  Windows 11 , 64 bit Build 26100 (10.0.26100.2454)
Time: Sun Jan 12 12:58:15 2025 India Standard Time elapsed time: 1.203528 seconds (0d 0h 0m 1s)

---------------  T H R E A D  ---------------

Current thread (0x000001f366855510):  JavaThread "Unknown thread" [_thread_in_vm, id=9948, stack(0x000000d07e900000,0x000000d07ea00000) (1024K)]

Stack: [0x000000d07e900000,0x000000d07ea00000]
Native frames: (J=compiled Java code, j=interpreted, Vv=VM code, C=native code)
V  [jvm.dll+0x6e08b9]  (no source info available)
V  [jvm.dll+0x87dc83]  (no source info available)
V  [jvm.dll+0x88010e]  (no source info available)
V  [jvm.dll+0x8807e3]  (no source info available)
V  [jvm.dll+0x27aee6]  (no source info available)
V  [jvm.dll+0x6dd1c5]  (no source info available)
V  [jvm.dll+0x6d104a]  (no source info available)
V  [jvm.dll+0x35b3ea]  (no source info available)
V  [jvm.dll+0x3637f6]  (no source info available)
V  [jvm.dll+0x34fd5e]  (no source info available)
V  [jvm.dll+0x34fff8]  (no source info available)
V  [jvm.dll+0x3289cc]  (no source info available)
V  [jvm.dll+0x32966e]  (no source info available)
V  [jvm.dll+0x844355]  (no source info available)
V  [jvm.dll+0x3b9848]  (no source info available)
V  [jvm.dll+0x82d14c]  (no source info available)
V  [jvm.dll+0x454d4e]  (no source info available)
V  [jvm.dll+0x456bd1]  (no source info available)
C  [jli.dll+0x52a3]  (no source info available)
C  [ucrtbase.dll+0x14ea0]  (no source info available)
C  [KERNEL32.DLL+0x2e8d7]  (no source info available)
C  [ntdll.dll+0xdfbcc]  (no source info available)

Lock stack of current Java thread (top to bottom):


---------------  P R O C E S S  ---------------

Threads class SMR info:
_java_thread_list=0x00007ffea3b03618, length=0, elements={
}

Java Threads: ( => current thread )
Total: 0

Other Threads:
  0x000001f3668ac050 WorkerThread "GC Thread#0"                     [id=12364, stack(0x000000d07ea00000,0x000000d07eb00000) (1024K)]
  0x000001f3668c1040 ConcurrentGCThread "G1 Main Marker"            [id=14580, stack(0x000000d07eb00000,0x000000d07ec00000) (1024K)]
  0x000001f3668c3b30 WorkerThread "G1 Conc#0"                       [id=29616, stack(0x000000d07ec00000,0x000000d07ed00000) (1024K)]

[error occurred during error reporting (printing all threads), id 0xc0000005, EXCEPTION_ACCESS_VIOLATION (0xc0000005) at pc=0x00007ffea324bfba]
VM state: not at safepoint (not fully initialized)

VM Mutex/Monitor currently owned by a thread:  ([mutex/lock_event])
[0x00007ffea3b83a10] Heap_lock - owner thread: 0x000001f366855510

Heap address: 0x0000000083600000, size: 1994 MB, Compressed Oops mode: 32-bit

CDS archive(s) mapped at: [0x0000000000000000-0x0000000000000000-0x0000000000000000), size 0, SharedBaseAddress: 0x0000000800000000, ArchiveRelocationMode: 1.
Narrow klass base: 0x0000000000000000, Narrow klass shift: 0, Narrow klass range: 0x0

GC Precious Log:
 CardTable entry size: 512
 Card Set container configuration: InlinePtr #cards 5 size 8 Array Of Cards #cards 10 size 36 Howl #buckets 4 coarsen threshold 1843 Howl Bitmap #cards 512 size 80 coarsen threshold 460 Card regions per heap region 1 cards per card region 2048

Heap:
 garbage-first heap   total reserved 2041856K, committed 0K, used 0K [0x0000000083600000, 0x0000000100000000)
  region size 1024K, 0 young (0K), 0 survivors (0K)

[error occurred during error reporting (printing heap information), id 0xc0000005, EXCEPTION_ACCESS_VIOLATION (0xc0000005) at pc=0x00007ffea364c3c9]
GC Heap History (0 events):
No events

Dll operation events (1 events):
Event: 0.008 Loaded shared library C:\Program Files\Java\jdk-23\bin\java.dll

Deoptimization events (0 events):
No events

Classes loaded (0 events):
No events

Classes unloaded (0 events):
No events

Classes redefined (0 events):
No events

Internal exceptions (0 events):
No events

VM Operations (0 events):
No events

Memory protections (0 events):
No events

Nmethod flushes (0 events):
No events

Events (0 events):
No events


Dynamic libraries:
0x00007ff65a2b0000 - 0x00007ff65a2c0000 	C:\Program Files\Java\jdk-23\bin\java.exe
0x00007fff64560000 - 0x00007fff647c3000 	C:\WINDOWS\SYSTEM32\ntdll.dll
0x00007fff62f30000 - 0x00007fff62ff8000 	C:\WINDOWS\System32\KERNEL32.DLL
0x00007fff619f0000 - 0x00007fff61da2000 	C:\WINDOWS\System32\KERNELBASE.dll
0x000000006e600000 - 0x000000006e932000 	C:\Program Files\Norton Security\NortonData\22.23.5.106\Definitions\IPSDefs\20231013.001\IPSEng64.dll
0x00007fff62e70000 - 0x00007fff62f24000 	C:\WINDOWS\System32\ADVAPI32.dll
0x00007fff63ed0000 - 0x00007fff63f79000 	C:\WINDOWS\System32\msvcrt.dll
0x00007fff63e20000 - 0x00007fff63ec6000 	C:\WINDOWS\System32\sechost.dll
0x00007fff639f0000 - 0x00007fff63b06000 	C:\WINDOWS\System32\RPCRT4.dll
0x00007fff62830000 - 0x00007fff62838000 	C:\WINDOWS\System32\PSAPI.DLL
0x00007fff62010000 - 0x00007fff6215b000 	C:\WINDOWS\System32\ucrtbase.dll
0x00007fff451d0000 - 0x00007fff451e7000 	C:\Program Files\Java\jdk-23\bin\jli.dll
0x00007fff451b0000 - 0x00007fff451cb000 	C:\Program Files\Java\jdk-23\bin\VCRUNTIME140.dll
0x00007fff637a0000 - 0x00007fff63968000 	C:\WINDOWS\System32\USER32.dll
0x00007fff61db0000 - 0x00007fff61dd7000 	C:\WINDOWS\System32\win32u.dll
0x00007fff4b440000 - 0x00007fff4b6d0000 	C:\WINDOWS\WinSxS\amd64_microsoft.windows.common-controls_6595b64144ccf1df_6.0.26100.2454_none_3e0b68a2e331ad60\COMCTL32.dll
0x00007fff63770000 - 0x00007fff6379a000 	C:\WINDOWS\System32\GDI32.dll
0x00007fff62160000 - 0x00007fff6228b000 	C:\WINDOWS\System32\gdi32full.dll
0x00007fff61de0000 - 0x00007fff61e83000 	C:\WINDOWS\System32\msvcp_win.dll
0x00007fff629a0000 - 0x00007fff629cf000 	C:\WINDOWS\System32\IMM32.DLL
0x00007fff57dd0000 - 0x00007fff57ddc000 	C:\Program Files\Java\jdk-23\bin\vcruntime140_1.dll
0x00007fff3d6c0000 - 0x00007fff3d74e000 	C:\Program Files\Java\jdk-23\bin\msvcp140.dll
0x00007ffea2f10000 - 0x00007ffea3c5f000 	C:\Program Files\Java\jdk-23\bin\server\jvm.dll
0x00007fff63970000 - 0x00007fff639e4000 	C:\WINDOWS\System32\WS2_32.dll
0x00007fff61030000 - 0x00007fff6107e000 	C:\WINDOWS\SYSTEM32\POWRPROF.dll
0x00007fff4d290000 - 0x00007fff4d2c6000 	C:\WINDOWS\SYSTEM32\WINMM.dll
0x00007fff567e0000 - 0x00007fff567eb000 	C:\WINDOWS\SYSTEM32\VERSION.dll
0x00007fff60fa0000 - 0x00007fff60fb4000 	C:\WINDOWS\SYSTEM32\UMPDC.dll
0x00007fff60770000 - 0x00007fff6078a000 	C:\WINDOWS\SYSTEM32\kernel.appcore.dll
0x00007fff451a0000 - 0x00007fff451aa000 	C:\Program Files\Java\jdk-23\bin\jimage.dll
0x00007fff5f160000 - 0x00007fff5f3a1000 	C:\WINDOWS\SYSTEM32\DBGHELP.DLL
0x00007fff623c0000 - 0x00007fff6273e000 	C:\WINDOWS\System32\combase.dll
0x00007fff63d40000 - 0x00007fff63e16000 	C:\WINDOWS\System32\OLEAUT32.dll
0x00007fff4ab80000 - 0x00007fff4abb9000 	C:\WINDOWS\SYSTEM32\dbgcore.DLL
0x00007fff62320000 - 0x00007fff623b9000 	C:\WINDOWS\System32\bcryptPrimitives.dll
0x00007fff424c0000 - 0x00007fff424de000 	C:\Program Files\Java\jdk-23\bin\java.dll
0x00007fff62cd0000 - 0x00007fff62e69000 	C:\WINDOWS\System32\ole32.dll
0x00007fff63000000 - 0x00007fff63700000 	C:\WINDOWS\System32\SHELL32.dll

dbghelp: loaded successfully - version: 4.0.5 - missing functions: none
symbol engine: initialized successfully - sym options: 0x614 - pdb path: .;C:\Program Files\Java\jdk-23\bin;C:\WINDOWS\SYSTEM32;C:\Program Files\Norton Security\NortonData\22.23.5.106\Definitions\IPSDefs\20231013.001;C:\WINDOWS\WinSxS\amd64_microsoft.windows.common-controls_6595b64144ccf1df_6.0.26100.2454_none_3e0b68a2e331ad60;C:\Program Files\Java\jdk-23\bin\server

VM Arguments:
jvm_args: -Dfile.encoding=UTF-8 --module-path=D:\Bank Management System\build\classes 
java_command: bank.management.system.Login
java_class_path (initial): C:\Users\ACER\Downloads\jcalendar.jar;C:\Users\ACER\Downloads\mysql-connector-java-8.0.28.jar;D:\Bank Management System\build\classes
Launcher Type: SUN_STANDARD

[Global flags]
     intx CICompilerCount                          = 4                                         {product} {ergonomic}
     uint ConcGCThreads                            = 2                                         {product} {ergonomic}
     uint G1ConcRefinementThreads                  = 8                                         {product} {ergonomic}
   size_t G1HeapRegionSize                         = 1048576                                   {product} {ergonomic}
   size_t InitialHeapSize                          = 132120576                                 {product} {ergonomic}
   size_t MarkStackSize                            = 4194304                                   {product} {ergonomic}
   size_t MarkStackSizeMax                         = 536870912                                 {product} {ergonomic}
   size_t MaxHeapSize                              = 2090860544                                {product} {ergonomic}
   size_t MinHeapDeltaBytes                        = 1048576                                   {product} {ergonomic}
   size_t MinHeapSize                              = 8388608                                   {product} {ergonomic}
    uintx NonNMethodCodeHeapSize                   = 5832704                                {pd product} {ergonomic}
    uintx NonProfiledCodeHeapSize                  = 122945536                              {pd product} {ergonomic}
    uintx ProfiledCodeHeapSize                     = 122880000                              {pd product} {ergonomic}
    uintx ReservedCodeCacheSize                    = 251658240                              {pd product} {ergonomic}
     bool SegmentedCodeCache                       = true                                      {product} {ergonomic}
   size_t SoftMaxHeapSize                          = 2090860544                             {manageable} {ergonomic}
     bool UseCompressedOops                        = true                           {product lp64_product} {ergonomic}
     bool UseG1GC                                  = true                                      {product} {ergonomic}
     bool UseLargePagesIndividualAllocation        = false                                  {pd product} {ergonomic}

Logging:
Log output configuration:
 #0: stdout all=warning uptime,level,tags foldmultilines=false
 #1: stderr all=off uptime,level,tags foldmultilines=false

Environment Variables:
JAVA_HOME=C:\Program Files\Java\jdk-21
PATH=C:\Program Files\Common Files\Oracle\Java\javapath;C:\Python312\Scripts\;C:\Python312\;C:\oraclexe\app\oracle\product\11.2.0\server\bin;C:\WINDOWS\system32;C:\WINDOWS;C:\WINDOWS\System32\Wbem;C:\WINDOWS\System32\WindowsPowerShell\v1.0\;C:\WINDOWS\System32\OpenSSH\;C:\MinGW\bin;C:\Program Files\Java\jdk-21\bin;C:\Program Files\nodejs\;C:\ProgramData\chocolatey\bin;C:\Program Files\Git\cmd;C:\Program Files\MySQL\MySQL Server 8.0\bin;C:\Program Files\dotnet\;C:\Program Files (x86)\Windows Kits\10\Windows Performance Toolkit\;C:\Program Files\MySQL\MySQL Shell 8.0\bin\;C:\Users\ACER\AppData\Local\Microsoft\WindowsApps;C:\Program Files\JetBrains\IntelliJ IDEA Community Edition 2023.3.2\bin;;C:\Program Files\Java\jdk-21\bin;C:\Users\ACER\AppData\Roaming\npm;C:\Program Files\nodejs\;C:\Program Files\Java\jdk-23\bin;C:\Users\ACER\AppData\Local\Programs\Microsoft VS Code\bin;
USERNAME=ACER
OS=Windows_NT
PROCESSOR_IDENTIFIER=Intel64 Family 6 Model 140 Stepping 1, GenuineIntel
TMP=C:\Users\ACER\AppData\Local\Temp
TEMP=C:\Users\ACER\AppData\Local\Temp




Periodic native trim disabled

---------------  S Y S T E M  ---------------

OS:
 Windows 11 , 64 bit Build 26100 (10.0.26100.2454)
OS uptime: 1 days 23:17 hours
Hyper-V role detected

CPU: total 8 (initial active 8) (4 cores per cpu, 2 threads per core) family 6 model 140 stepping 1 microcode 0x8a, cx8, cmov, fxsr, ht, mmx, 3dnowpref, sse, sse2, sse3, ssse3, sse4.1, sse4.2, popcnt, lzcnt, tsc, tscinvbit, avx, avx2, aes, erms, clmul, bmi1, bmi2, adx, avx512f, avx512dq, avx512cd, avx512bw, avx512vl, sha, fma, vzeroupper, avx512_vpopcntdq, avx512_vpclmulqdq, avx512_vaes, avx512_vnni, clflush, clflushopt, clwb, avx512_vbmi2, avx512_vbmi, hv, rdtscp, rdpid, fsrm, gfni, avx512_bitalg, f16c, cet_ibt, cet_ss, avx512_ifma
Processor Information for processor 0
  Max Mhz: 2419, Current Mhz: 2419, Mhz Limit: 2419
Processor Information for processor 1
  Max Mhz: 2419, Current Mhz: 2419, Mhz Limit: 2419
Processor Information for processor 2
  Max Mhz: 2419, Current Mhz: 2419, Mhz Limit: 2419
Processor Information for processor 3
  Max Mhz: 2419, Current Mhz: 1209, Mhz Limit: 2419
Processor Information for processor 4
  Max Mhz: 2419, Current Mhz: 2419, Mhz Limit: 2419
Processor Information for processor 5
  Max Mhz: 2419, Current Mhz: 2419, Mhz Limit: 2419
Processor Information for processor 6
  Max Mhz: 2419, Current Mhz: 1209, Mhz Limit: 2419
Processor Information for processor 7
  Max Mhz: 2419, Current Mhz: 2419, Mhz Limit: 2419

Memory: 4k page, system-wide physical 7971M (530M free)
TotalPageFile size 32547M (AvailPageFile size 110M)
current process WorkingSet (physical memory assigned to process): 14M, peak: 14M
current process commit charge ("private bytes"): 61M, peak: 187M

vm_info: Java HotSpot(TM) 64-Bit Server VM (23.0.1+11-39) for windows-amd64 JRE (23.0.1+11-39), built on 2024-09-30T07:20:43Z with MS VC++ 17.6 (VS2022)

END.
