#
# There is insufficient memory for the Java Runtime Environment to continue.
# Native memory allocation (mmap) failed to map 65536 bytes. Error detail: Failed to commit metaspace.
# Possible reasons:
#   The system is out of physical RAM or swap space
#   This process is running with CompressedOops enabled, and the Java Heap may be blocking the growth of the native heap
# Possible solutions:
#   Reduce memory load on the system
#   Increase physical memory or swap space
#   Check if swap backing store is full
#   Decrease Java heap size (-Xmx/-Xms)
#   Decrease number of Java threads
#   Decrease Java thread stack sizes (-Xss)
#   Set larger code cache with -XX:ReservedCodeCacheSize=
#   JVM is running with Unscaled Compressed Oops mode in which the Java heap is
#     placed in the first 4GB address space. The Java Heap base address is the
#     maximum limit for the native heap growth. Please use -XX:HeapBaseMinAddress
#     to set the Java Heap base and to place the Java Heap above 4GB virtual address.
# This output file may be truncated or incomplete.
#
#  Out of Memory Error (virtualSpaceNode.cpp:113), pid=25676, tid=32832
#
# JRE version: Java(TM) SE Runtime Environment (23.0.1+11) (build 23.0.1+11-39)
# Java VM: Java HotSpot(TM) 64-Bit Server VM (23.0.1+11-39, mixed mode, tiered, compressed oops, compressed class ptrs, g1 gc, windows-amd64)
# No core dump will be written. Minidumps are not enabled by default on client versions of Windows
#

---------------  S U M M A R Y ------------

Command Line: -Dfile.encoding=UTF-8 --module-path=D:\Bank Management System\build\classes bank.management.system.Signup1

Host: 11th Gen Intel(R) Core(TM) i5-1135G7 @ 2.40GHz, 8 cores, 7G,  Windows 11 , 64 bit Build 26100 (10.0.26100.2454)
Time: Sun Jan 12 16:26:43 2025 India Standard Time elapsed time: 21.033345 seconds (0d 0h 0m 21s)

---------------  T H R E A D  ---------------

Current thread (0x0000024e55d89810):  JavaThread "main"             [_thread_in_vm, id=32832, stack(0x0000006172800000,0x0000006172900000) (1024K)]

Stack: [0x0000006172800000,0x0000006172900000]
Native frames: (J=compiled Java code, j=interpreted, Vv=VM code, C=native code)
V  [jvm.dll+0x6e08b9]  (no source info available)
V  [jvm.dll+0x87dc83]  (no source info available)
V  [jvm.dll+0x88010e]  (no source info available)
V  [jvm.dll+0x8807e3]  (no source info available)
V  [jvm.dll+0x27aee6]  (no source info available)
V  [jvm.dll+0x87988e]  (no source info available)
V  [jvm.dll+0x682035]  (no source info available)
V  [jvm.dll+0x68209a]  (no source info available)
V  [jvm.dll+0x6848da]  (no source info available)
V  [jvm.dll+0x2219dc]  (no source info available)
V  [jvm.dll+0x682a4e]  (no source info available)
V  [jvm.dll+0x68ce28]  (no source info available)
V  [jvm.dll+0x211fe1]  (no source info available)
V  [jvm.dll+0x21244a]  (no source info available)
V  [jvm.dll+0x212e71]  (no source info available)
V  [jvm.dll+0x20811e]  (no source info available)
V  [jvm.dll+0x5be6df]  (no source info available)
V  [jvm.dll+0x219b2b]  (no source info available)
V  [jvm.dll+0x7f3130]  (no source info available)
V  [jvm.dll+0x7f41d6]  (no source info available)
V  [jvm.dll+0x7f47e4]  (no source info available)
V  [jvm.dll+0x7f4468]  (no source info available)
V  [jvm.dll+0x2689cb]  (no source info available)
V  [jvm.dll+0x3d1e3e]  (no source info available)
C  0x0000024e659db6df  (no source info available)

The last pc belongs to new (printed below).
Java frames: (J=compiled Java code, j=interpreted, Vv=VM code)
j  sun.util.locale.provider.CalendarProviderImpl.getInstance(Ljava/util/TimeZone;Ljava/util/Locale;)Ljava/util/Calendar;+0 java.base@23.0.1
j  java.util.Calendar.createCalendar(Ljava/util/TimeZone;Ljava/util/Locale;)Ljava/util/Calendar;+17 java.base@23.0.1
j  java.util.Calendar.getInstance(Ljava/util/Locale;)Ljava/util/Calendar;+5 java.base@23.0.1
j  java.text.SimpleDateFormat.initializeCalendar(Ljava/util/Locale;)V+27 java.base@23.0.1
j  java.text.SimpleDateFormat.<init>(Ljava/lang/String;Ljava/util/Locale;)V+43 java.base@23.0.1
j  sun.util.locale.provider.DateFormatProviderImpl.getInstance(IILjava/util/Locale;)Ljava/text/DateFormat;+26 java.base@23.0.1
j  sun.util.locale.provider.DateFormatProviderImpl.getDateInstance(ILjava/util/Locale;)Ljava/text/DateFormat;+4 java.base@23.0.1
j  java.text.DateFormat.get(Lsun/util/locale/provider/LocaleProviderAdapter;IILjava/util/Locale;)Ljava/text/DateFormat;+15 java.base@23.0.1
j  java.text.DateFormat.get(IIILjava/util/Locale;)Ljava/text/DateFormat;+101 java.base@23.0.1
j  java.text.DateFormat.getDateInstance(I)Ljava/text/DateFormat;+9 java.base@23.0.1
j  com.toedter.calendar.JTextFieldDateEditor.<init>(ZLjava/lang/String;Ljava/lang/String;C)V+6
j  com.toedter.calendar.JTextFieldDateEditor.<init>()V+6
j  com.toedter.calendar.JDateChooser.<init>(Lcom/toedter/calendar/JCalendar;Ljava/util/Date;Ljava/lang/String;Lcom/toedter/calendar/IDateEditor;)V+28
j  com.toedter.calendar.JDateChooser.<init>()V+5
j  bank.management.system.Signup1.<init>()V+399
j  bank.management.system.Signup1.main([Ljava/lang/String;)V+4
v  ~StubRoutines::call_stub 0x0000024e659c0fcd
Lock stack of current Java thread (top to bottom):

new  187 new  [0x0000024e659db560, 0x0000024e659db768]  520 bytes
[MachCode]
  0x0000024e659db560: 4883 ec08 | c5fa 1104 | 24eb 1f48 | 83ec 10c5 | fb11 0424 | eb14 4883 | ec10 4889 | 0424 48c7 
  0x0000024e659db580: 4424 0800 | 0000 00eb | 0150 410f | b755 010f | cac1 ea10 | 488b 4de8 | 488b 4908 | 488b 4908 
  0x0000024e659db5a0: 488b 4108 | 807c 1004 | 070f 85d3 | 0000 0066 | 8b54 d148 | 488b 4928 | 488b 4cd1 | 0851 80b9 
  0x0000024e659db5c0: 3101 0000 | 040f 840d | 0000 004c | 3bb9 3801 | 0000 0f85 | a900 0000 | 8b51 08f6 | c201 0f85 
  0x0000024e659db5e0: 9d00 0000 | 498b 87b8 | 0100 0048 | 8d1c 1049 | 3b9f c801 | 0000 0f87 | 8500 0000 | 4989 9fb8 
  0x0000024e659db600: 0100 0048 | 83ea 100f | 840f 0000 | 0033 c9c1 | ea03 4889 | 4cd0 0848 | ffca 75f6 | 48c7 0001 
  0x0000024e659db620: 0000 0059 | 33f6 8970 | 0c89 4808 | 49ba 42ad | b5a3 fe7f | 0000 4180 | 3a00 0f84 | 3c00 0000 
  0x0000024e659db640: 5048 8bc8 | 4883 ec20 | 40f6 c40f | 0f84 1900 | 0000 4883 | ec08 48b8 | 50ee 65a3 | fe7f 0000 
  0x0000024e659db660: ffd0 4883 | c408 e90c | 0000 0048 | b850 ee65 | a3fe 7f00 | 00ff d048 | 83c4 2058 | e9cb 0000 
  0x0000024e659db680: 0059 488b | 55e8 488b | 5208 488b | 5208 450f | b745 0141 | 0fc8 41c1 | e810 e805 | 0000 00e9 
  0x0000024e659db6a0: a800 0000 | 488d 4424 | 084c 896d | c049 8bcf | c5f8 7749 | 89af b003 | 0000 4989 | 87a0 0300 
  0x0000024e659db6c0: 0048 83ec | 2040 f6c4 | 0f0f 8419 | 0000 0048 | 83ec 0848 | b8f0 1d2e | a3fe 7f00 | 00ff d048 
  0x0000024e659db6e0: 83c4 08e9 | 0c00 0000 | 48b8 f01d | 2ea3 fe7f | 0000 ffd0 | 4883 c420 | 49c7 87a0 | 0300 0000 
  0x0000024e659db700: 0000 0049 | c787 b003 | 0000 0000 | 0000 49c7 | 87a8 0300 | 0000 0000 | 00c5 f877 | 4983 7f08 
  0x0000024e659db720: 000f 8405 | 0000 00e9 | 9457 feff | 498b 87f8 | 0300 0049 | c787 f803 | 0000 0000 | 0000 4c8b 
  0x0000024e659db740: 6dc0 4c8b | 75c8 4e8d | 74f5 00c3 | 410f b65d | 0349 83c5 | 0349 ba50 | 76b9 a3fe | 7f00 0041 
  0x0000024e659db760: ff24 da0f | 1f44 0000 
[/MachCode]

---------------  P R O C E S S  ---------------

Threads class SMR info:
_java_thread_list=0x0000024e0477e920, length=13, elements={
0x0000024e55d89810, 0x0000024e040a2ed0, 0x0000024e040a3540, 0x0000024e04098920,
0x0000024e04099470, 0x0000024e040a6f10, 0x0000024e040bdfa0, 0x0000024e040ab1a0,
0x0000024e040ad350, 0x0000024e728f5df0, 0x0000024e045b0c40, 0x0000024e04d78b90,
0x0000024e0463a590
}

Java Threads: ( => current thread )
=>0x0000024e55d89810 JavaThread "main"                              [_thread_in_vm, id=32832, stack(0x0000006172800000,0x0000006172900000) (1024K)]
  0x0000024e040a2ed0 JavaThread "Reference Handler"          daemon [_thread_blocked, id=29684, stack(0x0000006173000000,0x0000006173100000) (1024K)]
  0x0000024e040a3540 JavaThread "Finalizer"                  daemon [_thread_blocked, id=2660, stack(0x0000006173100000,0x0000006173200000) (1024K)]
  0x0000024e04098920 JavaThread "Signal Dispatcher"          daemon [_thread_blocked, id=19592, stack(0x0000006173200000,0x0000006173300000) (1024K)]
  0x0000024e04099470 JavaThread "Attach Listener"            daemon [_thread_blocked, id=35464, stack(0x0000006173300000,0x0000006173400000) (1024K)]
  0x0000024e040a6f10 JavaThread "Service Thread"             daemon [_thread_blocked, id=17252, stack(0x0000006173400000,0x0000006173500000) (1024K)]
  0x0000024e040bdfa0 JavaThread "Monitor Deflation Thread"   daemon [_thread_blocked, id=10572, stack(0x0000006173500000,0x0000006173600000) (1024K)]
  0x0000024e040ab1a0 JavaThread "C2 CompilerThread0"         daemon [_thread_in_native, id=28044, stack(0x0000006173600000,0x0000006173700000) (1024K)]
  0x0000024e040ad350 JavaThread "C1 CompilerThread0"         daemon [_thread_blocked, id=11344, stack(0x0000006173700000,0x0000006173800000) (1024K)]
  0x0000024e728f5df0 JavaThread "Common-Cleaner"             daemon [_thread_blocked, id=22932, stack(0x0000006173800000,0x0000006173900000) (1024K)]
  0x0000024e045b0c40 JavaThread "Notification Thread"        daemon [_thread_blocked, id=20488, stack(0x0000006173a00000,0x0000006173b00000) (1024K)]
  0x0000024e04d78b90 JavaThread "Java2D Disposer"            daemon [_thread_blocked, id=32988, stack(0x0000006173900000,0x0000006173a00000) (1024K)]
  0x0000024e0463a590 JavaThread "AWT-Windows"                daemon [_thread_in_native, id=31888, stack(0x0000006173c00000,0x0000006173d00000) (1024K)]
Total: 13

Other Threads:
  0x0000024e7294ea90 VMThread "VM Thread"                           [id=29972, stack(0x0000006172f00000,0x0000006173000000) (1024K)]
  0x0000024e728f4dc0 WatcherThread "VM Periodic Task Thread"        [id=19048, stack(0x0000006172e00000,0x0000006172f00000) (1024K)]
  0x0000024e55ddcd40 WorkerThread "GC Thread#0"                     [id=18828, stack(0x0000006172900000,0x0000006172a00000) (1024K)]
  0x0000024e55df1520 ConcurrentGCThread "G1 Main Marker"            [id=11876, stack(0x0000006172a00000,0x0000006172b00000) (1024K)]
  0x0000024e55df2030 WorkerThread "G1 Conc#0"                       [id=30100, stack(0x0000006172b00000,0x0000006172c00000) (1024K)]
  0x0000024e727c7730 ConcurrentGCThread "G1 Refine#0"               [id=20716, stack(0x0000006172c00000,0x0000006172d00000) (1024K)]
  0x0000024e727c80c0 ConcurrentGCThread "G1 Service"                [id=13704, stack(0x0000006172d00000,0x0000006172e00000) (1024K)]
Total: 7

Threads with active compile tasks:
C2 CompilerThread0  36354  699       4       java.util.HashMap::resize (356 bytes)
Total: 1

VM state: not at safepoint (normal execution)

VM Mutex/Monitor currently owned by a thread:  ([mutex/lock_event])
[0x00007ffea3b81890] Metaspace_lock - owner thread: 0x0000024e55d89810

Heap address: 0x0000000083600000, size: 1994 MB, Compressed Oops mode: 32-bit

CDS archive(s) not mapped
Compressed class space mapped at: 0x000000002b000000-0x000000006b000000, reserved size: 1073741824
Narrow klass base: 0x0000000000000000, Narrow klass shift: 0, Narrow klass range: 0x6b000000

GC Precious Log:
 CardTable entry size: 512
 Card Set container configuration: InlinePtr #cards 5 size 8 Array Of Cards #cards 10 size 36 Howl #buckets 4 coarsen threshold 1843 Howl Bitmap #cards 512 size 80 coarsen threshold 460 Card regions per heap region 1 cards per card region 2048
 CPUs: 8 total, 8 available
 Memory: 7971M
 Large Page Support: Disabled
 NUMA Support: Disabled
 Compressed Oops: Enabled (32-bit)
 Heap Region Size: 1M
 Heap Min Capacity: 8M
 Heap Initial Capacity: 126M
 Heap Max Capacity: 1994M
 Pre-touch: Disabled
 Parallel Workers: 8
 Concurrent Workers: 2
 Concurrent Refinement Workers: 8
 Periodic GC: Disabled

Heap:
 garbage-first heap   total reserved 2041856K, committed 129024K, used 6144K [0x0000000083600000, 0x0000000100000000)
  region size 1024K, 7 young (7168K), 0 survivors (0K)
 Metaspace       used 13717K, committed 13824K, reserved 1114112K
  class space    used 1409K, committed 1472K, reserved 1048576K

Heap Regions: E=young(eden), S=young(survivor), O=old, HS=humongous(starts), HC=humongous(continues), CS=collection set, F=free, TAMS=top-at-mark-start, PB=parsable bottom
|   0|0x0000000083600000, 0x0000000083600000, 0x0000000083700000|  0%| F|  |TAMS 0x0000000083600000| PB 0x0000000083600000| Untracked |  0
|   1|0x0000000083700000, 0x0000000083700000, 0x0000000083800000|  0%| F|  |TAMS 0x0000000083700000| PB 0x0000000083700000| Untracked |  0
|   2|0x0000000083800000, 0x0000000083800000, 0x0000000083900000|  0%| F|  |TAMS 0x0000000083800000| PB 0x0000000083800000| Untracked |  0
|   3|0x0000000083900000, 0x0000000083900000, 0x0000000083a00000|  0%| F|  |TAMS 0x0000000083900000| PB 0x0000000083900000| Untracked |  0
|   4|0x0000000083a00000, 0x0000000083a00000, 0x0000000083b00000|  0%| F|  |TAMS 0x0000000083a00000| PB 0x0000000083a00000| Untracked |  0
|   5|0x0000000083b00000, 0x0000000083b00000, 0x0000000083c00000|  0%| F|  |TAMS 0x0000000083b00000| PB 0x0000000083b00000| Untracked |  0
|   6|0x0000000083c00000, 0x0000000083c00000, 0x0000000083d00000|  0%| F|  |TAMS 0x0000000083c00000| PB 0x0000000083c00000| Untracked |  0
|   7|0x0000000083d00000, 0x0000000083d00000, 0x0000000083e00000|  0%| F|  |TAMS 0x0000000083d00000| PB 0x0000000083d00000| Untracked |  0
|   8|0x0000000083e00000, 0x0000000083e00000, 0x0000000083f00000|  0%| F|  |TAMS 0x0000000083e00000| PB 0x0000000083e00000| Untracked |  0
|   9|0x0000000083f00000, 0x0000000083f00000, 0x0000000084000000|  0%| F|  |TAMS 0x0000000083f00000| PB 0x0000000083f00000| Untracked |  0
|  10|0x0000000084000000, 0x0000000084000000, 0x0000000084100000|  0%| F|  |TAMS 0x0000000084000000| PB 0x0000000084000000| Untracked |  0
|  11|0x0000000084100000, 0x0000000084100000, 0x0000000084200000|  0%| F|  |TAMS 0x0000000084100000| PB 0x0000000084100000| Untracked |  0
|  12|0x0000000084200000, 0x0000000084200000, 0x0000000084300000|  0%| F|  |TAMS 0x0000000084200000| PB 0x0000000084200000| Untracked |  0
|  13|0x0000000084300000, 0x0000000084300000, 0x0000000084400000|  0%| F|  |TAMS 0x0000000084300000| PB 0x0000000084300000| Untracked |  0
|  14|0x0000000084400000, 0x0000000084400000, 0x0000000084500000|  0%| F|  |TAMS 0x0000000084400000| PB 0x0000000084400000| Untracked |  0
|  15|0x0000000084500000, 0x0000000084500000, 0x0000000084600000|  0%| F|  |TAMS 0x0000000084500000| PB 0x0000000084500000| Untracked |  0
|  16|0x0000000084600000, 0x0000000084600000, 0x0000000084700000|  0%| F|  |TAMS 0x0000000084600000| PB 0x0000000084600000| Untracked |  0
|  17|0x0000000084700000, 0x0000000084700000, 0x0000000084800000|  0%| F|  |TAMS 0x0000000084700000| PB 0x0000000084700000| Untracked |  0
|  18|0x0000000084800000, 0x0000000084800000, 0x0000000084900000|  0%| F|  |TAMS 0x0000000084800000| PB 0x0000000084800000| Untracked |  0
|  19|0x0000000084900000, 0x0000000084900000, 0x0000000084a00000|  0%| F|  |TAMS 0x0000000084900000| PB 0x0000000084900000| Untracked |  0
|  20|0x0000000084a00000, 0x0000000084a00000, 0x0000000084b00000|  0%| F|  |TAMS 0x0000000084a00000| PB 0x0000000084a00000| Untracked |  0
|  21|0x0000000084b00000, 0x0000000084b00000, 0x0000000084c00000|  0%| F|  |TAMS 0x0000000084b00000| PB 0x0000000084b00000| Untracked |  0
|  22|0x0000000084c00000, 0x0000000084c00000, 0x0000000084d00000|  0%| F|  |TAMS 0x0000000084c00000| PB 0x0000000084c00000| Untracked |  0
|  23|0x0000000084d00000, 0x0000000084d00000, 0x0000000084e00000|  0%| F|  |TAMS 0x0000000084d00000| PB 0x0000000084d00000| Untracked |  0
|  24|0x0000000084e00000, 0x0000000084e00000, 0x0000000084f00000|  0%| F|  |TAMS 0x0000000084e00000| PB 0x0000000084e00000| Untracked |  0
|  25|0x0000000084f00000, 0x0000000084f00000, 0x0000000085000000|  0%| F|  |TAMS 0x0000000084f00000| PB 0x0000000084f00000| Untracked |  0
|  26|0x0000000085000000, 0x0000000085000000, 0x0000000085100000|  0%| F|  |TAMS 0x0000000085000000| PB 0x0000000085000000| Untracked |  0
|  27|0x0000000085100000, 0x0000000085100000, 0x0000000085200000|  0%| F|  |TAMS 0x0000000085100000| PB 0x0000000085100000| Untracked |  0
|  28|0x0000000085200000, 0x0000000085200000, 0x0000000085300000|  0%| F|  |TAMS 0x0000000085200000| PB 0x0000000085200000| Untracked |  0
|  29|0x0000000085300000, 0x0000000085300000, 0x0000000085400000|  0%| F|  |TAMS 0x0000000085300000| PB 0x0000000085300000| Untracked |  0
|  30|0x0000000085400000, 0x0000000085400000, 0x0000000085500000|  0%| F|  |TAMS 0x0000000085400000| PB 0x0000000085400000| Untracked |  0
|  31|0x0000000085500000, 0x0000000085500000, 0x0000000085600000|  0%| F|  |TAMS 0x0000000085500000| PB 0x0000000085500000| Untracked |  0
|  32|0x0000000085600000, 0x0000000085600000, 0x0000000085700000|  0%| F|  |TAMS 0x0000000085600000| PB 0x0000000085600000| Untracked |  0
|  33|0x0000000085700000, 0x0000000085700000, 0x0000000085800000|  0%| F|  |TAMS 0x0000000085700000| PB 0x0000000085700000| Untracked |  0
|  34|0x0000000085800000, 0x0000000085800000, 0x0000000085900000|  0%| F|  |TAMS 0x0000000085800000| PB 0x0000000085800000| Untracked |  0
|  35|0x0000000085900000, 0x0000000085900000, 0x0000000085a00000|  0%| F|  |TAMS 0x0000000085900000| PB 0x0000000085900000| Untracked |  0
|  36|0x0000000085a00000, 0x0000000085a00000, 0x0000000085b00000|  0%| F|  |TAMS 0x0000000085a00000| PB 0x0000000085a00000| Untracked |  0
|  37|0x0000000085b00000, 0x0000000085b00000, 0x0000000085c00000|  0%| F|  |TAMS 0x0000000085b00000| PB 0x0000000085b00000| Untracked |  0
|  38|0x0000000085c00000, 0x0000000085c00000, 0x0000000085d00000|  0%| F|  |TAMS 0x0000000085c00000| PB 0x0000000085c00000| Untracked |  0
|  39|0x0000000085d00000, 0x0000000085d00000, 0x0000000085e00000|  0%| F|  |TAMS 0x0000000085d00000| PB 0x0000000085d00000| Untracked |  0
|  40|0x0000000085e00000, 0x0000000085e00000, 0x0000000085f00000|  0%| F|  |TAMS 0x0000000085e00000| PB 0x0000000085e00000| Untracked |  0
|  41|0x0000000085f00000, 0x0000000085f00000, 0x0000000086000000|  0%| F|  |TAMS 0x0000000085f00000| PB 0x0000000085f00000| Untracked |  0
|  42|0x0000000086000000, 0x0000000086000000, 0x0000000086100000|  0%| F|  |TAMS 0x0000000086000000| PB 0x0000000086000000| Untracked |  0
|  43|0x0000000086100000, 0x0000000086100000, 0x0000000086200000|  0%| F|  |TAMS 0x0000000086100000| PB 0x0000000086100000| Untracked |  0
|  44|0x0000000086200000, 0x0000000086200000, 0x0000000086300000|  0%| F|  |TAMS 0x0000000086200000| PB 0x0000000086200000| Untracked |  0
|  45|0x0000000086300000, 0x0000000086300000, 0x0000000086400000|  0%| F|  |TAMS 0x0000000086300000| PB 0x0000000086300000| Untracked |  0
|  46|0x0000000086400000, 0x0000000086400000, 0x0000000086500000|  0%| F|  |TAMS 0x0000000086400000| PB 0x0000000086400000| Untracked |  0
|  47|0x0000000086500000, 0x0000000086500000, 0x0000000086600000|  0%| F|  |TAMS 0x0000000086500000| PB 0x0000000086500000| Untracked |  0
|  48|0x0000000086600000, 0x0000000086600000, 0x0000000086700000|  0%| F|  |TAMS 0x0000000086600000| PB 0x0000000086600000| Untracked |  0
|  49|0x0000000086700000, 0x0000000086700000, 0x0000000086800000|  0%| F|  |TAMS 0x0000000086700000| PB 0x0000000086700000| Untracked |  0
|  50|0x0000000086800000, 0x0000000086800000, 0x0000000086900000|  0%| F|  |TAMS 0x0000000086800000| PB 0x0000000086800000| Untracked |  0
|  51|0x0000000086900000, 0x0000000086900000, 0x0000000086a00000|  0%| F|  |TAMS 0x0000000086900000| PB 0x0000000086900000| Untracked |  0
|  52|0x0000000086a00000, 0x0000000086a00000, 0x0000000086b00000|  0%| F|  |TAMS 0x0000000086a00000| PB 0x0000000086a00000| Untracked |  0
|  53|0x0000000086b00000, 0x0000000086b00000, 0x0000000086c00000|  0%| F|  |TAMS 0x0000000086b00000| PB 0x0000000086b00000| Untracked |  0
|  54|0x0000000086c00000, 0x0000000086c00000, 0x0000000086d00000|  0%| F|  |TAMS 0x0000000086c00000| PB 0x0000000086c00000| Untracked |  0
|  55|0x0000000086d00000, 0x0000000086d00000, 0x0000000086e00000|  0%| F|  |TAMS 0x0000000086d00000| PB 0x0000000086d00000| Untracked |  0
|  56|0x0000000086e00000, 0x0000000086e00000, 0x0000000086f00000|  0%| F|  |TAMS 0x0000000086e00000| PB 0x0000000086e00000| Untracked |  0
|  57|0x0000000086f00000, 0x0000000086f00000, 0x0000000087000000|  0%| F|  |TAMS 0x0000000086f00000| PB 0x0000000086f00000| Untracked |  0
|  58|0x0000000087000000, 0x0000000087000000, 0x0000000087100000|  0%| F|  |TAMS 0x0000000087000000| PB 0x0000000087000000| Untracked |  0
|  59|0x0000000087100000, 0x0000000087100000, 0x0000000087200000|  0%| F|  |TAMS 0x0000000087100000| PB 0x0000000087100000| Untracked |  0
|  60|0x0000000087200000, 0x0000000087200000, 0x0000000087300000|  0%| F|  |TAMS 0x0000000087200000| PB 0x0000000087200000| Untracked |  0
|  61|0x0000000087300000, 0x0000000087300000, 0x0000000087400000|  0%| F|  |TAMS 0x0000000087300000| PB 0x0000000087300000| Untracked |  0
|  62|0x0000000087400000, 0x0000000087400000, 0x0000000087500000|  0%| F|  |TAMS 0x0000000087400000| PB 0x0000000087400000| Untracked |  0
|  63|0x0000000087500000, 0x0000000087500000, 0x0000000087600000|  0%| F|  |TAMS 0x0000000087500000| PB 0x0000000087500000| Untracked |  0
|  64|0x0000000087600000, 0x0000000087600000, 0x0000000087700000|  0%| F|  |TAMS 0x0000000087600000| PB 0x0000000087600000| Untracked |  0
|  65|0x0000000087700000, 0x0000000087700000, 0x0000000087800000|  0%| F|  |TAMS 0x0000000087700000| PB 0x0000000087700000| Untracked |  0
|  66|0x0000000087800000, 0x0000000087800000, 0x0000000087900000|  0%| F|  |TAMS 0x0000000087800000| PB 0x0000000087800000| Untracked |  0
|  67|0x0000000087900000, 0x0000000087900000, 0x0000000087a00000|  0%| F|  |TAMS 0x0000000087900000| PB 0x0000000087900000| Untracked |  0
|  68|0x0000000087a00000, 0x0000000087a00000, 0x0000000087b00000|  0%| F|  |TAMS 0x0000000087a00000| PB 0x0000000087a00000| Untracked |  0
|  69|0x0000000087b00000, 0x0000000087b00000, 0x0000000087c00000|  0%| F|  |TAMS 0x0000000087b00000| PB 0x0000000087b00000| Untracked |  0
|  70|0x0000000087c00000, 0x0000000087c00000, 0x0000000087d00000|  0%| F|  |TAMS 0x0000000087c00000| PB 0x0000000087c00000| Untracked |  0
|  71|0x0000000087d00000, 0x0000000087d00000, 0x0000000087e00000|  0%| F|  |TAMS 0x0000000087d00000| PB 0x0000000087d00000| Untracked |  0
|  72|0x0000000087e00000, 0x0000000087e00000, 0x0000000087f00000|  0%| F|  |TAMS 0x0000000087e00000| PB 0x0000000087e00000| Untracked |  0
|  73|0x0000000087f00000, 0x0000000087f00000, 0x0000000088000000|  0%| F|  |TAMS 0x0000000087f00000| PB 0x0000000087f00000| Untracked |  0
|  74|0x0000000088000000, 0x0000000088000000, 0x0000000088100000|  0%| F|  |TAMS 0x0000000088000000| PB 0x0000000088000000| Untracked |  0
|  75|0x0000000088100000, 0x0000000088100000, 0x0000000088200000|  0%| F|  |TAMS 0x0000000088100000| PB 0x0000000088100000| Untracked |  0
|  76|0x0000000088200000, 0x0000000088200000, 0x0000000088300000|  0%| F|  |TAMS 0x0000000088200000| PB 0x0000000088200000| Untracked |  0
|  77|0x0000000088300000, 0x0000000088300000, 0x0000000088400000|  0%| F|  |TAMS 0x0000000088300000| PB 0x0000000088300000| Untracked |  0
|  78|0x0000000088400000, 0x0000000088400000, 0x0000000088500000|  0%| F|  |TAMS 0x0000000088400000| PB 0x0000000088400000| Untracked |  0
|  79|0x0000000088500000, 0x0000000088500000, 0x0000000088600000|  0%| F|  |TAMS 0x0000000088500000| PB 0x0000000088500000| Untracked |  0
|  80|0x0000000088600000, 0x0000000088600000, 0x0000000088700000|  0%| F|  |TAMS 0x0000000088600000| PB 0x0000000088600000| Untracked |  0
|  81|0x0000000088700000, 0x0000000088700000, 0x0000000088800000|  0%| F|  |TAMS 0x0000000088700000| PB 0x0000000088700000| Untracked |  0
|  82|0x0000000088800000, 0x0000000088800000, 0x0000000088900000|  0%| F|  |TAMS 0x0000000088800000| PB 0x0000000088800000| Untracked |  0
|  83|0x0000000088900000, 0x0000000088900000, 0x0000000088a00000|  0%| F|  |TAMS 0x0000000088900000| PB 0x0000000088900000| Untracked |  0
|  84|0x0000000088a00000, 0x0000000088a00000, 0x0000000088b00000|  0%| F|  |TAMS 0x0000000088a00000| PB 0x0000000088a00000| Untracked |  0
|  85|0x0000000088b00000, 0x0000000088b00000, 0x0000000088c00000|  0%| F|  |TAMS 0x0000000088b00000| PB 0x0000000088b00000| Untracked |  0
|  86|0x0000000088c00000, 0x0000000088c00000, 0x0000000088d00000|  0%| F|  |TAMS 0x0000000088c00000| PB 0x0000000088c00000| Untracked |  0
|  87|0x0000000088d00000, 0x0000000088d00000, 0x0000000088e00000|  0%| F|  |TAMS 0x0000000088d00000| PB 0x0000000088d00000| Untracked |  0
|  88|0x0000000088e00000, 0x0000000088e00000, 0x0000000088f00000|  0%| F|  |TAMS 0x0000000088e00000| PB 0x0000000088e00000| Untracked |  0
|  89|0x0000000088f00000, 0x0000000088f00000, 0x0000000089000000|  0%| F|  |TAMS 0x0000000088f00000| PB 0x0000000088f00000| Untracked |  0
|  90|0x0000000089000000, 0x0000000089000000, 0x0000000089100000|  0%| F|  |TAMS 0x0000000089000000| PB 0x0000000089000000| Untracked |  0
|  91|0x0000000089100000, 0x0000000089100000, 0x0000000089200000|  0%| F|  |TAMS 0x0000000089100000| PB 0x0000000089100000| Untracked |  0
|  92|0x0000000089200000, 0x0000000089200000, 0x0000000089300000|  0%| F|  |TAMS 0x0000000089200000| PB 0x0000000089200000| Untracked |  0
|  93|0x0000000089300000, 0x0000000089300000, 0x0000000089400000|  0%| F|  |TAMS 0x0000000089300000| PB 0x0000000089300000| Untracked |  0
|  94|0x0000000089400000, 0x0000000089400000, 0x0000000089500000|  0%| F|  |TAMS 0x0000000089400000| PB 0x0000000089400000| Untracked |  0
|  95|0x0000000089500000, 0x0000000089500000, 0x0000000089600000|  0%| F|  |TAMS 0x0000000089500000| PB 0x0000000089500000| Untracked |  0
|  96|0x0000000089600000, 0x0000000089600000, 0x0000000089700000|  0%| F|  |TAMS 0x0000000089600000| PB 0x0000000089600000| Untracked |  0
|  97|0x0000000089700000, 0x0000000089700000, 0x0000000089800000|  0%| F|  |TAMS 0x0000000089700000| PB 0x0000000089700000| Untracked |  0
|  98|0x0000000089800000, 0x0000000089800000, 0x0000000089900000|  0%| F|  |TAMS 0x0000000089800000| PB 0x0000000089800000| Untracked |  0
|  99|0x0000000089900000, 0x0000000089900000, 0x0000000089a00000|  0%| F|  |TAMS 0x0000000089900000| PB 0x0000000089900000| Untracked |  0
| 100|0x0000000089a00000, 0x0000000089a00000, 0x0000000089b00000|  0%| F|  |TAMS 0x0000000089a00000| PB 0x0000000089a00000| Untracked |  0
| 101|0x0000000089b00000, 0x0000000089b00000, 0x0000000089c00000|  0%| F|  |TAMS 0x0000000089b00000| PB 0x0000000089b00000| Untracked |  0
| 102|0x0000000089c00000, 0x0000000089c00000, 0x0000000089d00000|  0%| F|  |TAMS 0x0000000089c00000| PB 0x0000000089c00000| Untracked |  0
| 103|0x0000000089d00000, 0x0000000089d00000, 0x0000000089e00000|  0%| F|  |TAMS 0x0000000089d00000| PB 0x0000000089d00000| Untracked |  0
| 104|0x0000000089e00000, 0x0000000089e00000, 0x0000000089f00000|  0%| F|  |TAMS 0x0000000089e00000| PB 0x0000000089e00000| Untracked |  0
| 105|0x0000000089f00000, 0x0000000089f00000, 0x000000008a000000|  0%| F|  |TAMS 0x0000000089f00000| PB 0x0000000089f00000| Untracked |  0
| 106|0x000000008a000000, 0x000000008a000000, 0x000000008a100000|  0%| F|  |TAMS 0x000000008a000000| PB 0x000000008a000000| Untracked |  0
| 107|0x000000008a100000, 0x000000008a100000, 0x000000008a200000|  0%| F|  |TAMS 0x000000008a100000| PB 0x000000008a100000| Untracked |  0
| 108|0x000000008a200000, 0x000000008a200000, 0x000000008a300000|  0%| F|  |TAMS 0x000000008a200000| PB 0x000000008a200000| Untracked |  0
| 109|0x000000008a300000, 0x000000008a300000, 0x000000008a400000|  0%| F|  |TAMS 0x000000008a300000| PB 0x000000008a300000| Untracked |  0
| 110|0x000000008a400000, 0x000000008a400000, 0x000000008a500000|  0%| F|  |TAMS 0x000000008a400000| PB 0x000000008a400000| Untracked |  0
| 111|0x000000008a500000, 0x000000008a500000, 0x000000008a600000|  0%| F|  |TAMS 0x000000008a500000| PB 0x000000008a500000| Untracked |  0
| 112|0x000000008a600000, 0x000000008a600000, 0x000000008a700000|  0%| F|  |TAMS 0x000000008a600000| PB 0x000000008a600000| Untracked |  0
| 113|0x000000008a700000, 0x000000008a700000, 0x000000008a800000|  0%| F|  |TAMS 0x000000008a700000| PB 0x000000008a700000| Untracked |  0
| 114|0x000000008a800000, 0x000000008a800000, 0x000000008a900000|  0%| F|  |TAMS 0x000000008a800000| PB 0x000000008a800000| Untracked |  0
| 115|0x000000008a900000, 0x000000008a900000, 0x000000008aa00000|  0%| F|  |TAMS 0x000000008a900000| PB 0x000000008a900000| Untracked |  0
| 116|0x000000008aa00000, 0x000000008aa00000, 0x000000008ab00000|  0%| F|  |TAMS 0x000000008aa00000| PB 0x000000008aa00000| Untracked |  0
| 117|0x000000008ab00000, 0x000000008ab00000, 0x000000008ac00000|  0%| F|  |TAMS 0x000000008ab00000| PB 0x000000008ab00000| Untracked |  0
| 118|0x000000008ac00000, 0x000000008ac00000, 0x000000008ad00000|  0%| F|  |TAMS 0x000000008ac00000| PB 0x000000008ac00000| Untracked |  0
| 119|0x000000008ad00000, 0x000000008adf5c58, 0x000000008ae00000| 96%| E|  |TAMS 0x000000008ad00000| PB 0x000000008ad00000| Complete |  0
| 120|0x000000008ae00000, 0x000000008af00000, 0x000000008af00000|100%| E|CS|TAMS 0x000000008ae00000| PB 0x000000008ae00000| Complete |  0
| 121|0x000000008af00000, 0x000000008b000000, 0x000000008b000000|100%| E|CS|TAMS 0x000000008af00000| PB 0x000000008af00000| Complete |  0
| 122|0x000000008b000000, 0x000000008b100000, 0x000000008b100000|100%| E|CS|TAMS 0x000000008b000000| PB 0x000000008b000000| Complete |  0
| 123|0x000000008b100000, 0x000000008b200000, 0x000000008b200000|100%| E|CS|TAMS 0x000000008b100000| PB 0x000000008b100000| Complete |  0
| 124|0x000000008b200000, 0x000000008b300000, 0x000000008b300000|100%| E|CS|TAMS 0x000000008b200000| PB 0x000000008b200000| Complete |  0
| 125|0x000000008b300000, 0x000000008b400000, 0x000000008b400000|100%| E|CS|TAMS 0x000000008b300000| PB 0x000000008b300000| Complete |  0

Card table byte_map: [0x0000024e6dbb0000,0x0000024e6dfa0000] _byte_map_base: 0x0000024e6d795000

Marking Bits: (CMBitMap*) 0x0000024e55ddd450
 Bits: [0x0000024e6dfa0000, 0x0000024e6fec8000)

Polling page: 0x0000024e53c10000

Metaspace:

Usage:
  Non-class:     12.02 MB used.
      Class:      1.38 MB used.
       Both:     13.40 MB used.

Virtual space:
  Non-class space:       64.00 MB reserved,      12.06 MB ( 19%) committed,  1 nodes.
      Class space:        1.00 GB reserved,       1.44 MB ( <1%) committed,  1 nodes.
             Both:        1.06 GB reserved,      13.50 MB (  1%) committed. 

Chunk freelists:
   Non-Class:  3.00 MB
       Class:  14.59 MB
        Both:  17.59 MB

MaxMetaspaceSize: unlimited
CompressedClassSpaceSize: 1.00 GB
Initial GC threshold: 21.00 MB
Current GC threshold: 21.00 MB
CDS: off
 - commit_granule_bytes: 65536.
 - commit_granule_words: 8192.
 - virtual_space_node_default_size: 8388608.
 - enlarge_chunks_in_place: 1.
 - use_allocation_guard: 0.


Internal statistics:

num_allocs_failed_limit: 0.
num_arena_births: 116.
num_arena_deaths: 0.
num_vsnodes_births: 2.
num_vsnodes_deaths: 0.
num_space_committed: 216.
num_space_uncommitted: 0.
num_chunks_returned_to_freelist: 0.
num_chunks_taken_from_freelist: 192.
num_chunk_merges: 0.
num_chunk_splits: 99.
num_chunks_enlarged: 34.
num_inconsistent_stats: 0.

CodeHeap 'non-profiled nmethods': size=120064Kb used=200Kb max_used=200Kb free=119863Kb
 bounds [0x0000024e65f50000, 0x0000024e661c0000, 0x0000024e6d490000]
CodeHeap 'profiled nmethods': size=120000Kb used=785Kb max_used=785Kb free=119214Kb
 bounds [0x0000024e5e490000, 0x0000024e5e700000, 0x0000024e659c0000]
CodeHeap 'non-nmethods': size=5696Kb used=1556Kb max_used=1569Kb free=4139Kb
 bounds [0x0000024e659c0000, 0x0000024e65c30000, 0x0000024e65f50000]
CodeCache: size=245760Kb, used=2541Kb, max_used=2554Kb, free=243216Kb
 total_blobs=1234, nmethods=700, adapters=440, full_count=0
Compilation: enabled, stopped_count=0, restarted_count=0

Compilation events (20 events):
Event: 15.992 Thread 0x0000024e040ad350 nmethod 674 0x0000024e5e54fb08 code [0x0000024e5e54fc40, 0x0000024e5e54ff58]
Event: 15.992 Thread 0x0000024e040ad350  677       3       java.util.Objects::checkFromIndexSize (8 bytes)
Event: 15.992 Thread 0x0000024e040ad350 nmethod 677 0x0000024e5e550008 code [0x0000024e5e550140, 0x0000024e5e550340]
Event: 15.992 Thread 0x0000024e040ad350  676       3       java.util.concurrent.locks.ReentrantLock::unlock (10 bytes)
Event: 15.992 Thread 0x0000024e040ad350 nmethod 676 0x0000024e5e550388 code [0x0000024e5e5504c0, 0x0000024e5e550788]
Event: 15.992 Thread 0x0000024e040ad350  678       3       jdk.internal.misc.InternalLock::lock (8 bytes)
Event: 15.992 Thread 0x0000024e040ad350 nmethod 678 0x0000024e5e550808 code [0x0000024e5e550960, 0x0000024e5e550cd8]
Event: 15.992 Thread 0x0000024e040ad350  679       3       jdk.internal.misc.InternalLock::unlock (8 bytes)
Event: 15.992 Thread 0x0000024e040ad350 nmethod 679 0x0000024e5e550d08 code [0x0000024e5e550e60, 0x0000024e5e551208]
Event: 15.992 Thread 0x0000024e040ad350  681   !   3       java.io.BufferedInputStream::read (69 bytes)
Event: 15.993 Thread 0x0000024e040ad350 nmethod 681 0x0000024e5e551288 code [0x0000024e5e551480, 0x0000024e5e552108]
Event: 15.993 Thread 0x0000024e040ad350  683       3       java.io.BufferedInputStream::ensureOpen (18 bytes)
Event: 15.993 Thread 0x0000024e040ad350 nmethod 683 0x0000024e5e552188 code [0x0000024e5e5522c0, 0x0000024e5e5524c0]
Event: 15.993 Thread 0x0000024e040ad350  691       3       java.lang.invoke.VarHandleByteArrayAsShorts$ArrayHandle::index (12 bytes)
Event: 15.993 Thread 0x0000024e040ad350 nmethod 691 0x0000024e5e552508 code [0x0000024e5e552620, 0x0000024e5e552768]
Event: 15.993 Thread 0x0000024e040ad350  692       3       jdk.internal.misc.Unsafe::getShortUnaligned (12 bytes)
Event: 15.994 Thread 0x0000024e040ad350 nmethod 692 0x0000024e5e552808 code [0x0000024e5e552920, 0x0000024e5e552b50]
Event: 15.994 Thread 0x0000024e040ad350  693       3       jdk.internal.misc.Unsafe::getShortUnaligned (33 bytes)
Event: 15.994 Thread 0x0000024e040ad350 nmethod 693 0x0000024e5e552b88 code [0x0000024e5e552ce0, 0x0000024e5e553080]
Event: 15.994 Thread 0x0000024e040ad350  701       3       sun.invoke.util.VerifyAccess::isMemberAccessible (338 bytes)

GC Heap History (0 events):
No events

Dll operation events (8 events):
Event: 0.009 Loaded shared library C:\Program Files\Java\jdk-23\bin\java.dll
Event: 1.166 Loaded shared library C:\Program Files\Java\jdk-23\bin\jsvml.dll
Event: 1.290 Loaded shared library C:\Program Files\Java\jdk-23\bin\net.dll
Event: 1.292 Loaded shared library C:\Program Files\Java\jdk-23\bin\nio.dll
Event: 4.403 Loaded shared library C:\Program Files\Java\jdk-23\bin\zip.dll
Event: 5.484 Loaded shared library C:\Program Files\Java\jdk-23\bin\jimage.dll
Event: 5.530 Loaded shared library C:\Program Files\Java\jdk-23\bin\awt.dll
Event: 14.923 Loaded shared library C:\Program Files\Java\jdk-23\bin\verify.dll

Deoptimization events (8 events):
Event: 4.377 Thread 0x0000024e55d89810 Uncommon trap: trap_request=0xffffff45 fr.pc=0x0000024e65f5b2d0 relative=0x00000000000000b0
Event: 4.377 Thread 0x0000024e55d89810 Uncommon trap: reason=unstable_if action=reinterpret pc=0x0000024e65f5b2d0 method=java.lang.String.isLatin1()Z @ 10 c2
Event: 4.377 Thread 0x0000024e55d89810 DEOPT PACKING pc=0x0000024e65f5b2d0 sp=0x00000061728ff460
Event: 4.377 Thread 0x0000024e55d89810 DEOPT UNPACKING pc=0x0000024e65a17982 sp=0x00000061728ff3a0 mode 2
Event: 10.719 Thread 0x0000024e047c4450 Uncommon trap: trap_request=0xffffff45 fr.pc=0x0000024e65f62954 relative=0x0000000000000a14
Event: 10.719 Thread 0x0000024e047c4450 Uncommon trap: reason=unstable_if action=reinterpret pc=0x0000024e65f62954 method=java.util.HashMap.putVal(ILjava/lang/Object;Ljava/lang/Object;ZZ)Ljava/lang/Object; @ 236 c2
Event: 10.719 Thread 0x0000024e047c4450 DEOPT PACKING pc=0x0000024e65f62954 sp=0x0000006173bff440
Event: 10.734 Thread 0x0000024e047c4450 DEOPT UNPACKING pc=0x0000024e65a17982 sp=0x0000006173bff3f8 mode 2

Classes loaded (20 events):
Event: 15.981 Loading class java/lang/invoke/VarHandleByteArrayAsFloats$ArrayHandle done
Event: 15.981 Loading class java/lang/invoke/VarHandleByteArrayAsLongs$ArrayHandle
Event: 15.981 Loading class java/lang/invoke/VarHandleByteArrayAsLongs$ByteArrayViewVarHandle
Event: 15.981 Loading class java/lang/invoke/VarHandleByteArrayAsLongs$ByteArrayViewVarHandle done
Event: 15.981 Loading class java/lang/invoke/VarHandleByteArrayAsLongs$ArrayHandle done
Event: 15.981 Loading class java/lang/invoke/VarHandleByteArrayAsDoubles$ArrayHandle
Event: 15.981 Loading class java/lang/invoke/VarHandleByteArrayAsDoubles$ByteArrayViewVarHandle
Event: 15.981 Loading class java/lang/invoke/VarHandleByteArrayAsDoubles$ByteArrayViewVarHandle done
Event: 15.981 Loading class java/lang/invoke/VarHandleByteArrayAsDoubles$ArrayHandle done
Event: 15.981 Loading class java/lang/invoke/VarHandle$AccessDescriptor
Event: 15.981 Loading class java/lang/invoke/VarHandle$AccessDescriptor done
Event: 15.991 Loading class sun/util/calendar/ZoneInfoFile$ZoneOffsetTransitionRule
Event: 15.992 Loading class sun/util/calendar/ZoneInfoFile$ZoneOffsetTransitionRule done
Event: 15.992 Loading class sun/util/calendar/ZoneInfoFile$Checksum
Event: 15.992 Loading class sun/util/calendar/ZoneInfoFile$Checksum done
Event: 15.992 Loading class sun/util/spi/CalendarProvider
Event: 15.992 Loading class sun/util/spi/CalendarProvider done
Event: 15.993 Loading class sun/util/locale/provider/CalendarProviderImpl
Event: 15.993 Loading class sun/util/locale/provider/CalendarProviderImpl done
Event: 15.994 Loading class java/util/Calendar$Builder

Classes unloaded (0 events):
No events

Classes redefined (0 events):
No events

Internal exceptions (11 events):
Event: 1.294 Thread 0x0000024e55d89810 Exception <a 'sun/nio/fs/WindowsException'{0x000000008b260590}> (0x000000008b260590) 
thrown [s\open\src\hotspot\share\prims\jni.cpp, line 520]
Event: 1.295 Thread 0x0000024e55d89810 Exception <a 'sun/nio/fs/WindowsException'{0x000000008b2626a8}> (0x000000008b2626a8) 
thrown [s\open\src\hotspot\share\prims\jni.cpp, line 520]
Event: 1.295 Thread 0x0000024e55d89810 Exception <a 'sun/nio/fs/WindowsException'{0x000000008b262fe0}> (0x000000008b262fe0) 
thrown [s\open\src\hotspot\share\prims\jni.cpp, line 520]
Event: 5.505 Thread 0x0000024e55d89810 Exception <a 'java/lang/ClassNotFoundException'{0x000000008b1bb158}: sun/awt/resources/spi/awtProvider> (0x000000008b1bb158) 
thrown [s\open\src\hotspot\share\classfile\systemDictionary.cpp, line 313]
Event: 5.549 Thread 0x0000024e55d89810 Exception <a 'java/io/FileNotFoundException'{0x000000008b010c98}> (0x000000008b010c98) 
thrown [s\open\src\hotspot\share\prims\jni.cpp, line 520]
Event: 7.572 Thread 0x0000024e55d89810 Exception <a 'java/io/FileNotFoundException'{0x000000008b03efe8}> (0x000000008b03efe8) 
thrown [s\open\src\hotspot\share\prims\jni.cpp, line 520]
Event: 10.771 Thread 0x0000024e55d89810 Exception <a 'java/lang/NoSuchMethodError'{0x000000008b0ddf40}: 'void java.lang.invoke.DirectMethodHandle$Holder.invokeSpecial(java.lang.Object, java.lang.Object, java.lang.Object)'> (0x000000008b0ddf40) 
thrown [s\open\src\hotspot\share\interpreter\linkResolver.cpp, line 796]
Event: 11.803 Thread 0x0000024e55d89810 Exception <a 'java/lang/NoSuchMethodError'{0x000000008ae2d9a8}: 'java.lang.Object java.lang.invoke.DirectMethodHandle$Holder.invokeStatic(java.lang.Object, int, java.lang.Object)'> (0x000000008ae2d9a8) 
thrown [s\open\src\hotspot\share\interpreter\linkResolver.cpp, line 796]
Event: 12.843 Thread 0x0000024e55d89810 Exception <a 'java/lang/ClassNotFoundException'{0x000000008aed4750}: com/sun/swing/internal/plaf/metal/resources/spi/metalProvider> (0x000000008aed4750) 
thrown [s\open\src\hotspot\share\classfile\systemDictionary.cpp, line 313]
Event: 12.845 Thread 0x0000024e55d89810 Exception <a 'java/lang/ClassNotFoundException'{0x000000008aed8760}: com/sun/swing/internal/plaf/basic/resources/spi/basicProvider> (0x000000008aed8760) 
thrown [s\open\src\hotspot\share\classfile\systemDictionary.cpp, line 313]
Event: 14.881 Thread 0x0000024e55d89810 Exception <a 'java/lang/NoSuchMethodError'{0x000000008aef8348}: 'int java.lang.invoke.Invokers$Holder.invokeExact_MT(java.lang.Object, java.lang.Object)'> (0x000000008aef8348) 
thrown [s\open\src\hotspot\share\interpreter\linkResolver.cpp, line 796]

VM Operations (6 events):
Event: 2.312 Executing VM operation: HandshakeAllThreads (Deoptimize)
Event: 2.312 Executing VM operation: HandshakeAllThreads (Deoptimize) done
Event: 7.602 Executing VM operation: HandshakeAllThreads (Deoptimize)
Event: 7.602 Executing VM operation: HandshakeAllThreads (Deoptimize) done
Event: 14.912 Executing VM operation: HandshakeAllThreads (Deoptimize)
Event: 14.912 Executing VM operation: HandshakeAllThreads (Deoptimize) done

Memory protections (0 events):
No events

Nmethod flushes (0 events):
No events

Events (17 events):
Event: 1.064 Thread 0x0000024e55d89810 Thread added: 0x0000024e55d89810
Event: 1.162 Thread 0x0000024e55d89810 Thread added: 0x0000024e040a2ed0
Event: 1.162 Thread 0x0000024e55d89810 Thread added: 0x0000024e040a3540
Event: 1.164 Thread 0x0000024e55d89810 Thread added: 0x0000024e04098920
Event: 1.164 Thread 0x0000024e55d89810 Thread added: 0x0000024e04099470
Event: 1.164 Thread 0x0000024e55d89810 Thread added: 0x0000024e040a6f10
Event: 1.164 Thread 0x0000024e55d89810 Thread added: 0x0000024e040bdfa0
Event: 1.164 Thread 0x0000024e55d89810 Thread added: 0x0000024e040ab1a0
Event: 1.164 Thread 0x0000024e55d89810 Thread added: 0x0000024e040ad350
Event: 1.259 Thread 0x0000024e55d89810 Thread added: 0x0000024e728f5df0
Event: 2.335 Thread 0x0000024e040ad350 Thread added: 0x0000024e045906f0
Event: 2.348 Thread 0x0000024e55d89810 Thread added: 0x0000024e045b0c40
Event: 4.378 Thread 0x0000024e045906f0 Thread exited: 0x0000024e045906f0
Event: 9.700 Thread 0x0000024e55d89810 Thread added: 0x0000024e04d78b90
Event: 9.702 Thread 0x0000024e55d89810 Thread added: 0x0000024e047c4450
Event: 9.704 Thread 0x0000024e55d89810 Thread added: 0x0000024e0463a590
Event: 10.735 Thread 0x0000024e047c4450 Thread exited: 0x0000024e047c4450


Dynamic libraries:
0x00007ff65a2b0000 - 0x00007ff65a2c0000 	C:\Program Files\Java\jdk-23\bin\java.exe
0x00007fff64560000 - 0x00007fff647c3000 	C:\WINDOWS\SYSTEM32\ntdll.dll
0x00007fff62f30000 - 0x00007fff62ff8000 	C:\WINDOWS\System32\KERNEL32.DLL
0x00007fff619f0000 - 0x00007fff61da2000 	C:\WINDOWS\System32\KERNELBASE.dll
0x000000006e600000 - 0x000000006e932000 	C:\Program Files\Norton Security\NortonData\22.23.5.106\Definitions\IPSDefs\20231013.001\IPSEng64.dll
0x00007fff62e70000 - 0x00007fff62f24000 	C:\WINDOWS\System32\ADVAPI32.dll
0x00007fff63ed0000 - 0x00007fff63f79000 	C:\WINDOWS\System32\msvcrt.dll
0x00007fff63e20000 - 0x00007fff63ec6000 	C:\WINDOWS\System32\sechost.dll
0x00007fff639f0000 - 0x00007fff63b06000 	C:\WINDOWS\System32\RPCRT4.dll
0x00007fff62830000 - 0x00007fff62838000 	C:\WINDOWS\System32\PSAPI.DLL
0x00007fff62010000 - 0x00007fff6215b000 	C:\WINDOWS\System32\ucrtbase.dll
0x00007fff451d0000 - 0x00007fff451e7000 	C:\Program Files\Java\jdk-23\bin\jli.dll
0x00007fff451b0000 - 0x00007fff451cb000 	C:\Program Files\Java\jdk-23\bin\VCRUNTIME140.dll
0x00007fff637a0000 - 0x00007fff63968000 	C:\WINDOWS\System32\USER32.dll
0x00007fff61db0000 - 0x00007fff61dd7000 	C:\WINDOWS\System32\win32u.dll
0x00007fff4b440000 - 0x00007fff4b6d0000 	C:\WINDOWS\WinSxS\amd64_microsoft.windows.common-controls_6595b64144ccf1df_6.0.26100.2454_none_3e0b68a2e331ad60\COMCTL32.dll
0x00007fff63770000 - 0x00007fff6379a000 	C:\WINDOWS\System32\GDI32.dll
0x00007fff62160000 - 0x00007fff6228b000 	C:\WINDOWS\System32\gdi32full.dll
0x00007fff61de0000 - 0x00007fff61e83000 	C:\WINDOWS\System32\msvcp_win.dll
0x00007fff629a0000 - 0x00007fff629cf000 	C:\WINDOWS\System32\IMM32.DLL
0x00007fff57dd0000 - 0x00007fff57ddc000 	C:\Program Files\Java\jdk-23\bin\vcruntime140_1.dll
0x00007fff3d6c0000 - 0x00007fff3d74e000 	C:\Program Files\Java\jdk-23\bin\msvcp140.dll
0x00007ffea2f10000 - 0x00007ffea3c5f000 	C:\Program Files\Java\jdk-23\bin\server\jvm.dll
0x00007fff63970000 - 0x00007fff639e4000 	C:\WINDOWS\System32\WS2_32.dll
0x00007fff61030000 - 0x00007fff6107e000 	C:\WINDOWS\SYSTEM32\POWRPROF.dll
0x00007fff567e0000 - 0x00007fff567eb000 	C:\WINDOWS\SYSTEM32\VERSION.dll
0x00007fff4d290000 - 0x00007fff4d2c6000 	C:\WINDOWS\SYSTEM32\WINMM.dll
0x00007fff60fa0000 - 0x00007fff60fb4000 	C:\WINDOWS\SYSTEM32\UMPDC.dll
0x00007fff60770000 - 0x00007fff6078a000 	C:\WINDOWS\SYSTEM32\kernel.appcore.dll
0x00007fff451a0000 - 0x00007fff451aa000 	C:\Program Files\Java\jdk-23\bin\jimage.dll
0x00007fff5f160000 - 0x00007fff5f3a1000 	C:\WINDOWS\SYSTEM32\DBGHELP.DLL
0x00007fff623c0000 - 0x00007fff6273e000 	C:\WINDOWS\System32\combase.dll
0x00007fff63d40000 - 0x00007fff63e16000 	C:\WINDOWS\System32\OLEAUT32.dll
0x00007fff4ab80000 - 0x00007fff4abb9000 	C:\WINDOWS\SYSTEM32\dbgcore.DLL
0x00007fff62320000 - 0x00007fff623b9000 	C:\WINDOWS\System32\bcryptPrimitives.dll
0x00007fff424c0000 - 0x00007fff424de000 	C:\Program Files\Java\jdk-23\bin\java.dll
0x00007fff62cd0000 - 0x00007fff62e69000 	C:\WINDOWS\System32\ole32.dll
0x00007fff63000000 - 0x00007fff63700000 	C:\WINDOWS\System32\SHELL32.dll
0x00007fff5f610000 - 0x00007fff5fe41000 	C:\WINDOWS\SYSTEM32\windows.storage.dll
0x00007fff62750000 - 0x00007fff6282a000 	C:\WINDOWS\System32\SHCORE.dll
0x00007fff63b10000 - 0x00007fff63b6d000 	C:\WINDOWS\System32\shlwapi.dll
0x00007fff61840000 - 0x00007fff6186e000 	C:\WINDOWS\SYSTEM32\profapi.dll
0x00007fff3d5e0000 - 0x00007fff3d6b7000 	C:\Program Files\Java\jdk-23\bin\jsvml.dll
0x00007fff42420000 - 0x00007fff42430000 	C:\Program Files\Java\jdk-23\bin\net.dll
0x00007fff60cd0000 - 0x00007fff60d38000 	C:\WINDOWS\system32\mswsock.dll
0x00007fff42400000 - 0x00007fff42416000 	C:\Program Files\Java\jdk-23\bin\nio.dll
0x00007fff424a0000 - 0x00007fff424b7000 	C:\Program Files\Java\jdk-23\bin\zip.dll
0x00007fff303f0000 - 0x00007fff3057e000 	C:\Program Files\Java\jdk-23\bin\awt.dll
0x00007fff59a80000 - 0x00007fff59b1c000 	C:\WINDOWS\SYSTEM32\apphelp.dll
0x00007fff5e930000 - 0x00007fff5e95e000 	C:\WINDOWS\system32\DWMAPI.DLL
0x00007fff5e620000 - 0x00007fff5e6cd000 	C:\WINDOWS\system32\uxtheme.dll
0x00007fff34960000 - 0x00007fff34a6c000 	C:\WINDOWS\system32\opengl32.dll
0x00007fff35020000 - 0x00007fff3504d000 	C:\WINDOWS\SYSTEM32\GLU32.dll
0x00007fff5e790000 - 0x00007fff5e7d7000 	C:\WINDOWS\SYSTEM32\dxcore.dll
0x00007fff62840000 - 0x00007fff6299c000 	C:\WINDOWS\System32\MSCTF.dll
0x00007fff423f0000 - 0x00007fff42400000 	C:\Program Files\Java\jdk-23\bin\verify.dll

dbghelp: loaded successfully - version: 4.0.5 - missing functions: none
symbol engine: initialized successfully - sym options: 0x614 - pdb path: .;C:\Program Files\Java\jdk-23\bin;C:\WINDOWS\SYSTEM32;C:\Program Files\Norton Security\NortonData\22.23.5.106\Definitions\IPSDefs\20231013.001;C:\WINDOWS\WinSxS\amd64_microsoft.windows.common-controls_6595b64144ccf1df_6.0.26100.2454_none_3e0b68a2e331ad60;C:\Program Files\Java\jdk-23\bin\server

VM Arguments:
jvm_args: -Dfile.encoding=UTF-8 --module-path=D:\Bank Management System\build\classes 
java_command: bank.management.system.Signup1
java_class_path (initial): C:\Users\ACER\Downloads\jcalendar.jar;C:\Users\ACER\Downloads\mysql-connector-java-8.0.28.jar;D:\Bank Management System\build\classes
Launcher Type: SUN_STANDARD

[Global flags]
     intx CICompilerCount                          = 4                                         {product} {ergonomic}
     uint ConcGCThreads                            = 2                                         {product} {ergonomic}
     uint G1ConcRefinementThreads                  = 8                                         {product} {ergonomic}
   size_t G1HeapRegionSize                         = 1048576                                   {product} {ergonomic}
   size_t InitialHeapSize                          = 132120576                                 {product} {ergonomic}
   size_t MarkStackSize                            = 4194304                                   {product} {ergonomic}
   size_t MarkStackSizeMax                         = 536870912                                 {product} {ergonomic}
   size_t MaxHeapSize                              = 2090860544                                {product} {ergonomic}
   size_t MaxNewSize                               = 1254096896                                {product} {ergonomic}
   size_t MinHeapDeltaBytes                        = 1048576                                   {product} {ergonomic}
   size_t MinHeapSize                              = 8388608                                   {product} {ergonomic}
    uintx NonNMethodCodeHeapSize                   = 5832704                                {pd product} {ergonomic}
    uintx NonProfiledCodeHeapSize                  = 122945536                              {pd product} {ergonomic}
    uintx ProfiledCodeHeapSize                     = 122880000                              {pd product} {ergonomic}
    uintx ReservedCodeCacheSize                    = 251658240                              {pd product} {ergonomic}
     bool SegmentedCodeCache                       = true                                      {product} {ergonomic}
   size_t SoftMaxHeapSize                          = 2090860544                             {manageable} {ergonomic}
     bool UseCompressedOops                        = true                           {product lp64_product} {ergonomic}
     bool UseG1GC                                  = true                                      {product} {ergonomic}
     bool UseLargePagesIndividualAllocation        = false                                  {pd product} {ergonomic}

Logging:
Log output configuration:
 #0: stdout all=warning uptime,level,tags foldmultilines=false
 #1: stderr all=off uptime,level,tags foldmultilines=false

Environment Variables:
JAVA_HOME=C:\Program Files\Java\jdk-21
PATH=C:\Program Files\Common Files\Oracle\Java\javapath;C:\Python312\Scripts\;C:\Python312\;C:\oraclexe\app\oracle\product\11.2.0\server\bin;C:\WINDOWS\system32;C:\WINDOWS;C:\WINDOWS\System32\Wbem;C:\WINDOWS\System32\WindowsPowerShell\v1.0\;C:\WINDOWS\System32\OpenSSH\;C:\MinGW\bin;C:\Program Files\Java\jdk-21\bin;C:\Program Files\nodejs\;C:\ProgramData\chocolatey\bin;C:\Program Files\Git\cmd;C:\Program Files\MySQL\MySQL Server 8.0\bin;C:\Program Files\dotnet\;C:\Program Files (x86)\Windows Kits\10\Windows Performance Toolkit\;C:\Program Files\MySQL\MySQL Shell 8.0\bin\;C:\Users\ACER\AppData\Local\Microsoft\WindowsApps;C:\Program Files\JetBrains\IntelliJ IDEA Community Edition 2023.3.2\bin;;C:\Program Files\Java\jdk-21\bin;C:\Users\ACER\AppData\Roaming\npm;C:\Program Files\nodejs\;C:\Program Files\Java\jdk-23\bin;C:\Users\ACER\AppData\Local\Programs\Microsoft VS Code\bin;
USERNAME=ACER
OS=Windows_NT
PROCESSOR_IDENTIFIER=Intel64 Family 6 Model 140 Stepping 1, GenuineIntel
TMP=C:\Users\ACER\AppData\Local\Temp
TEMP=C:\Users\ACER\AppData\Local\Temp




Periodic native trim disabled

---------------  S Y S T E M  ---------------

OS:
 Windows 11 , 64 bit Build 26100 (10.0.26100.2454)
OS uptime: 2 days 2:45 hours
Hyper-V role detected

CPU: total 8 (initial active 8) (4 cores per cpu, 2 threads per core) family 6 model 140 stepping 1 microcode 0x8a, cx8, cmov, fxsr, ht, mmx, 3dnowpref, sse, sse2, sse3, ssse3, sse4.1, sse4.2, popcnt, lzcnt, tsc, tscinvbit, avx, avx2, aes, erms, clmul, bmi1, bmi2, adx, avx512f, avx512dq, avx512cd, avx512bw, avx512vl, sha, fma, vzeroupper, avx512_vpopcntdq, avx512_vpclmulqdq, avx512_vaes, avx512_vnni, clflush, clflushopt, clwb, avx512_vbmi2, avx512_vbmi, hv, rdtscp, rdpid, fsrm, gfni, avx512_bitalg, f16c, cet_ibt, cet_ss, avx512_ifma
Processor Information for processor 0
  Max Mhz: 2419, Current Mhz: 2419, Mhz Limit: 2419
Processor Information for processor 1
  Max Mhz: 2419, Current Mhz: 2419, Mhz Limit: 2419
Processor Information for processor 2
  Max Mhz: 2419, Current Mhz: 1007, Mhz Limit: 2419
Processor Information for processor 3
  Max Mhz: 2419, Current Mhz: 1007, Mhz Limit: 2419
Processor Information for processor 4
  Max Mhz: 2419, Current Mhz: 1007, Mhz Limit: 2419
Processor Information for processor 5
  Max Mhz: 2419, Current Mhz: 2419, Mhz Limit: 2419
Processor Information for processor 6
  Max Mhz: 2419, Current Mhz: 1007, Mhz Limit: 2419
Processor Information for processor 7
  Max Mhz: 2419, Current Mhz: 1007, Mhz Limit: 2419

Memory: 4k page, system-wide physical 7971M (488M free)
TotalPageFile size 32547M (AvailPageFile size 28M)
current process WorkingSet (physical memory assigned to process): 55M, peak: 55M
current process commit charge ("private bytes"): 215M, peak: 215M

vm_info: Java HotSpot(TM) 64-Bit Server VM (23.0.1+11-39) for windows-amd64 JRE (23.0.1+11-39), built on 2024-09-30T07:20:43Z with MS VC++ 17.6 (VS2022)

END.
